2021-11-09 20:23:17 debug: {
  _id: new ObjectId("618121a14cf633877ef63a6d"),
  displayName: 'lemon',
  totalRating: 10,
  price: 100,
  categories: [
    {
      _id: new ObjectId("6181206ec6312f465e1c1ddb"),
      displayName: 'fruit',
      createdAt: 2021-11-02T11:26:38.176Z,
      updatedAt: 2021-11-07T18:14:34.294Z,
      __v: 0
    },
    {
      _id: new ObjectId("618120e51134a9cfae9b1e73"),
      displayName: 'food',
      createdAt: 2021-11-02T11:28:37.496Z,
      updatedAt: 2021-11-02T11:28:37.496Z,
      __v: 0
    }
  ],
  createdAt: 2021-11-02T11:31:45.297Z,
  updatedAt: 2021-11-02T11:31:45.297Z,
  __v: 0
},{
  _id: new ObjectId("618840663424b70be63a860f"),
  displayName: 'carrot',
  totalRating: 8.8,
  price: 10.1,
  categories: [
    {
      _id: new ObjectId("618120e51134a9cfae9b1e73"),
      displayName: 'food',
      createdAt: 2021-11-02T11:28:37.496Z,
      updatedAt: 2021-11-02T11:28:37.496Z,
      __v: 0
    },
    {
      _id: new ObjectId("618815827c857f6f3169e09e"),
      displayName: 'vegetables',
      createdAt: 2021-11-07T18:05:54.777Z,
      updatedAt: 2021-11-07T18:05:54.777Z,
      __v: 0
    }
  ],
  createdAt: 2021-11-07T21:08:54.902Z,
  updatedAt: 2021-11-07T21:12:59.479Z,
  __v: 0
}
2021-11-09 20:44:28 info: Server is running on http://localhost:3000
2021-11-10 09:31:47 info: Server is running on http://localhost:3000
2021-11-10 09:32:59 debug: {
  _id: new ObjectId("618121a14cf633877ef63a6d"),
  displayName: 'lemon',
  totalRating: 10,
  price: 100,
  categories: [
    {
      _id: new ObjectId("6181206ec6312f465e1c1ddb"),
      displayName: 'fruit',
      createdAt: 2021-11-02T11:26:38.176Z,
      updatedAt: 2021-11-07T18:14:34.294Z,
      __v: 0
    },
    {
      _id: new ObjectId("618120e51134a9cfae9b1e73"),
      displayName: 'food',
      createdAt: 2021-11-02T11:28:37.496Z,
      updatedAt: 2021-11-02T11:28:37.496Z,
      __v: 0
    }
  ],
  createdAt: 2021-11-02T11:31:45.297Z,
  updatedAt: 2021-11-02T11:31:45.297Z,
  __v: 0
},{
  _id: new ObjectId("618840663424b70be63a860f"),
  displayName: 'carrot',
  totalRating: 8.8,
  price: 10.1,
  categories: [
    {
      _id: new ObjectId("618120e51134a9cfae9b1e73"),
      displayName: 'food',
      createdAt: 2021-11-02T11:28:37.496Z,
      updatedAt: 2021-11-02T11:28:37.496Z,
      __v: 0
    },
    {
      _id: new ObjectId("618815827c857f6f3169e09e"),
      displayName: 'vegetables',
      createdAt: 2021-11-07T18:05:54.777Z,
      updatedAt: 2021-11-07T18:05:54.777Z,
      __v: 0
    }
  ],
  createdAt: 2021-11-07T21:08:54.902Z,
  updatedAt: 2021-11-07T21:12:59.479Z,
  __v: 0
}
2021-11-10 09:39:25 info: Server is running on http://localhost:3000
2021-11-10 09:40:05 info: Server is running on http://localhost:3000
2021-11-10 09:40:21 info: Server is running on http://localhost:3000
2021-11-10 09:41:27 info: Server is running on http://localhost:3000
2021-11-10 09:41:29 debug: function Query(conditions, options, model, collection) {
  // this stuff is for dealing with custom queries created by #toConstructor
  if (!this._mongooseOptions) {
    this._mongooseOptions = {};
  }
  options = options || {};

  this._transforms = [];
  this._hooks = new Kareem();
  this._executionStack = null;

  // this is the case where we have a CustomQuery, we need to check if we got
  // options passed in, and if we did, merge them in
  const keys = Object.keys(options);
  for (const key of keys) {
    this._mongooseOptions[key] = options[key];
  }

  if (collection) {
    this.mongooseCollection = collection;
  }

  if (model) {
    this.model = model;
    this.schema = model.schema;
  }


  // this is needed because map reduce returns a model that can be queried, but
  // all of the queries on said model should be lean
  if (this.model && this.model._mapreduce) {
    this.lean();
  }

  // inherit mquery
  mquery.call(this, this.mongooseCollection, options);

  if (conditions) {
    this.find(conditions);
  }

  this.options = this.options || {};

  // For gh-6880. mquery still needs to support `fields` by default for old
  // versions of MongoDB
  this.$useProjection = true;

  const collation = get(this, 'schema.options.collation', null);
  if (collation != null) {
    this.options.collation = collation;
  }
}
2021-11-10 09:41:29 error: TypeError: Cannot read property 'op' of undefined
    at exec (E:\info\js_selflearn\itechart\lab6\node_modules\mongoose\lib\query.js:4554:12)
    at model.Query.<anonymous> (E:\info\js_selflearn\itechart\lab6\src\connection\connection.ts:13:10)
    at Generator.next (<anonymous>)
    at E:\info\js_selflearn\itechart\lab6\src\connection\connection.ts:8:71
    at new Promise (<anonymous>)
    at __awaiter (E:\info\js_selflearn\itechart\lab6\src\connection\connection.ts:4:12)
    at model.Query.typegoose_1.mongoose.Query.exec (E:\info\js_selflearn\itechart\lab6\src\connection\connection.ts:20:12)
    at model.Query.Query.then (E:\info\js_selflearn\itechart\lab6\node_modules\mongoose\lib\query.js:4644:15)
    at processTicksAndRejections (node:internal/process/task_queues:96:5)
2021-11-10 09:42:50 info: Server is running on http://localhost:3000
2021-11-10 09:42:50 debug: function Query(conditions, options, model, collection) {
  // this stuff is for dealing with custom queries created by #toConstructor
  if (!this._mongooseOptions) {
    this._mongooseOptions = {};
  }
  options = options || {};

  this._transforms = [];
  this._hooks = new Kareem();
  this._executionStack = null;

  // this is the case where we have a CustomQuery, we need to check if we got
  // options passed in, and if we did, merge them in
  const keys = Object.keys(options);
  for (const key of keys) {
    this._mongooseOptions[key] = options[key];
  }

  if (collection) {
    this.mongooseCollection = collection;
  }

  if (model) {
    this.model = model;
    this.schema = model.schema;
  }


  // this is needed because map reduce returns a model that can be queried, but
  // all of the queries on said model should be lean
  if (this.model && this.model._mapreduce) {
    this.lean();
  }

  // inherit mquery
  mquery.call(this, this.mongooseCollection, options);

  if (conditions) {
    this.find(conditions);
  }

  this.options = this.options || {};

  // For gh-6880. mquery still needs to support `fields` by default for old
  // versions of MongoDB
  this.$useProjection = true;

  const collation = get(this, 'schema.options.collation', null);
  if (collation != null) {
    this.options.collation = collation;
  }
}
2021-11-10 09:42:51 debug: function Query(conditions, options, model, collection) {
  // this stuff is for dealing with custom queries created by #toConstructor
  if (!this._mongooseOptions) {
    this._mongooseOptions = {};
  }
  options = options || {};

  this._transforms = [];
  this._hooks = new Kareem();
  this._executionStack = null;

  // this is the case where we have a CustomQuery, we need to check if we got
  // options passed in, and if we did, merge them in
  const keys = Object.keys(options);
  for (const key of keys) {
    this._mongooseOptions[key] = options[key];
  }

  if (collection) {
    this.mongooseCollection = collection;
  }

  if (model) {
    this.model = model;
    this.schema = model.schema;
  }


  // this is needed because map reduce returns a model that can be queried, but
  // all of the queries on said model should be lean
  if (this.model && this.model._mapreduce) {
    this.lean();
  }

  // inherit mquery
  mquery.call(this, this.mongooseCollection, options);

  if (conditions) {
    this.find(conditions);
  }

  this.options = this.options || {};

  // For gh-6880. mquery still needs to support `fields` by default for old
  // versions of MongoDB
  this.$useProjection = true;

  const collation = get(this, 'schema.options.collation', null);
  if (collation != null) {
    this.options.collation = collation;
  }
}
2021-11-10 09:43:48 info: Server is running on http://localhost:3000
2021-11-10 09:43:54 debug: undefined
2021-11-10 09:43:54 debug: undefined
2021-11-10 09:46:49 info: Server is running on http://localhost:3000
2021-11-10 09:47:22 info: Server is running on http://localhost:3000
2021-11-10 09:47:23 debug: function () {
    return __awaiter(this, arguments, void 0, function* () {
        if (process.env.NODE_ENV === 'dev') {
            logger_1.logger.debug(mongoose_1.Query.prototype.exec);
        }
        return exec.apply(this, arguments);
    });
}
2021-11-10 09:47:24 debug: function () {
    return __awaiter(this, arguments, void 0, function* () {
        if (process.env.NODE_ENV === 'dev') {
            logger_1.logger.debug(mongoose_1.Query.prototype.exec);
        }
        return exec.apply(this, arguments);
    });
}
2021-11-10 09:47:57 info: Server is running on http://localhost:3000
2021-11-10 09:47:59 debug: function Query(conditions, options, model, collection) {
  // this stuff is for dealing with custom queries created by #toConstructor
  if (!this._mongooseOptions) {
    this._mongooseOptions = {};
  }
  options = options || {};

  this._transforms = [];
  this._hooks = new Kareem();
  this._executionStack = null;

  // this is the case where we have a CustomQuery, we need to check if we got
  // options passed in, and if we did, merge them in
  const keys = Object.keys(options);
  for (const key of keys) {
    this._mongooseOptions[key] = options[key];
  }

  if (collection) {
    this.mongooseCollection = collection;
  }

  if (model) {
    this.model = model;
    this.schema = model.schema;
  }


  // this is needed because map reduce returns a model that can be queried, but
  // all of the queries on said model should be lean
  if (this.model && this.model._mapreduce) {
    this.lean();
  }

  // inherit mquery
  mquery.call(this, this.mongooseCollection, options);

  if (conditions) {
    this.find(conditions);
  }

  this.options = this.options || {};

  // For gh-6880. mquery still needs to support `fields` by default for old
  // versions of MongoDB
  this.$useProjection = true;

  const collation = get(this, 'schema.options.collation', null);
  if (collation != null) {
    this.options.collation = collation;
  }
}
2021-11-10 09:47:59 debug: function Query(conditions, options, model, collection) {
  // this stuff is for dealing with custom queries created by #toConstructor
  if (!this._mongooseOptions) {
    this._mongooseOptions = {};
  }
  options = options || {};

  this._transforms = [];
  this._hooks = new Kareem();
  this._executionStack = null;

  // this is the case where we have a CustomQuery, we need to check if we got
  // options passed in, and if we did, merge them in
  const keys = Object.keys(options);
  for (const key of keys) {
    this._mongooseOptions[key] = options[key];
  }

  if (collection) {
    this.mongooseCollection = collection;
  }

  if (model) {
    this.model = model;
    this.schema = model.schema;
  }


  // this is needed because map reduce returns a model that can be queried, but
  // all of the queries on said model should be lean
  if (this.model && this.model._mapreduce) {
    this.lean();
  }

  // inherit mquery
  mquery.call(this, this.mongooseCollection, options);

  if (conditions) {
    this.find(conditions);
  }

  this.options = this.options || {};

  // For gh-6880. mquery still needs to support `fields` by default for old
  // versions of MongoDB
  this.$useProjection = true;

  const collation = get(this, 'schema.options.collation', null);
  if (collation != null) {
    this.options.collation = collation;
  }
}
2021-11-10 09:49:06 info: Server is running on http://localhost:3000
2021-11-10 09:49:09 error: TypeError: 'caller', 'callee', and 'arguments' properties may not be accessed on strict mode functions or the arguments objects for calls to them
    at model.Query.<anonymous> (E:\info\js_selflearn\itechart\lab6\src\connection\connection.ts:11:24)
    at Generator.next (<anonymous>)
    at E:\info\js_selflearn\itechart\lab6\src\connection\connection.ts:8:71
    at new Promise (<anonymous>)
    at __awaiter (E:\info\js_selflearn\itechart\lab6\src\connection\connection.ts:4:12)
    at model.Query.typegoose_1.mongoose.Query.exec (E:\info\js_selflearn\itechart\lab6\src\connection\connection.ts:20:12)
    at model.Query.Query.then (E:\info\js_selflearn\itechart\lab6\node_modules\mongoose\lib\query.js:4644:15)
    at processTicksAndRejections (node:internal/process/task_queues:96:5)
2021-11-10 09:50:33 info: Server is running on http://localhost:3000
2021-11-10 09:50:35 debug: Product.find({})
2021-11-10 09:50:36 debug: Product.find({})
2021-11-10 09:50:36 debug: Category.find({
  _id: {
    '$in': [
      new ObjectId("6181206ec6312f465e1c1ddb"),
      new ObjectId("618120e51134a9cfae9b1e73"),
      new ObjectId("618815827c857f6f3169e09e")
    ],
    [Symbol(mongoose#trustedSymbol)]: true
  }
})
2021-11-10 09:50:36 debug: Category.find({
  _id: {
    '$in': [
      new ObjectId("6181206ec6312f465e1c1ddb"),
      new ObjectId("618120e51134a9cfae9b1e73"),
      new ObjectId("618815827c857f6f3169e09e")
    ],
    [Symbol(mongoose#trustedSymbol)]: true
  }
})
2021-11-10 09:50:56 info: Server is running on http://localhost:3000
2021-11-10 09:50:57 error: TypeError: this is not a function
    at model.Query.<anonymous> (E:\info\js_selflearn\itechart\lab6\src\connection\connection.ts:11:22)
    at Generator.next (<anonymous>)
    at E:\info\js_selflearn\itechart\lab6\src\connection\connection.ts:8:71
    at new Promise (<anonymous>)
    at __awaiter (E:\info\js_selflearn\itechart\lab6\src\connection\connection.ts:4:12)
    at model.Query.typegoose_1.mongoose.Query.exec (E:\info\js_selflearn\itechart\lab6\src\connection\connection.ts:19:12)
    at model.Query.Query.then (E:\info\js_selflearn\itechart\lab6\node_modules\mongoose\lib\query.js:4644:15)
    at processTicksAndRejections (node:internal/process/task_queues:96:5)
2021-11-10 09:51:05 info: Server is running on http://localhost:3000
2021-11-10 09:51:11 info: Server is running on http://localhost:3000
2021-11-10 09:51:11 debug: function () {
    return __awaiter(this, arguments, void 0, function* () {
        if (process.env.NODE_ENV === 'dev') {
            logger_1.logger.debug(this.exec);
        }
        return exec.apply(this, arguments);
    });
}
2021-11-10 09:51:12 debug: function () {
    return __awaiter(this, arguments, void 0, function* () {
        if (process.env.NODE_ENV === 'dev') {
            logger_1.logger.debug(this.exec);
        }
        return exec.apply(this, arguments);
    });
}
2021-11-10 09:51:40 info: Server is running on http://localhost:3000
2021-11-10 09:51:42 debug: [object Promise]
2021-11-10 09:51:42 error: MongooseError: Query was already executed: Product.find({})
    at model.Query._wrappedThunk [as _find] (E:\info\js_selflearn\itechart\lab6\node_modules\mongoose\lib\helpers\query\wrapThunk.js:21:19)
    at E:\info\js_selflearn\itechart\lab6\node_modules\kareem\index.js:370:33
    at processTicksAndRejections (node:internal/process/task_queues:78:11)
2021-11-10 09:51:42 debug: undefined
2021-11-10 09:51:42 error: MongooseError: Query was already executed: Category.find({
  _id: {
    '$in': [
      new ObjectId("61...
    at model.Query._wrappedThunk [as _find] (E:\info\js_selflearn\itechart\lab6\node_modules\mongoose\lib\helpers\query\wrapThunk.js:21:19)
    at E:\info\js_selflearn\itechart\lab6\node_modules\kareem\index.js:370:33
    at processTicksAndRejections (node:internal/process/task_queues:78:11)
2021-11-10 09:52:22 info: Server is running on http://localhost:3000
2021-11-10 09:52:24 debug: [object Promise]
2021-11-10 09:52:24 error: MongooseError: Query was already executed: Product.find({})
    at model.Query._wrappedThunk [as _find] (E:\info\js_selflearn\itechart\lab6\node_modules\mongoose\lib\helpers\query\wrapThunk.js:21:19)
    at E:\info\js_selflearn\itechart\lab6\node_modules\kareem\index.js:370:33
    at processTicksAndRejections (node:internal/process/task_queues:78:11)
2021-11-10 09:52:24 debug: [object Promise]
2021-11-10 09:52:24 error: MongooseError: Query was already executed: Category.find({
  _id: {
    '$in': [
      new ObjectId("61...
    at model.Query._wrappedThunk [as _find] (E:\info\js_selflearn\itechart\lab6\node_modules\mongoose\lib\helpers\query\wrapThunk.js:21:19)
    at E:\info\js_selflearn\itechart\lab6\node_modules\kareem\index.js:370:33
    at processTicksAndRejections (node:internal/process/task_queues:78:11)
2021-11-10 09:52:49 info: Server is running on http://localhost:3000
2021-11-10 09:52:51 debug: function exec(op, callback) {
  const _this = this;
  // Ensure that `exec()` is the first thing that shows up in
  // the stack when cast errors happen.
  const castError = new CastError();

  if (typeof op === 'function') {
    callback = op;
    op = null;
  } else if (typeof op === 'string') {
    this.op = op;
  }

  if (this.op == null) {
    throw new Error('Query must have `op` before executing');
  }
  this._validateOp();

  callback = this.model.$handleCallbackError(callback);

  return promiseOrCallback(callback, (cb) => {
    cb = this.model.$wrapCallback(cb);

    if (!_this.op) {
      cb();
      return;
    }

    this._hooks.execPre('exec', this, [], (error) => {
      if (error != null) {
        return cb(_cleanCastErrorStack(castError, error));
      }
      let thunk = '_' + this.op;
      if (this.op === 'update') {
        thunk = '_execUpdate';
      } else if (this.op === 'distinct') {
        thunk = '__distinct';
      }
      this[thunk].call(this, (error, res) => {
        if (error) {
          return cb(_cleanCastErrorStack(castError, error));
        }

        this._hooks.execPost('exec', this, [], {}, (error) => {
          if (error) {
            return cb(_cleanCastErrorStack(castError, error));
          }

          cb(null, res);
        });
      });
    });
  }, this.model.events);
}
2021-11-10 09:52:51 debug: function exec(op, callback) {
  const _this = this;
  // Ensure that `exec()` is the first thing that shows up in
  // the stack when cast errors happen.
  const castError = new CastError();

  if (typeof op === 'function') {
    callback = op;
    op = null;
  } else if (typeof op === 'string') {
    this.op = op;
  }

  if (this.op == null) {
    throw new Error('Query must have `op` before executing');
  }
  this._validateOp();

  callback = this.model.$handleCallbackError(callback);

  return promiseOrCallback(callback, (cb) => {
    cb = this.model.$wrapCallback(cb);

    if (!_this.op) {
      cb();
      return;
    }

    this._hooks.execPre('exec', this, [], (error) => {
      if (error != null) {
        return cb(_cleanCastErrorStack(castError, error));
      }
      let thunk = '_' + this.op;
      if (this.op === 'update') {
        thunk = '_execUpdate';
      } else if (this.op === 'distinct') {
        thunk = '__distinct';
      }
      this[thunk].call(this, (error, res) => {
        if (error) {
          return cb(_cleanCastErrorStack(castError, error));
        }

        this._hooks.execPost('exec', this, [], {}, (error) => {
          if (error) {
            return cb(_cleanCastErrorStack(castError, error));
          }

          cb(null, res);
        });
      });
    });
  }, this.model.events);
}
2021-11-10 09:54:10 info: Server is running on http://localhost:3000
2021-11-10 09:54:12 error: TypeError: Cannot read property 'op' of undefined
    at exec (E:\info\js_selflearn\itechart\lab6\node_modules\mongoose\lib\query.js:4554:12)
    at log (E:\info\js_selflearn\itechart\lab6\src\connection\connection.ts:8:16)
    at model.Query.<anonymous> (E:\info\js_selflearn\itechart\lab6\src\connection\connection.ts:15:5)
    at Generator.next (<anonymous>)
    at E:\info\js_selflearn\itechart\lab6\src\connection\connection.ts:8:71
    at new Promise (<anonymous>)
    at __awaiter (E:\info\js_selflearn\itechart\lab6\src\connection\connection.ts:4:12)
    at model.Query.typegoose_1.mongoose.Query.exec (E:\info\js_selflearn\itechart\lab6\src\connection\connection.ts:22:12)
    at model.Query.Query.then (E:\info\js_selflearn\itechart\lab6\node_modules\mongoose\lib\query.js:4644:15)
    at processTicksAndRejections (node:internal/process/task_queues:96:5)
2021-11-10 09:54:52 info: Server is running on http://localhost:3000
2021-11-10 09:54:52 debug: [object Promise]
2021-11-10 09:54:52 error: MongooseError: Query was already executed: Product.find({})
    at model.Query._wrappedThunk [as _find] (E:\info\js_selflearn\itechart\lab6\node_modules\mongoose\lib\helpers\query\wrapThunk.js:21:19)
    at E:\info\js_selflearn\itechart\lab6\node_modules\kareem\index.js:370:33
    at processTicksAndRejections (node:internal/process/task_queues:78:11)
2021-11-10 09:54:53 debug: [object Promise]
2021-11-10 09:54:53 error: MongooseError: Query was already executed: Category.find({
  _id: {
    '$in': [
      new ObjectId("61...
    at model.Query._wrappedThunk [as _find] (E:\info\js_selflearn\itechart\lab6\node_modules\mongoose\lib\helpers\query\wrapThunk.js:21:19)
    at E:\info\js_selflearn\itechart\lab6\node_modules\kareem\index.js:370:33
    at processTicksAndRejections (node:internal/process/task_queues:78:11)
2021-11-10 09:55:20 info: Server is running on http://localhost:3000
2021-11-10 09:55:21 debug: [object Promise]
2021-11-10 09:55:21 error: MongooseError: Query was already executed: Product.find({})
    at model.Query._wrappedThunk [as _find] (E:\info\js_selflearn\itechart\lab6\node_modules\mongoose\lib\helpers\query\wrapThunk.js:21:19)
    at E:\info\js_selflearn\itechart\lab6\node_modules\kareem\index.js:370:33
    at processTicksAndRejections (node:internal/process/task_queues:78:11)
2021-11-10 09:55:21 debug: [object Promise]
2021-11-10 09:55:21 error: MongooseError: Query was already executed: Category.find({
  _id: {
    '$in': [
      new ObjectId("61...
    at model.Query._wrappedThunk [as _find] (E:\info\js_selflearn\itechart\lab6\node_modules\mongoose\lib\helpers\query\wrapThunk.js:21:19)
    at E:\info\js_selflearn\itechart\lab6\node_modules\kareem\index.js:370:33
    at processTicksAndRejections (node:internal/process/task_queues:78:11)
2021-11-10 09:55:59 info: Server is running on http://localhost:3000
2021-11-10 09:55:59 debug: undefined
2021-11-10 09:56:00 debug: undefined
2021-11-10 09:56:41 info: Server is running on http://localhost:3000
2021-11-10 09:56:41 debug: Product.find({})
2021-11-10 09:56:41 debug: Category.find({
  _id: {
    '$in': [
      new ObjectId("6181206ec6312f465e1c1ddb"),
      new ObjectId("618120e51134a9cfae9b1e73"),
      new ObjectId("618815827c857f6f3169e09e")
    ],
    [Symbol(mongoose#trustedSymbol)]: true
  }
})
2021-11-10 09:56:56 info: Server is running on http://localhost:3000
2021-11-10 09:56:57 error: TypeError: this is not a function
    at model.Query.<anonymous> (E:\info\js_selflearn\itechart\lab6\src\connection\connection.ts:15:22)
    at Generator.next (<anonymous>)
    at E:\info\js_selflearn\itechart\lab6\src\connection\connection.ts:8:71
    at new Promise (<anonymous>)
    at __awaiter (E:\info\js_selflearn\itechart\lab6\src\connection\connection.ts:4:12)
    at model.Query.typegoose_1.mongoose.Query.exec (E:\info\js_selflearn\itechart\lab6\src\connection\connection.ts:22:12)
    at model.Query.Query.then (E:\info\js_selflearn\itechart\lab6\node_modules\mongoose\lib\query.js:4644:15)
    at processTicksAndRejections (node:internal/process/task_queues:96:5)
2021-11-10 09:56:57 error: TypeError: this is not a function
    at model.Query.<anonymous> (E:\info\js_selflearn\itechart\lab6\src\connection\connection.ts:15:22)
    at Generator.next (<anonymous>)
    at E:\info\js_selflearn\itechart\lab6\src\connection\connection.ts:8:71
    at new Promise (<anonymous>)
    at __awaiter (E:\info\js_selflearn\itechart\lab6\src\connection\connection.ts:4:12)
    at model.Query.typegoose_1.mongoose.Query.exec (E:\info\js_selflearn\itechart\lab6\src\connection\connection.ts:22:12)
    at model.Query.Query.then (E:\info\js_selflearn\itechart\lab6\node_modules\mongoose\lib\query.js:4644:15)
    at processTicksAndRejections (node:internal/process/task_queues:96:5)
2021-11-10 09:57:22 info: Server is running on http://localhost:3000
2021-11-10 09:57:22 error: TypeError: this is not a function
    at model.Query.<anonymous> (E:\info\js_selflearn\itechart\lab6\src\connection\connection.ts:15:28)
    at Generator.next (<anonymous>)
    at E:\info\js_selflearn\itechart\lab6\src\connection\connection.ts:8:71
    at new Promise (<anonymous>)
    at __awaiter (E:\info\js_selflearn\itechart\lab6\src\connection\connection.ts:4:12)
    at model.Query.typegoose_1.mongoose.Query.exec (E:\info\js_selflearn\itechart\lab6\src\connection\connection.ts:22:12)
    at model.Query.Query.then (E:\info\js_selflearn\itechart\lab6\node_modules\mongoose\lib\query.js:4644:15)
    at processTicksAndRejections (node:internal/process/task_queues:96:5)
2021-11-10 09:57:30 info: Server is running on http://localhost:3000
2021-11-10 09:57:31 debug: Product.find({})
2021-11-10 09:57:31 debug: Category.find({
  _id: {
    '$in': [
      new ObjectId("6181206ec6312f465e1c1ddb"),
      new ObjectId("618120e51134a9cfae9b1e73"),
      new ObjectId("618815827c857f6f3169e09e")
    ],
    [Symbol(mongoose#trustedSymbol)]: true
  }
})
2021-11-10 09:58:27 info: Server is running on http://localhost:3000
2021-11-10 09:58:32 info: Server is running on http://localhost:3000
2021-11-10 10:01:59 info: Server is running on http://localhost:3000
2021-11-10 10:03:27 info: Server is running on http://localhost:3000
2021-11-10 10:03:36 error: TypeError: this is not a function
    at model.Query.<anonymous> (E:\info\js_selflearn\itechart\lab6\src\connection\connection.ts:11:28)
    at Generator.next (<anonymous>)
    at E:\info\js_selflearn\itechart\lab6\src\connection\connection.ts:8:71
    at new Promise (<anonymous>)
    at __awaiter (E:\info\js_selflearn\itechart\lab6\src\connection\connection.ts:4:12)
    at model.Query.typegoose_1.mongoose.Query.exec (E:\info\js_selflearn\itechart\lab6\src\connection\connection.ts:19:12)
    at model.Query.Query.then (E:\info\js_selflearn\itechart\lab6\node_modules\mongoose\lib\query.js:4644:15)
    at processTicksAndRejections (node:internal/process/task_queues:96:5)
2021-11-10 10:04:05 info: Server is running on http://localhost:3000
2021-11-10 10:04:09 error: TypeError: this is not a function
    at model.Query.<anonymous> (E:\info\js_selflearn\itechart\lab6\src\connection\connection.ts:11:28)
    at Generator.next (<anonymous>)
    at E:\info\js_selflearn\itechart\lab6\src\connection\connection.ts:8:71
    at new Promise (<anonymous>)
    at __awaiter (E:\info\js_selflearn\itechart\lab6\src\connection\connection.ts:4:12)
    at model.Query.typegoose_1.mongoose.Query.exec (E:\info\js_selflearn\itechart\lab6\src\connection\connection.ts:19:12)
    at model.Query.Query.then (E:\info\js_selflearn\itechart\lab6\node_modules\mongoose\lib\query.js:4644:15)
    at processTicksAndRejections (node:internal/process/task_queues:96:5)
2021-11-10 10:05:01 info: Server is running on http://localhost:3000
2021-11-10 19:08:54 info: Server is running on http://localhost:3000
2021-11-10 19:23:23 info: Server is running on http://localhost:3000
2021-11-10 19:24:30 info: Server is running on http://localhost:3000
2021-11-10 19:24:35 info: Server is running on http://localhost:3000
2021-11-10 19:24:40 info: Server is running on http://localhost:3000
2021-11-10 19:25:22 info: Server is running on http://localhost:3000
2021-11-10 19:30:06 info: Server is running on http://localhost:3000
2021-11-10 19:30:16 info: Server is running on http://localhost:3000
2021-11-10 19:30:51 info: Server is running on http://localhost:3000
2021-11-10 19:35:52 error: Error: тип Unable to compile TypeScript:
[96msrc/repository/product/ProductRepository.ts[0m:[93m21[0m:[93m36[0m - [91merror[0m[90m TS2554: [0mExpected 0 arguments, but got 1.

[7m21[0m     return this.entity.getProducts(options);
[7m  [0m [91m                                   ~~~~~~~[0m

    at Object.<anonymous> (E:\info\js_selflearn\itechart\itechart-backend\src\repository\product\ProductRepository.ts:1:7)
    at Module._compile (node:internal/modules/cjs/loader:1101:14)
    at Module._compile (E:\info\js_selflearn\itechart\itechart-backend\node_modules\source-map-support\source-map-support.js:568:25)
    at Module.m._compile (C:\Users\VLAD\AppData\Local\Temp\ts-node-dev-hook-2717378575512639.js:69:33)
    at Module._extensions..js (node:internal/modules/cjs/loader:1153:10)
    at require.extensions..jsx.require.extensions..js (C:\Users\VLAD\AppData\Local\Temp\ts-node-dev-hook-2717378575512639.js:114:20)
    at require.extensions.<computed> (C:\Users\VLAD\AppData\Local\Temp\ts-node-dev-hook-2717378575512639.js:71:20)
    at Object.nodeDevHook [as .ts] (E:\info\js_selflearn\itechart\itechart-backend\node_modules\ts-node-dev\lib\hook.js:63:13)
    at Module.load (node:internal/modules/cjs/loader:981:32)
    at Function.Module._load (node:internal/modules/cjs/loader:822:12)
2021-11-10 19:38:17 info: Server is running on http://localhost:3000
2021-11-10 20:09:44 error: TypeError: qpm is not a function
    at Object.<anonymous> (E:\info\js_selflearn\itechart\itechart-backend\src\utils\mongo-product-query.ts:4:29)
    at Module._compile (node:internal/modules/cjs/loader:1101:14)
    at Module._compile (E:\info\js_selflearn\itechart\itechart-backend\node_modules\source-map-support\source-map-support.js:568:25)
    at Module.m._compile (C:\Users\VLAD\AppData\Local\Temp\ts-node-dev-hook-7400263823803979.js:69:33)
    at Module._extensions..js (node:internal/modules/cjs/loader:1153:10)
    at require.extensions..jsx.require.extensions..js (C:\Users\VLAD\AppData\Local\Temp\ts-node-dev-hook-7400263823803979.js:114:20)
    at require.extensions.<computed> (C:\Users\VLAD\AppData\Local\Temp\ts-node-dev-hook-7400263823803979.js:71:20)
    at Object.nodeDevHook [as .ts] (E:\info\js_selflearn\itechart\itechart-backend\node_modules\ts-node-dev\lib\hook.js:63:13)
    at Module.load (node:internal/modules/cjs/loader:981:32)
    at Function.Module._load (node:internal/modules/cjs/loader:822:12)
2021-11-10 20:10:15 info: Server is running on http://localhost:3000
2021-11-10 20:10:19 error: Missing field spec: price,Missing field spec: sortBy
2021-11-10 20:11:57 info: Server is running on http://localhost:3000
2021-11-10 20:42:31 info: Server is running on http://localhost:3000
2021-11-10 20:43:03 info: Server is running on http://localhost:3000
2021-11-10 20:46:45 info: Server is running on http://localhost:3000
2021-11-10 20:48:30 info: Server is running on http://localhost:3000
2021-11-10 20:48:36 info: Server is running on http://localhost:3000
2021-11-10 20:48:38 error: CastError: Cast to Number failed for value ":30" (type string) at path "price" for model "Product"
    at model.Query.exec (E:\info\js_selflearn\itechart\itechart-backend\node_modules\mongoose\lib\query.js:4545:21)
    at model.Query.<anonymous> (E:\info\js_selflearn\itechart\itechart-backend\src\connection\connection.ts:13:15)
    at Generator.next (<anonymous>)
    at E:\info\js_selflearn\itechart\itechart-backend\src\connection\connection.ts:8:71
    at new Promise (<anonymous>)
    at __awaiter (E:\info\js_selflearn\itechart\itechart-backend\src\connection\connection.ts:4:12)
    at model.Query.typegoose_1.mongoose.Query.exec (E:\info\js_selflearn\itechart\itechart-backend\src\connection\connection.ts:18:12)
    at model.Query.Query.then (E:\info\js_selflearn\itechart\itechart-backend\node_modules\mongoose\lib\query.js:4644:15)
    at processTicksAndRejections (node:internal/process/task_queues:96:5)
2021-11-10 20:48:51 error: CastError: Cast to Number failed for value ":30" (type string) at path "price" for model "Product"
    at model.Query.exec (E:\info\js_selflearn\itechart\itechart-backend\node_modules\mongoose\lib\query.js:4545:21)
    at model.Query.<anonymous> (E:\info\js_selflearn\itechart\itechart-backend\src\connection\connection.ts:13:15)
    at Generator.next (<anonymous>)
    at E:\info\js_selflearn\itechart\itechart-backend\src\connection\connection.ts:8:71
    at new Promise (<anonymous>)
    at __awaiter (E:\info\js_selflearn\itechart\itechart-backend\src\connection\connection.ts:4:12)
    at model.Query.typegoose_1.mongoose.Query.exec (E:\info\js_selflearn\itechart\itechart-backend\src\connection\connection.ts:18:12)
    at model.Query.Query.then (E:\info\js_selflearn\itechart\itechart-backend\node_modules\mongoose\lib\query.js:4644:15)
    at processTicksAndRejections (node:internal/process/task_queues:96:5)
2021-11-10 20:48:54 info: Server is running on http://localhost:3000
2021-11-10 20:50:54 info: Server is running on http://localhost:3000
2021-11-10 20:51:56 info: Server is running on http://localhost:3000
2021-11-10 20:54:24 info: Server is running on http://localhost:3000
2021-11-10 20:55:15 info: Server is running on http://localhost:3000
2021-11-10 20:55:57 info: Server is running on http://localhost:3000
2021-11-10 20:56:10 info: Server is running on http://localhost:3000
2021-11-10 20:56:47 info: Server is running on http://localhost:3000
2021-11-10 20:56:51 info: Server is running on http://localhost:3000
2021-11-10 20:56:56 info: Server is running on http://localhost:3000
2021-11-10 20:57:07 info: Server is running on http://localhost:3000
2021-11-10 20:57:10 error: MongoServerError: Cannot do inclusion on field limit in exclusion projection
    at MessageStream.messageHandler (E:\info\js_selflearn\itechart\itechart-backend\node_modules\mongoose\node_modules\mongodb\src\cmap\connection.ts:740:20)
    at MessageStream.emit (node:events:394:28)
    at processIncomingData (E:\info\js_selflearn\itechart\itechart-backend\node_modules\mongoose\node_modules\mongodb\src\cmap\message_stream.ts:167:12)
    at MessageStream._write (E:\info\js_selflearn\itechart\itechart-backend\node_modules\mongoose\node_modules\mongodb\src\cmap\message_stream.ts:64:5)
    at writeOrBuffer (node:internal/streams/writable:389:12)
    at _write (node:internal/streams/writable:330:10)
    at MessageStream.Writable.write (node:internal/streams/writable:334:10)
    at TLSSocket.ondata (node:internal/streams/readable:749:22)
    at TLSSocket.emit (node:events:394:28)
    at addChunk (node:internal/streams/readable:312:12)
2021-11-10 20:57:22 info: Server is running on http://localhost:3000
2021-11-10 20:57:47 info: Server is running on http://localhost:3000
2021-11-10 20:59:13 info: Server is running on http://localhost:3000
2021-11-10 21:09:23 info: Server is running on http://localhost:3000
2021-11-10 21:16:38 info: Server is running on http://localhost:3000
2021-11-10 21:19:45 info: Server is running on http://localhost:3000
2021-11-10 21:21:53 info: Server is running on http://localhost:3000
2021-11-10 21:22:51 info: Server is running on http://localhost:3000
2021-11-10 21:38:00 info: Server is running on http://localhost:3000
2021-11-10 21:42:55 info: Server is running on http://localhost:3000
2021-11-10 21:43:16 info: Server is running on http://localhost:3000
2021-11-10 21:43:59 info: Server is running on http://localhost:3000
2021-11-10 21:45:25 info: Server is running on http://localhost:3000
2021-11-10 21:46:10 info: Server is running on http://localhost:3000
2021-11-10 21:47:26 info: Server is running on http://localhost:3000
2021-11-10 21:47:58 info: Server is running on http://localhost:3000
2021-11-10 21:48:28 info: Server is running on http://localhost:3000
2021-11-10 21:48:45 info: Server is running on http://localhost:3000
2021-11-10 21:49:29 error: Error: тип Unable to compile TypeScript:
[96msrc/utils/mongo-query.ts[0m:[93m23[0m:[93m3[0m - [91merror[0m[90m TS1109: [0mExpression expected.

[7m23[0m   }
[7m  [0m [91m  ~[0m

    at Object.<anonymous> (E:\info\js_selflearn\itechart\itechart-backend\src\utils\mongo-product-query.ts:1:7)
    at Module._compile (node:internal/modules/cjs/loader:1101:14)
    at Module._compile (E:\info\js_selflearn\itechart\itechart-backend\node_modules\source-map-support\source-map-support.js:568:25)
    at Module.m._compile (C:\Users\VLAD\AppData\Local\Temp\ts-node-dev-hook-7400263823803979.js:69:33)
    at Module._extensions..js (node:internal/modules/cjs/loader:1153:10)
    at require.extensions..jsx.require.extensions..js (C:\Users\VLAD\AppData\Local\Temp\ts-node-dev-hook-7400263823803979.js:114:20)
    at require.extensions.<computed> (C:\Users\VLAD\AppData\Local\Temp\ts-node-dev-hook-7400263823803979.js:71:20)
    at Object.nodeDevHook [as .ts] (E:\info\js_selflearn\itechart\itechart-backend\node_modules\ts-node-dev\lib\hook.js:63:13)
    at Module.load (node:internal/modules/cjs/loader:981:32)
    at Function.Module._load (node:internal/modules/cjs/loader:822:12)
2021-11-10 21:52:57 info: Server is running on http://localhost:3000
2021-11-10 21:58:35 info: Server is running on http://localhost:3000
2021-11-10 22:40:38 info: Server is running on http://localhost:3000
2021-11-10 22:41:19 info: Server is running on http://localhost:3000
2021-11-10 22:41:52 info: Server is running on http://localhost:3000
2021-11-10 22:42:03 info: Server is running on http://localhost:3000
2021-11-10 22:42:27 info: Server is running on http://localhost:3000
2021-11-10 22:46:31 info: Server is running on http://localhost:3000
2021-11-11 11:39:19 info: Server is running on http://localhost:3000
2021-11-11 11:40:24 debug: undefined
2021-11-11 11:40:24 debug: undefined
2021-11-11 11:40:39 info: Server is running on http://localhost:3000
2021-11-11 11:40:41 debug: [object Arguments]
2021-11-11 11:40:41 debug: [object Arguments]
2021-11-11 11:40:55 info: Server is running on http://localhost:3000
2021-11-11 11:41:24 info: Server is running on http://localhost:3000
2021-11-11 11:42:08 info: Server is running on http://localhost:3000
2021-11-11 11:44:18 error: TypeError: Cannot read property 'split' of undefined
    at mapPriceQuery (E:\info\js_selflearn\itechart\itechart-backend\src\utils\mongo-product-query.ts:23:20)
    at default_1 (E:\info\js_selflearn\itechart\itechart-backend\src\utils\mongo-product-query.ts:39:13)
    at E:\info\js_selflearn\itechart\itechart-backend\src\routes\product.ts:11:33
    at Generator.next (<anonymous>)
    at E:\info\js_selflearn\itechart\itechart-backend\src\routes\product.ts:8:71
    at new Promise (<anonymous>)
    at __awaiter (E:\info\js_selflearn\itechart\itechart-backend\src\routes\product.ts:4:12)
    at E:\info\js_selflearn\itechart\itechart-backend\src\routes\product.ts:9:51
    at Layer.handle [as handle_request] (E:\info\js_selflearn\itechart\itechart-backend\node_modules\express\lib\router\layer.js:95:5)
    at next (E:\info\js_selflearn\itechart\itechart-backend\node_modules\express\lib\router\route.js:137:13)
2021-11-11 11:45:24 info: Server is running on http://localhost:3000
2021-11-11 11:45:32 info: Server is running on http://localhost:3000
2021-11-11 11:45:48 info: Server is running on http://localhost:3000
2021-11-11 11:45:54 info: Server is running on http://localhost:3000
2021-11-11 11:46:53 info: Server is running on http://localhost:3000
2021-11-11 11:47:16 error: TypeError: Cannot read property 'split' of undefined
    at mapSortQuery (E:\info\js_selflearn\itechart\itechart-backend\src\utils\mongo-product-query.ts:35:17)
    at default_1 (E:\info\js_selflearn\itechart\itechart-backend\src\utils\mongo-product-query.ts:45:12)
    at E:\info\js_selflearn\itechart\itechart-backend\src\routes\product.ts:11:33
    at Generator.next (<anonymous>)
    at E:\info\js_selflearn\itechart\itechart-backend\src\routes\product.ts:8:71
    at new Promise (<anonymous>)
    at __awaiter (E:\info\js_selflearn\itechart\itechart-backend\src\routes\product.ts:4:12)
    at E:\info\js_selflearn\itechart\itechart-backend\src\routes\product.ts:9:51
    at Layer.handle [as handle_request] (E:\info\js_selflearn\itechart\itechart-backend\node_modules\express\lib\router\layer.js:95:5)
    at next (E:\info\js_selflearn\itechart\itechart-backend\node_modules\express\lib\router\route.js:137:13)
2021-11-11 11:47:50 info: Server is running on http://localhost:3000
2021-11-11 11:49:35 info: Server is running on http://localhost:3000
2021-11-11 11:50:12 info: Server is running on http://localhost:3000
2021-11-11 11:50:52 info: Server is running on http://localhost:3000
2021-11-11 12:38:37 info: Server is running on http://localhost:3000
2021-11-11 12:39:05 error: TypeError: app.use() requires a middleware function
    at Function.use (E:\info\js_selflearn\itechart\itechart-backend\node_modules\express\lib\application.js:210:11)
    at Object.<anonymous> (E:\info\js_selflearn\itechart\itechart-backend\src\index.ts:16:5)
    at Module._compile (node:internal/modules/cjs/loader:1101:14)
    at Module._compile (E:\info\js_selflearn\itechart\itechart-backend\node_modules\source-map-support\source-map-support.js:568:25)
    at Module.m._compile (C:\Users\VLAD\AppData\Local\Temp\ts-node-dev-hook-315861803768664.js:69:33)
    at Module._extensions..js (node:internal/modules/cjs/loader:1153:10)
    at require.extensions..jsx.require.extensions..js (C:\Users\VLAD\AppData\Local\Temp\ts-node-dev-hook-315861803768664.js:114:20)
    at require.extensions.<computed> (C:\Users\VLAD\AppData\Local\Temp\ts-node-dev-hook-315861803768664.js:71:20)
    at Object.nodeDevHook [as .ts] (E:\info\js_selflearn\itechart\itechart-backend\node_modules\ts-node-dev\lib\hook.js:63:13)
    at Module.load (node:internal/modules/cjs/loader:981:32)
2021-11-11 12:39:16 info: Server is running on http://localhost:3000
2021-11-11 12:39:52 info: Server is running on http://localhost:3000
2021-11-11 12:40:03 info: Server is running on http://localhost:3000
2021-11-11 12:43:38 info: Server is running on http://localhost:3000
2021-11-11 12:45:58 info: Server is running on http://localhost:3000
2021-11-11 12:55:15 info: Server is running on http://localhost:3000
2021-11-11 12:56:18 info: Server is running on http://localhost:3000
2021-11-11 13:00:55 info: Server is running on http://localhost:3000
2021-11-11 13:02:21 error: Error: тип Unable to compile TypeScript:
[96msrc/utils/mongo-category-query.ts[0m:[93m3[0m:[93m1[0m - [91merror[0m[90m TS1109: [0mExpression expected.

[7m3[0m }
[7m [0m [91m~[0m

    at Object.<anonymous> (E:\info\js_selflearn\itechart\itechart-backend\src\utils\mongo-category-query.ts:1:7)
    at Module._compile (node:internal/modules/cjs/loader:1101:14)
    at Module._compile (E:\info\js_selflearn\itechart\itechart-backend\node_modules\source-map-support\source-map-support.js:568:25)
    at Module.m._compile (C:\Users\VLAD\AppData\Local\Temp\ts-node-dev-hook-28440611761516443.js:69:33)
    at Module._extensions..js (node:internal/modules/cjs/loader:1153:10)
    at require.extensions..jsx.require.extensions..js (C:\Users\VLAD\AppData\Local\Temp\ts-node-dev-hook-28440611761516443.js:114:20)
    at require.extensions.<computed> (C:\Users\VLAD\AppData\Local\Temp\ts-node-dev-hook-28440611761516443.js:71:20)
    at Object.nodeDevHook [as .ts] (E:\info\js_selflearn\itechart\itechart-backend\node_modules\ts-node-dev\lib\hook.js:63:13)
    at Module.load (node:internal/modules/cjs/loader:981:32)
    at Function.Module._load (node:internal/modules/cjs/loader:822:12)
2021-11-11 13:02:35 info: Server is running on http://localhost:3000
2021-11-11 13:02:52 info: Server is running on http://localhost:3000
2021-11-11 13:04:08 info: Server is running on http://localhost:3000
2021-11-11 13:04:24 info: Server is running on http://localhost:3000
2021-11-11 13:04:49 info: Server is running on http://localhost:3000
2021-11-11 13:05:11 info: Server is running on http://localhost:3000
2021-11-11 13:05:21 info: Server is running on http://localhost:3000
2021-11-11 13:26:27 info: Server is running on http://localhost:3000
2021-11-11 13:26:58 info: Server is running on http://localhost:3000
2021-11-11 13:27:39 info: Server is running on http://localhost:3000
2021-11-11 13:28:15 info: Server is running on http://localhost:3000
2021-11-11 13:29:32 info: Server is running on http://localhost:3000
2021-11-11 13:31:10 info: Server is running on http://localhost:3000
2021-11-11 13:37:03 error: Error: тип Unable to compile TypeScript:
[96msrc/repository/product/ProductRepository.ts[0m:[93m22[0m:[93m36[0m - [91merror[0m[90m TS2345: [0mArgument of type 'productPg & productMongo' is not assignable to parameter of type 'productPg & mappedQueryMongo'.
  Type 'productPg & productMongo' is missing the following properties from type 'mappedQueryMongo': query, sortBy

[7m22[0m     return this.entity.getProducts(entity);
[7m  [0m [91m                                   ~~~~~~[0m

    at Object.<anonymous> (E:\info\js_selflearn\itechart\itechart-backend\src\repository\product\ProductRepository.ts:1:7)
    at Module._compile (node:internal/modules/cjs/loader:1101:14)
    at Module._compile (E:\info\js_selflearn\itechart\itechart-backend\node_modules\source-map-support\source-map-support.js:568:25)
    at Module.m._compile (C:\Users\VLAD\AppData\Local\Temp\ts-node-dev-hook-28440611761516443.js:69:33)
    at Module._extensions..js (node:internal/modules/cjs/loader:1153:10)
    at require.extensions..jsx.require.extensions..js (C:\Users\VLAD\AppData\Local\Temp\ts-node-dev-hook-28440611761516443.js:114:20)
    at require.extensions.<computed> (C:\Users\VLAD\AppData\Local\Temp\ts-node-dev-hook-28440611761516443.js:71:20)
    at Object.nodeDevHook [as .ts] (E:\info\js_selflearn\itechart\itechart-backend\node_modules\ts-node-dev\lib\hook.js:63:13)
    at Module.load (node:internal/modules/cjs/loader:981:32)
    at Function.Module._load (node:internal/modules/cjs/loader:822:12)
2021-11-11 13:37:38 info: Server is running on http://localhost:3000
2021-11-11 13:42:24 error: Error: тип Unable to compile TypeScript:
[96msrc/utils/mongo-category-query.ts[0m:[93m7[0m:[93m61[0m - [91merror[0m[90m TS2322: [0mType '{ displayName: any; }' is not assignable to type 'Category[] & Category[]'.
  Object literal may only specify known properties, and 'displayName' does not exist in type 'Category[] & Category[]'.

[7m7[0m     const products = productsRepo.getProducts({categories: {displayName: id}})
[7m [0m [91m                                                            ~~~~~~~~~~~~~~~[0m

  [96msrc/dto/product-pg.dto.ts[0m:[93m8[0m:[93m3[0m
    [7m8[0m   categories?: Category[]
    [7m [0m [96m  ~~~~~~~~~~[0m
    The expected type comes from property 'categories' which is declared here on type 'productPg & productMongo'

    at Object.<anonymous> (E:\info\js_selflearn\itechart\itechart-backend\src\utils\mongo-category-query.ts:1:7)
    at Module._compile (node:internal/modules/cjs/loader:1101:14)
    at Module._compile (E:\info\js_selflearn\itechart\itechart-backend\node_modules\source-map-support\source-map-support.js:568:25)
    at Module.m._compile (C:\Users\VLAD\AppData\Local\Temp\ts-node-dev-hook-8454165153404938.js:69:33)
    at Module._extensions..js (node:internal/modules/cjs/loader:1153:10)
    at require.extensions..jsx.require.extensions..js (C:\Users\VLAD\AppData\Local\Temp\ts-node-dev-hook-8454165153404938.js:114:20)
    at require.extensions.<computed> (C:\Users\VLAD\AppData\Local\Temp\ts-node-dev-hook-8454165153404938.js:71:20)
    at Object.nodeDevHook [as .ts] (E:\info\js_selflearn\itechart\itechart-backend\node_modules\ts-node-dev\lib\hook.js:63:13)
    at Module.load (node:internal/modules/cjs/loader:981:32)
    at Function.Module._load (node:internal/modules/cjs/loader:822:12)
2021-11-11 13:43:52 info: Server is running on http://localhost:3000
2021-11-11 13:45:39 error: Error: тип Unable to compile TypeScript:
[96msrc/utils/mongo-category-query.ts[0m:[93m8[0m:[93m26[0m - [91merror[0m[90m TS2349: [0mThis expression is not callable.
  Each member of the union type '{ <S extends Product>(predicate: (value: Product, index: number, array: Product[]) => value is S, thisArg?: any): S[]; (predicate: (value: Product, index: number, array: Product[]) => unknown, thisArg?: any): Product[]; } | { ...; }' has signatures, but none of those signatures are compatible with each other.

[7m8[0m     console.log(products.filter(product => product.categories));
[7m [0m [91m                         ~~~~~~[0m

    at Object.<anonymous> (E:\info\js_selflearn\itechart\itechart-backend\src\utils\mongo-category-query.ts:1:7)
    at Module._compile (node:internal/modules/cjs/loader:1101:14)
    at Module._compile (E:\info\js_selflearn\itechart\itechart-backend\node_modules\source-map-support\source-map-support.js:568:25)
    at Module.m._compile (C:\Users\VLAD\AppData\Local\Temp\ts-node-dev-hook-8454165153404938.js:69:33)
    at Module._extensions..js (node:internal/modules/cjs/loader:1153:10)
    at require.extensions..jsx.require.extensions..js (C:\Users\VLAD\AppData\Local\Temp\ts-node-dev-hook-8454165153404938.js:114:20)
    at require.extensions.<computed> (C:\Users\VLAD\AppData\Local\Temp\ts-node-dev-hook-8454165153404938.js:71:20)
    at Object.nodeDevHook [as .ts] (E:\info\js_selflearn\itechart\itechart-backend\node_modules\ts-node-dev\lib\hook.js:63:13)
    at Module.load (node:internal/modules/cjs/loader:981:32)
    at Function.Module._load (node:internal/modules/cjs/loader:822:12)
2021-11-11 13:46:19 error: Error: тип Unable to compile TypeScript:
[96msrc/utils/mongo-category-query.ts[0m:[93m8[0m:[93m26[0m - [91merror[0m[90m TS2349: [0mThis expression is not callable.
  Each member of the union type '{ <S extends Product>(predicate: (value: Product, index: number, array: Product[]) => value is S, thisArg?: any): S[]; (predicate: (value: Product, index: number, array: Product[]) => unknown, thisArg?: any): Product[]; } | { ...; }' has signatures, but none of those signatures are compatible with each other.

[7m8[0m     console.log(products.filter(product => product.categories.includes(item) => ));
[7m [0m [91m                         ~~~~~~[0m
[96msrc/utils/mongo-category-query.ts[0m:[93m8[0m:[93m72[0m - [91merror[0m[90m TS2304: [0mCannot find name 'item'.

[7m8[0m     console.log(products.filter(product => product.categories.includes(item) => ));
[7m [0m [91m                                                                       ~~~~[0m
[96msrc/utils/mongo-category-query.ts[0m:[93m8[0m:[93m78[0m - [91merror[0m[90m TS1005: [0m',' expected.

[7m8[0m     console.log(products.filter(product => product.categories.includes(item) => ));
[7m [0m [91m                                                                             ~~[0m

    at Object.<anonymous> (E:\info\js_selflearn\itechart\itechart-backend\src\utils\mongo-category-query.ts:1:7)
    at Module._compile (node:internal/modules/cjs/loader:1101:14)
    at Module._compile (E:\info\js_selflearn\itechart\itechart-backend\node_modules\source-map-support\source-map-support.js:568:25)
    at Module.m._compile (C:\Users\VLAD\AppData\Local\Temp\ts-node-dev-hook-8454165153404938.js:69:33)
    at Module._extensions..js (node:internal/modules/cjs/loader:1153:10)
    at require.extensions..jsx.require.extensions..js (C:\Users\VLAD\AppData\Local\Temp\ts-node-dev-hook-8454165153404938.js:114:20)
    at require.extensions.<computed> (C:\Users\VLAD\AppData\Local\Temp\ts-node-dev-hook-8454165153404938.js:71:20)
    at Object.nodeDevHook [as .ts] (E:\info\js_selflearn\itechart\itechart-backend\node_modules\ts-node-dev\lib\hook.js:63:13)
    at Module.load (node:internal/modules/cjs/loader:981:32)
    at Function.Module._load (node:internal/modules/cjs/loader:822:12)
2021-11-11 13:47:15 error: Error: тип Unable to compile TypeScript:
[96msrc/utils/mongo-category-query.ts[0m:[93m8[0m:[93m26[0m - [91merror[0m[90m TS2349: [0mThis expression is not callable.
  Each member of the union type '{ <S extends Product>(predicate: (value: Product, index: number, array: Product[]) => value is S, thisArg?: any): S[]; (predicate: (value: Product, index: number, array: Product[]) => unknown, thisArg?: any): Product[]; } | { ...; }' has signatures, but none of those signatures are compatible with each other.

[7m8[0m     console.log(products.filter(product => product.categories.includes()));
[7m [0m [91m                         ~~~~~~[0m

    at Object.<anonymous> (E:\info\js_selflearn\itechart\itechart-backend\src\utils\mongo-category-query.ts:1:7)
    at Module._compile (node:internal/modules/cjs/loader:1101:14)
    at Module._compile (E:\info\js_selflearn\itechart\itechart-backend\node_modules\source-map-support\source-map-support.js:568:25)
    at Module.m._compile (C:\Users\VLAD\AppData\Local\Temp\ts-node-dev-hook-8454165153404938.js:69:33)
    at Module._extensions..js (node:internal/modules/cjs/loader:1153:10)
    at require.extensions..jsx.require.extensions..js (C:\Users\VLAD\AppData\Local\Temp\ts-node-dev-hook-8454165153404938.js:114:20)
    at require.extensions.<computed> (C:\Users\VLAD\AppData\Local\Temp\ts-node-dev-hook-8454165153404938.js:71:20)
    at Object.nodeDevHook [as .ts] (E:\info\js_selflearn\itechart\itechart-backend\node_modules\ts-node-dev\lib\hook.js:63:13)
    at Module.load (node:internal/modules/cjs/loader:981:32)
    at Function.Module._load (node:internal/modules/cjs/loader:822:12)
2021-11-11 13:47:32 info: Server is running on http://localhost:3000
2021-11-11 13:50:36 error: Error: тип Unable to compile TypeScript:
[96msrc/utils/mongo-category-query.ts[0m:[93m12[0m:[93m14[0m - [91merror[0m[90m TS2349: [0mThis expression is not callable.
  Each member of the union type '{ <S extends Product>(predicate: (value: Product, index: number, array: Product[]) => value is S, thisArg?: any): S[]; (predicate: (value: Product, index: number, array: Product[]) => unknown, thisArg?: any): Product[]; } | { ...; }' has signatures, but none of those signatures are compatible with each other.

[7m12[0m     products.filter(item => find(item))
[7m  [0m [91m             ~~~~~~[0m

    at Object.<anonymous> (E:\info\js_selflearn\itechart\itechart-backend\src\utils\mongo-category-query.ts:1:7)
    at Module._compile (node:internal/modules/cjs/loader:1101:14)
    at Module._compile (E:\info\js_selflearn\itechart\itechart-backend\node_modules\source-map-support\source-map-support.js:568:25)
    at Module.m._compile (C:\Users\VLAD\AppData\Local\Temp\ts-node-dev-hook-8454165153404938.js:69:33)
    at Module._extensions..js (node:internal/modules/cjs/loader:1153:10)
    at require.extensions..jsx.require.extensions..js (C:\Users\VLAD\AppData\Local\Temp\ts-node-dev-hook-8454165153404938.js:114:20)
    at require.extensions.<computed> (C:\Users\VLAD\AppData\Local\Temp\ts-node-dev-hook-8454165153404938.js:71:20)
    at Object.nodeDevHook [as .ts] (E:\info\js_selflearn\itechart\itechart-backend\node_modules\ts-node-dev\lib\hook.js:63:13)
    at Module.load (node:internal/modules/cjs/loader:981:32)
    at Function.Module._load (node:internal/modules/cjs/loader:822:12)
2021-11-11 13:51:11 error: Error: тип Unable to compile TypeScript:
[96msrc/utils/mongo-category-query.ts[0m:[93m11[0m:[93m28[0m - [91merror[0m[90m TS2304: [0mCannot find name 'Prod'.

[7m11[0m     const products = await Prod
[7m  [0m [91m                           ~~~~[0m

    at Object.<anonymous> (E:\info\js_selflearn\itechart\itechart-backend\src\utils\mongo-category-query.ts:1:7)
    at Module._compile (node:internal/modules/cjs/loader:1101:14)
    at Module._compile (E:\info\js_selflearn\itechart\itechart-backend\node_modules\source-map-support\source-map-support.js:568:25)
    at Module.m._compile (C:\Users\VLAD\AppData\Local\Temp\ts-node-dev-hook-8454165153404938.js:69:33)
    at Module._extensions..js (node:internal/modules/cjs/loader:1153:10)
    at require.extensions..jsx.require.extensions..js (C:\Users\VLAD\AppData\Local\Temp\ts-node-dev-hook-8454165153404938.js:114:20)
    at require.extensions.<computed> (C:\Users\VLAD\AppData\Local\Temp\ts-node-dev-hook-8454165153404938.js:71:20)
    at Object.nodeDevHook [as .ts] (E:\info\js_selflearn\itechart\itechart-backend\node_modules\ts-node-dev\lib\hook.js:63:13)
    at Module.load (node:internal/modules/cjs/loader:981:32)
    at Function.Module._load (node:internal/modules/cjs/loader:822:12)
2021-11-11 13:53:10 info: Server is running on http://localhost:3000
2021-11-11 13:54:42 info: Server is running on http://localhost:3000
2021-11-11 13:54:45 error: CastError: Cast to ObjectId failed for value "food" (type string) at path "_id" for model "Category"
    at model.Query.exec (E:\info\js_selflearn\itechart\itechart-backend\node_modules\mongoose\lib\query.js:4545:21)
    at model.Query.<anonymous> (E:\info\js_selflearn\itechart\itechart-backend\src\connection\connection.ts:13:15)
    at Generator.next (<anonymous>)
    at E:\info\js_selflearn\itechart\itechart-backend\src\connection\connection.ts:8:71
    at new Promise (<anonymous>)
    at __awaiter (E:\info\js_selflearn\itechart\itechart-backend\src\connection\connection.ts:4:12)
    at model.Query.typegoose_1.mongoose.Query.exec (E:\info\js_selflearn\itechart\itechart-backend\src\connection\connection.ts:18:12)
    at model.Query.Query.then (E:\info\js_selflearn\itechart\itechart-backend\node_modules\mongoose\lib\query.js:4644:15)
    at processTicksAndRejections (node:internal/process/task_queues:96:5)
2021-11-11 13:56:09 error: Error: тип Unable to compile TypeScript:
[96msrc/utils/mongo-category-query.ts[0m:[93m15[0m:[93m9[0m - [91merror[0m[90m TS2304: [0mCannot find name 'ignore'.

[7m15[0m     @ts-ignore
[7m  [0m [91m        ~~~~~~[0m
[96msrc/utils/mongo-category-query.ts[0m:[93m16[0m:[93m47[0m - [91merror[0m[90m TS2552: [0mCannot find name 'categor'. Did you mean 'category'?

[7m16[0m     const products = await MongoProduct.find({categor})
[7m  [0m [91m                                              ~~~~~~~[0m

  [96msrc/utils/mongo-category-query.ts[0m:[93m12[0m:[93m9[0m
    [7m12[0m   const category = await categoryRepo.getCategoryById(id)
    [7m  [0m [96m        ~~~~~~~~[0m
    'category' is declared here.
[96msrc/utils/mongo-category-query.ts[0m:[93m15[0m:[93m8[0m - [91merror[0m[90m TS1146: [0mDeclaration expected.

[7m15[0m     @ts-ignore
[7m  [0m [91m       [0m

    at Object.<anonymous> (E:\info\js_selflearn\itechart\itechart-backend\src\utils\mongo-category-query.ts:1:7)
    at Module._compile (node:internal/modules/cjs/loader:1101:14)
    at Module._compile (E:\info\js_selflearn\itechart\itechart-backend\node_modules\source-map-support\source-map-support.js:568:25)
    at Module.m._compile (C:\Users\VLAD\AppData\Local\Temp\ts-node-dev-hook-8454165153404938.js:69:33)
    at Module._extensions..js (node:internal/modules/cjs/loader:1153:10)
    at require.extensions..jsx.require.extensions..js (C:\Users\VLAD\AppData\Local\Temp\ts-node-dev-hook-8454165153404938.js:114:20)
    at require.extensions.<computed> (C:\Users\VLAD\AppData\Local\Temp\ts-node-dev-hook-8454165153404938.js:71:20)
    at Object.nodeDevHook [as .ts] (E:\info\js_selflearn\itechart\itechart-backend\node_modules\ts-node-dev\lib\hook.js:63:13)
    at Module.load (node:internal/modules/cjs/loader:981:32)
    at Function.Module._load (node:internal/modules/cjs/loader:822:12)
2021-11-11 13:57:26 info: Server is running on http://localhost:3000
2021-11-11 13:57:27 error: CastError: Cast to ObjectId failed for value "food" (type string) at path "_id" for model "Category"
    at model.Query.exec (E:\info\js_selflearn\itechart\itechart-backend\node_modules\mongoose\lib\query.js:4545:21)
    at model.Query.<anonymous> (E:\info\js_selflearn\itechart\itechart-backend\src\connection\connection.ts:13:15)
    at Generator.next (<anonymous>)
    at E:\info\js_selflearn\itechart\itechart-backend\src\connection\connection.ts:8:71
    at new Promise (<anonymous>)
    at __awaiter (E:\info\js_selflearn\itechart\itechart-backend\src\connection\connection.ts:4:12)
    at model.Query.typegoose_1.mongoose.Query.exec (E:\info\js_selflearn\itechart\itechart-backend\src\connection\connection.ts:18:12)
    at model.Query.Query.then (E:\info\js_selflearn\itechart\itechart-backend\node_modules\mongoose\lib\query.js:4644:15)
    at processTicksAndRejections (node:internal/process/task_queues:96:5)
2021-11-11 13:58:05 info: Server is running on http://localhost:3000
2021-11-11 13:58:09 error: CastError: Cast to ObjectId failed for value "food" (type string) at path "_id" for model "Category"
    at model.Query.exec (E:\info\js_selflearn\itechart\itechart-backend\node_modules\mongoose\lib\query.js:4545:21)
    at model.Query.<anonymous> (E:\info\js_selflearn\itechart\itechart-backend\src\connection\connection.ts:13:15)
    at Generator.next (<anonymous>)
    at E:\info\js_selflearn\itechart\itechart-backend\src\connection\connection.ts:8:71
    at new Promise (<anonymous>)
    at __awaiter (E:\info\js_selflearn\itechart\itechart-backend\src\connection\connection.ts:4:12)
    at model.Query.typegoose_1.mongoose.Query.exec (E:\info\js_selflearn\itechart\itechart-backend\src\connection\connection.ts:18:12)
    at model.Query.Query.then (E:\info\js_selflearn\itechart\itechart-backend\node_modules\mongoose\lib\query.js:4644:15)
    at processTicksAndRejections (node:internal/process/task_queues:96:5)
2021-11-11 13:58:34 info: Server is running on http://localhost:3000
2021-11-11 13:58:35 error: CastError: Cast to ObjectId failed for value "food" (type string) at path "_id" for model "Category"
    at model.Query.exec (E:\info\js_selflearn\itechart\itechart-backend\node_modules\mongoose\lib\query.js:4545:21)
    at model.Query.<anonymous> (E:\info\js_selflearn\itechart\itechart-backend\src\connection\connection.ts:13:15)
    at Generator.next (<anonymous>)
    at E:\info\js_selflearn\itechart\itechart-backend\src\connection\connection.ts:8:71
    at new Promise (<anonymous>)
    at __awaiter (E:\info\js_selflearn\itechart\itechart-backend\src\connection\connection.ts:4:12)
    at model.Query.typegoose_1.mongoose.Query.exec (E:\info\js_selflearn\itechart\itechart-backend\src\connection\connection.ts:18:12)
    at model.Query.Query.then (E:\info\js_selflearn\itechart\itechart-backend\node_modules\mongoose\lib\query.js:4644:15)
    at processTicksAndRejections (node:internal/process/task_queues:96:5)
2021-11-11 13:59:09 info: Server is running on http://localhost:3000
2021-11-11 13:59:09 error: CastError: Cast to ObjectId failed for value "food" (type string) at path "_id" for model "Category"
    at model.Query.exec (E:\info\js_selflearn\itechart\itechart-backend\node_modules\mongoose\lib\query.js:4545:21)
    at model.Query.<anonymous> (E:\info\js_selflearn\itechart\itechart-backend\src\connection\connection.ts:13:15)
    at Generator.next (<anonymous>)
    at E:\info\js_selflearn\itechart\itechart-backend\src\connection\connection.ts:8:71
    at new Promise (<anonymous>)
    at __awaiter (E:\info\js_selflearn\itechart\itechart-backend\src\connection\connection.ts:4:12)
    at model.Query.typegoose_1.mongoose.Query.exec (E:\info\js_selflearn\itechart\itechart-backend\src\connection\connection.ts:18:12)
    at model.Query.Query.then (E:\info\js_selflearn\itechart\itechart-backend\node_modules\mongoose\lib\query.js:4644:15)
    at processTicksAndRejections (node:internal/process/task_queues:96:5)
2021-11-11 13:59:26 info: Server is running on http://localhost:3000
2021-11-11 13:59:52 info: Server is running on http://localhost:3000
2021-11-11 13:59:53 error: CastError: Cast to ObjectId failed for value "food" (type string) at path "_id" for model "Category"
    at model.Query.exec (E:\info\js_selflearn\itechart\itechart-backend\node_modules\mongoose\lib\query.js:4545:21)
    at model.Query.<anonymous> (E:\info\js_selflearn\itechart\itechart-backend\src\connection\connection.ts:13:15)
    at Generator.next (<anonymous>)
    at E:\info\js_selflearn\itechart\itechart-backend\src\connection\connection.ts:8:71
    at new Promise (<anonymous>)
    at __awaiter (E:\info\js_selflearn\itechart\itechart-backend\src\connection\connection.ts:4:12)
    at model.Query.typegoose_1.mongoose.Query.exec (E:\info\js_selflearn\itechart\itechart-backend\src\connection\connection.ts:18:12)
    at model.Query.Query.then (E:\info\js_selflearn\itechart\itechart-backend\node_modules\mongoose\lib\query.js:4644:15)
    at processTicksAndRejections (node:internal/process/task_queues:96:5)
2021-11-11 14:00:15 info: Server is running on http://localhost:3000
2021-11-11 14:00:38 info: Server is running on http://localhost:3000
2021-11-11 14:00:45 info: Server is running on http://localhost:3000
2021-11-11 14:02:42 info: Server is running on http://localhost:3000
2021-11-11 14:02:46 error: TypeError: product.categories.findOne is not a function
    at E:\info\js_selflearn\itechart\itechart-backend\src\utils\mongo-category-query.ts:8:24
    at Array.forEach (<anonymous>)
    at find (E:\info\js_selflearn\itechart\itechart-backend\src\utils\mongo-category-query.ts:6:12)
    at E:\info\js_selflearn\itechart\itechart-backend\src\utils\mongo-category-query.ts:17:5
    at Generator.next (<anonymous>)
    at fulfilled (E:\info\js_selflearn\itechart\itechart-backend\src\utils\mongo-category-query.ts:5:58)
    at processTicksAndRejections (node:internal/process/task_queues:96:5)
2021-11-11 14:03:25 info: Server is running on http://localhost:3000
2021-11-11 14:03:45 info: Server is running on http://localhost:3000
2021-11-11 14:04:19 info: Server is running on http://localhost:3000
2021-11-11 15:27:58 error: Error: querySrv ECONNREFUSED _mongodb._tcp.cluster0.6mfby.mongodb.net
    at QueryReqWrap.onresolve [as oncomplete] (node:dns:213:19)
2021-11-11 15:28:24 error: Error: querySrv ECONNREFUSED _mongodb._tcp.cluster0.6mfby.mongodb.net
    at QueryReqWrap.onresolve [as oncomplete] (node:dns:213:19)
2021-11-11 15:29:22 error: Error: querySrv ECONNREFUSED _mongodb._tcp.cluster0.6mfby.mongodb.net
    at QueryReqWrap.onresolve [as oncomplete] (node:dns:213:19)
2021-11-11 15:31:04 error: Error: querySrv ECONNREFUSED _mongodb._tcp.cluster0.6mfby.mongodb.net
    at QueryReqWrap.onresolve [as oncomplete] (node:dns:213:19)
2021-11-11 15:31:36 error: Error: querySrv ECONNREFUSED _mongodb._tcp.cluster0.6mfby.mongodb.net
    at QueryReqWrap.onresolve [as oncomplete] (node:dns:213:19)
2021-11-11 15:31:41 error: Error: querySrv ECONNREFUSED _mongodb._tcp.cluster0.6mfby.mongodb.net
    at QueryReqWrap.onresolve [as oncomplete] (node:dns:213:19)
2021-11-11 15:31:57 error: Error: тип Unable to compile TypeScript:
[96msrc/utils/mongo-category-query.ts[0m:[93m20[0m:[93m67[0m - [91merror[0m[90m TS2322: [0mType 'Category | (Document<any, BeAnObject, any> & Category & IObjectWithTypegooseFunction & { _id: any; })' is not assignable to type 'Category & Category'.
  Type 'Document<any, BeAnObject, any> & Category & IObjectWithTypegooseFunction & { _id: any; }' is not assignable to type 'Category & Category'.
    Property 'products' is missing in type 'Document<any, BeAnObject, any> & Category & IObjectWithTypegooseFunction & { _id: any; }' but required in type 'Category'.

[7m20[0m     const products = await productsRepo.getProducts({categories: [fwefwe]})
[7m  [0m [91m                                                                  ~~~~~~[0m

  [96msrc/entity/category.ts[0m:[93m19[0m:[93m3[0m
    [7m19[0m   products: Product[]
    [7m  [0m [96m  ~~~~~~~~[0m
    'products' is declared here.

    at Object.<anonymous> (E:\info\js_selflearn\itechart\itechart-backend\src\utils\mongo-category-query.ts:1:7)
    at Module._compile (node:internal/modules/cjs/loader:1101:14)
    at Module._compile (E:\info\js_selflearn\itechart\itechart-backend\node_modules\source-map-support\source-map-support.js:568:25)
    at Module.m._compile (C:\Users\VLAD\AppData\Local\Temp\ts-node-dev-hook-9338210164003706.js:69:33)
    at Module._extensions..js (node:internal/modules/cjs/loader:1153:10)
    at require.extensions..jsx.require.extensions..js (C:\Users\VLAD\AppData\Local\Temp\ts-node-dev-hook-9338210164003706.js:114:20)
    at require.extensions.<computed> (C:\Users\VLAD\AppData\Local\Temp\ts-node-dev-hook-9338210164003706.js:71:20)
    at Object.nodeDevHook [as .ts] (E:\info\js_selflearn\itechart\itechart-backend\node_modules\ts-node-dev\lib\hook.js:63:13)
    at Module.load (node:internal/modules/cjs/loader:981:32)
    at Function.Module._load (node:internal/modules/cjs/loader:822:12)
2021-11-11 15:32:05 error: Error: querySrv ECONNREFUSED _mongodb._tcp.cluster0.6mfby.mongodb.net
    at QueryReqWrap.onresolve [as oncomplete] (node:dns:213:19)
2021-11-11 15:32:44 info: Server is running on http://localhost:3000
2021-11-11 15:35:07 info: Server is running on http://localhost:3000
2021-11-11 15:35:20 info: Server is running on http://localhost:3000
2021-11-11 15:35:48 info: Server is running on http://localhost:3000
2021-11-11 15:36:01 error: Error: тип Unable to compile TypeScript:
[96msrc/utils/mongo-category-query.ts[0m:[93m23[0m:[93m66[0m - [91merror[0m[90m TS2322: [0mType 'Category | (Document<any, BeAnObject, any> & Category & IObjectWithTypegooseFunction & { _id: any; })' is not assignable to type 'Category & Category'.
  Type 'Document<any, BeAnObject, any> & Category & IObjectWithTypegooseFunction & { _id: any; }' is not assignable to type 'Category & Category'.
    Property 'products' is missing in type 'Document<any, BeAnObject, any> & Category & IObjectWithTypegooseFunction & { _id: any; }' but required in type 'Category'.

[7m23[0m     const products = await productsRepo.getProduct({categories: [fwefwe]})
[7m  [0m [91m                                                                 ~~~~~~[0m

  [96msrc/entity/category.ts[0m:[93m19[0m:[93m3[0m
    [7m19[0m   products: Product[]
    [7m  [0m [96m  ~~~~~~~~[0m
    'products' is declared here.

    at Object.<anonymous> (E:\info\js_selflearn\itechart\itechart-backend\src\utils\mongo-category-query.ts:1:7)
    at Module._compile (node:internal/modules/cjs/loader:1101:14)
    at Module._compile (E:\info\js_selflearn\itechart\itechart-backend\node_modules\source-map-support\source-map-support.js:568:25)
    at Module.m._compile (C:\Users\VLAD\AppData\Local\Temp\ts-node-dev-hook-9776575083422181.js:69:33)
    at Module._extensions..js (node:internal/modules/cjs/loader:1153:10)
    at require.extensions..jsx.require.extensions..js (C:\Users\VLAD\AppData\Local\Temp\ts-node-dev-hook-9776575083422181.js:114:20)
    at require.extensions.<computed> (C:\Users\VLAD\AppData\Local\Temp\ts-node-dev-hook-9776575083422181.js:71:20)
    at Object.nodeDevHook [as .ts] (E:\info\js_selflearn\itechart\itechart-backend\node_modules\ts-node-dev\lib\hook.js:63:13)
    at Module.load (node:internal/modules/cjs/loader:981:32)
    at Function.Module._load (node:internal/modules/cjs/loader:822:12)
2021-11-11 15:36:17 info: Server is running on http://localhost:3000
2021-11-11 15:37:32 info: Server is running on http://localhost:3000
2021-11-11 15:39:58 info: Server is running on http://localhost:3000
2021-11-11 15:54:33 info: Server is running on http://localhost:3000
2021-11-11 15:54:47 error: Error: тип Unable to compile TypeScript:
[96msrc/utils/mongo-category-query.ts[0m:[93m21[0m:[93m24[0m - [91merror[0m[90m TS2339: [0mProperty '_id' does not exist on type 'Category | (Document<any, BeAnObject, any> & Category & IObjectWithTypegooseFunction & { _id: any; })'.
  Property '_id' does not exist on type 'Category'.

[7m21[0m     console.log(fwefwe._id);
[7m  [0m [91m                       ~~~[0m

    at Object.<anonymous> (E:\info\js_selflearn\itechart\itechart-backend\src\utils\mongo-category-query.ts:1:7)
    at Module._compile (node:internal/modules/cjs/loader:1101:14)
    at Module._compile (E:\info\js_selflearn\itechart\itechart-backend\node_modules\source-map-support\source-map-support.js:568:25)
    at Module.m._compile (C:\Users\VLAD\AppData\Local\Temp\ts-node-dev-hook-9776575083422181.js:69:33)
    at Module._extensions..js (node:internal/modules/cjs/loader:1153:10)
    at require.extensions..jsx.require.extensions..js (C:\Users\VLAD\AppData\Local\Temp\ts-node-dev-hook-9776575083422181.js:114:20)
    at require.extensions.<computed> (C:\Users\VLAD\AppData\Local\Temp\ts-node-dev-hook-9776575083422181.js:71:20)
    at Object.nodeDevHook [as .ts] (E:\info\js_selflearn\itechart\itechart-backend\node_modules\ts-node-dev\lib\hook.js:63:13)
    at Module.load (node:internal/modules/cjs/loader:981:32)
    at Function.Module._load (node:internal/modules/cjs/loader:822:12)
2021-11-11 15:55:34 info: Server is running on http://localhost:3000
2021-11-11 15:55:55 info: Server is running on http://localhost:3000
2021-11-11 15:56:09 info: Server is running on http://localhost:3000
2021-11-11 16:05:30 info: Server is running on http://localhost:3000
2021-11-11 16:12:45 info: Server is running on http://localhost:3000
2021-11-11 16:15:19 info: Server is running on http://localhost:3000
2021-11-11 16:15:24 error: Error: тип Unable to compile TypeScript:
[96msrc/utils/mongo-category-query.ts[0m:[93m25[0m:[93m1[0m - [91merror[0m[90m TS1109: [0mExpression expected.

[7m25[0m }
[7m  [0m [91m~[0m

    at Object.<anonymous> (E:\info\js_selflearn\itechart\itechart-backend\src\utils\mongo-category-query.ts:1:7)
    at Module._compile (node:internal/modules/cjs/loader:1101:14)
    at Module._compile (E:\info\js_selflearn\itechart\itechart-backend\node_modules\source-map-support\source-map-support.js:568:25)
    at Module.m._compile (C:\Users\VLAD\AppData\Local\Temp\ts-node-dev-hook-9776575083422181.js:69:33)
    at Module._extensions..js (node:internal/modules/cjs/loader:1153:10)
    at require.extensions..jsx.require.extensions..js (C:\Users\VLAD\AppData\Local\Temp\ts-node-dev-hook-9776575083422181.js:114:20)
    at require.extensions.<computed> (C:\Users\VLAD\AppData\Local\Temp\ts-node-dev-hook-9776575083422181.js:71:20)
    at Object.nodeDevHook [as .ts] (E:\info\js_selflearn\itechart\itechart-backend\node_modules\ts-node-dev\lib\hook.js:63:13)
    at Module.load (node:internal/modules/cjs/loader:981:32)
    at Function.Module._load (node:internal/modules/cjs/loader:822:12)
2021-11-11 16:16:17 info: Server is running on http://localhost:3000
2021-11-11 16:16:27 info: Server is running on http://localhost:3000
2021-11-11 16:17:56 info: Server is running on http://localhost:3000
2021-11-11 16:18:16 info: Server is running on http://localhost:3000
2021-11-11 16:18:34 info: Server is running on http://localhost:3000
2021-11-11 16:20:04 info: Server is running on http://localhost:3000
2021-11-11 16:29:45 info: Server is running on http://localhost:3000
2021-11-11 16:37:48 error: Error: тип Unable to compile TypeScript:
[96msrc/utils/mongo-category-query.ts[0m:[93m22[0m:[93m15[0m - [91merror[0m[90m TS2304: [0mCannot find name 'ewgw'.

[7m22[0m   console.log(ewgw);
[7m  [0m [91m              ~~~~[0m

    at Object.<anonymous> (E:\info\js_selflearn\itechart\itechart-backend\src\utils\mongo-category-query.ts:1:7)
    at Module._compile (node:internal/modules/cjs/loader:1101:14)
    at Module._compile (E:\info\js_selflearn\itechart\itechart-backend\node_modules\source-map-support\source-map-support.js:568:25)
    at Module.m._compile (C:\Users\VLAD\AppData\Local\Temp\ts-node-dev-hook-9776575083422181.js:69:33)
    at Module._extensions..js (node:internal/modules/cjs/loader:1153:10)
    at require.extensions..jsx.require.extensions..js (C:\Users\VLAD\AppData\Local\Temp\ts-node-dev-hook-9776575083422181.js:114:20)
    at require.extensions.<computed> (C:\Users\VLAD\AppData\Local\Temp\ts-node-dev-hook-9776575083422181.js:71:20)
    at Object.nodeDevHook [as .ts] (E:\info\js_selflearn\itechart\itechart-backend\node_modules\ts-node-dev\lib\hook.js:63:13)
    at Module.load (node:internal/modules/cjs/loader:981:32)
    at Function.Module._load (node:internal/modules/cjs/loader:822:12)
2021-11-11 16:40:56 error: Error: тип Unable to compile TypeScript:
[96msrc/utils/mongo-category-query.ts[0m:[93m19[0m:[93m52[0m - [91merror[0m[90m TS2322: [0mType 'Category | (Document<any, BeAnObject, any> & Category & IObjectWithTypegooseFunction & { _id: any; })' is not assignable to type '(Category | Category[]) & Category'.
  Type 'Document<any, BeAnObject, any> & Category & IObjectWithTypegooseFunction & { _id: any; }' is not assignable to type '(Category | Category[]) & Category'.
    Type 'Document<any, BeAnObject, any> & Category & IObjectWithTypegooseFunction & { _id: any; }' is not assignable to type 'Category & Category'.
      Property 'products' is missing in type 'Document<any, BeAnObject, any> & Category & IObjectWithTypegooseFunction & { _id: any; }' but required in type 'Category'.

[7m19[0m   const products = await productsRepo.getProducts({categories: category})
[7m  [0m [91m                                                   ~~~~~~~~~~[0m

  [96msrc/entity/category.ts[0m:[93m19[0m:[93m3[0m
    [7m19[0m   products: Product[]
    [7m  [0m [96m  ~~~~~~~~[0m
    'products' is declared here.
  [96msrc/dto/product-pg.dto.ts[0m:[93m8[0m:[93m3[0m
    [7m8[0m   categories?: Category[] | Category
    [7m [0m [96m  ~~~~~~~~~~[0m
    The expected type comes from property 'categories' which is declared here on type 'productPg & productMongo'

    at Object.<anonymous> (E:\info\js_selflearn\itechart\itechart-backend\src\utils\mongo-category-query.ts:1:7)
    at Module._compile (node:internal/modules/cjs/loader:1101:14)
    at Module._compile (E:\info\js_selflearn\itechart\itechart-backend\node_modules\source-map-support\source-map-support.js:568:25)
    at Module.m._compile (C:\Users\VLAD\AppData\Local\Temp\ts-node-dev-hook-9776575083422181.js:69:33)
    at Module._extensions..js (node:internal/modules/cjs/loader:1153:10)
    at require.extensions..jsx.require.extensions..js (C:\Users\VLAD\AppData\Local\Temp\ts-node-dev-hook-9776575083422181.js:114:20)
    at require.extensions.<computed> (C:\Users\VLAD\AppData\Local\Temp\ts-node-dev-hook-9776575083422181.js:71:20)
    at Object.nodeDevHook [as .ts] (E:\info\js_selflearn\itechart\itechart-backend\node_modules\ts-node-dev\lib\hook.js:63:13)
    at Module.load (node:internal/modules/cjs/loader:981:32)
    at Function.Module._load (node:internal/modules/cjs/loader:822:12)
2021-11-11 16:45:24 info: Server is running on http://localhost:3000
2021-11-11 16:49:36 info: Server is running on http://localhost:3000
2021-11-11 17:07:41 error: Error: тип Unable to compile TypeScript:
[96msrc/repository/product/ProductRepository.ts[0m:[93m27[0m:[93m36[0m - [91merror[0m[90m TS2559: [0mType 'mappedQueryMongo' has no properties in common with type 'productPg'.

[7m27[0m     return this.entity.getProducts(entity);
[7m  [0m [91m                                   ~~~~~~[0m

    at Object.<anonymous> (E:\info\js_selflearn\itechart\itechart-backend\src\repository\product\ProductRepository.ts:1:7)
    at Module._compile (node:internal/modules/cjs/loader:1101:14)
    at Module._compile (E:\info\js_selflearn\itechart\itechart-backend\node_modules\source-map-support\source-map-support.js:568:25)
    at Module.m._compile (C:\Users\VLAD\AppData\Local\Temp\ts-node-dev-hook-9776575083422181.js:69:33)
    at Module._extensions..js (node:internal/modules/cjs/loader:1153:10)
    at require.extensions..jsx.require.extensions..js (C:\Users\VLAD\AppData\Local\Temp\ts-node-dev-hook-9776575083422181.js:114:20)
    at require.extensions.<computed> (C:\Users\VLAD\AppData\Local\Temp\ts-node-dev-hook-9776575083422181.js:71:20)
    at Object.nodeDevHook [as .ts] (E:\info\js_selflearn\itechart\itechart-backend\node_modules\ts-node-dev\lib\hook.js:63:13)
    at Module.load (node:internal/modules/cjs/loader:981:32)
    at Function.Module._load (node:internal/modules/cjs/loader:822:12)
2021-11-11 17:11:23 error: Error: тип Unable to compile TypeScript:
[96msrc/repository/product/ProductRepository.ts[0m:[93m22[0m:[93m24[0m - [91merror[0m[90m TS2554: [0mExpected 2 arguments, but got 1.

[7m22[0m     return this.entity.getProducts(entity);
[7m  [0m [91m                       ~~~~~~~~~~~~~~~~~~~[0m
[96msrc/repository/product/ProductRepository.ts[0m:[93m31[0m:[93m24[0m - [91merror[0m[90m TS2554: [0mExpected 2 arguments, but got 1.

[7m31[0m     return this.entity.getProductById(id);
[7m  [0m [91m                       ~~~~~~~~~~~~~~~~~~[0m

  [96msrc/repository/product/ProductMongoRepository.ts[0m:[93m22[0m:[93m30[0m
    [7m22[0m   getProductById(id: string, keys: 'id displayName totalRating price') {
    [7m  [0m [96m                             ~~~~~~~~~~~~~~~~~~~~~~~~~~~~~~~~~~~~~~~~[0m
    An argument for 'keys' was not provided.
[96msrc/repository/product/ProductRepository.ts[0m:[93m35[0m:[93m24[0m - [91merror[0m[90m TS2554: [0mExpected 2 arguments, but got 1.

[7m35[0m     return this.entity.getProduct(entity);
[7m  [0m [91m                       ~~~~~~~~~~~~~~~~~~[0m

    at Object.<anonymous> (E:\info\js_selflearn\itechart\itechart-backend\src\repository\product\ProductRepository.ts:1:7)
    at Module._compile (node:internal/modules/cjs/loader:1101:14)
    at Module._compile (E:\info\js_selflearn\itechart\itechart-backend\node_modules\source-map-support\source-map-support.js:568:25)
    at Module.m._compile (C:\Users\VLAD\AppData\Local\Temp\ts-node-dev-hook-9776575083422181.js:69:33)
    at Module._extensions..js (node:internal/modules/cjs/loader:1153:10)
    at require.extensions..jsx.require.extensions..js (C:\Users\VLAD\AppData\Local\Temp\ts-node-dev-hook-9776575083422181.js:114:20)
    at require.extensions.<computed> (C:\Users\VLAD\AppData\Local\Temp\ts-node-dev-hook-9776575083422181.js:71:20)
    at Object.nodeDevHook [as .ts] (E:\info\js_selflearn\itechart\itechart-backend\node_modules\ts-node-dev\lib\hook.js:63:13)
    at Module.load (node:internal/modules/cjs/loader:981:32)
    at Function.Module._load (node:internal/modules/cjs/loader:822:12)
2021-11-11 17:25:44 info: Server is running on http://localhost:3000
2021-11-11 17:26:01 info: Server is running on http://localhost:3000
2021-11-11 17:26:10 info: Server is running on http://localhost:3000
2021-11-11 17:28:16 info: Server is running on http://localhost:3000
2021-11-11 17:29:11 info: Server is running on http://localhost:3000
2021-11-11 17:29:45 info: Server is running on http://localhost:3000
2021-11-11 17:29:59 info: Server is running on http://localhost:3000
2021-11-11 17:30:19 info: Server is running on http://localhost:3000
2021-11-11 17:30:55 info: Server is running on http://localhost:3000
2021-11-11 17:31:15 error: Error: тип Unable to compile TypeScript:
[96msrc/utils/mongo-category-query.ts[0m:[93m17[0m:[93m5[0m - [91merror[0m[90m TS2322: [0mType '{}[]' is not assignable to type 'Product[] | (Document<any, BeAnObject, any> & Product & IObjectWithTypegooseFunction & { _id: any; })[]'.
  Type '{}[]' is not assignable to type 'Product[]'.
    Type '{}' is missing the following properties from type 'Product': id, displayName, totalRating, price, and 2 more.

[7m17[0m     products = products.map(product => ({
[7m  [0m [91m    ~~~~~~~~[0m

    at Object.<anonymous> (E:\info\js_selflearn\itechart\itechart-backend\src\utils\mongo-category-query.ts:1:7)
    at Module._compile (node:internal/modules/cjs/loader:1101:14)
    at Module._compile (E:\info\js_selflearn\itechart\itechart-backend\node_modules\source-map-support\source-map-support.js:568:25)
    at Module.m._compile (C:\Users\VLAD\AppData\Local\Temp\ts-node-dev-hook-9776575083422181.js:69:33)
    at Module._extensions..js (node:internal/modules/cjs/loader:1153:10)
    at require.extensions..jsx.require.extensions..js (C:\Users\VLAD\AppData\Local\Temp\ts-node-dev-hook-9776575083422181.js:114:20)
    at require.extensions.<computed> (C:\Users\VLAD\AppData\Local\Temp\ts-node-dev-hook-9776575083422181.js:71:20)
    at Object.nodeDevHook [as .ts] (E:\info\js_selflearn\itechart\itechart-backend\node_modules\ts-node-dev\lib\hook.js:63:13)
    at Module.load (node:internal/modules/cjs/loader:981:32)
    at Function.Module._load (node:internal/modules/cjs/loader:822:12)
2021-11-11 17:31:44 error: Error: тип Unable to compile TypeScript:
[96msrc/utils/mongo-category-query.ts[0m:[93m17[0m:[93m5[0m - [91merror[0m[90m TS2322: [0mType '{ displayName: any; price: any; }[]' is not assignable to type 'Product[] | (Document<any, BeAnObject, any> & Product & IObjectWithTypegooseFunction & { _id: any; })[]'.
  Type '{ displayName: any; price: any; }[]' is not assignable to type 'Product[]'.
    Type '{ displayName: any; price: any; }' is missing the following properties from type 'Product': id, totalRating, createdAt, categories

[7m17[0m     products = products.map(product => ({
[7m  [0m [91m    ~~~~~~~~[0m

    at Object.<anonymous> (E:\info\js_selflearn\itechart\itechart-backend\src\utils\mongo-category-query.ts:1:7)
    at Module._compile (node:internal/modules/cjs/loader:1101:14)
    at Module._compile (E:\info\js_selflearn\itechart\itechart-backend\node_modules\source-map-support\source-map-support.js:568:25)
    at Module.m._compile (C:\Users\VLAD\AppData\Local\Temp\ts-node-dev-hook-9776575083422181.js:69:33)
    at Module._extensions..js (node:internal/modules/cjs/loader:1153:10)
    at require.extensions..jsx.require.extensions..js (C:\Users\VLAD\AppData\Local\Temp\ts-node-dev-hook-9776575083422181.js:114:20)
    at require.extensions.<computed> (C:\Users\VLAD\AppData\Local\Temp\ts-node-dev-hook-9776575083422181.js:71:20)
    at Object.nodeDevHook [as .ts] (E:\info\js_selflearn\itechart\itechart-backend\node_modules\ts-node-dev\lib\hook.js:63:13)
    at Module.load (node:internal/modules/cjs/loader:981:32)
    at Function.Module._load (node:internal/modules/cjs/loader:822:12)
2021-11-11 17:31:55 error: Error: тип Unable to compile TypeScript:
[96msrc/utils/mongo-category-query.ts[0m:[93m17[0m:[93m5[0m - [91merror[0m[90m TS2322: [0mType '{ displayName: any; price: any; rating: any; }[]' is not assignable to type 'Product[] | (Document<any, BeAnObject, any> & Product & IObjectWithTypegooseFunction & { _id: any; })[]'.
  Type '{ displayName: any; price: any; rating: any; }[]' is not assignable to type 'Product[]'.
    Type '{ displayName: any; price: any; rating: any; }' is missing the following properties from type 'Product': id, totalRating, createdAt, categories

[7m17[0m     products = products.map(product => ({
[7m  [0m [91m    ~~~~~~~~[0m

    at Object.<anonymous> (E:\info\js_selflearn\itechart\itechart-backend\src\utils\mongo-category-query.ts:1:7)
    at Module._compile (node:internal/modules/cjs/loader:1101:14)
    at Module._compile (E:\info\js_selflearn\itechart\itechart-backend\node_modules\source-map-support\source-map-support.js:568:25)
    at Module.m._compile (C:\Users\VLAD\AppData\Local\Temp\ts-node-dev-hook-9776575083422181.js:69:33)
    at Module._extensions..js (node:internal/modules/cjs/loader:1153:10)
    at require.extensions..jsx.require.extensions..js (C:\Users\VLAD\AppData\Local\Temp\ts-node-dev-hook-9776575083422181.js:114:20)
    at require.extensions.<computed> (C:\Users\VLAD\AppData\Local\Temp\ts-node-dev-hook-9776575083422181.js:71:20)
    at Object.nodeDevHook [as .ts] (E:\info\js_selflearn\itechart\itechart-backend\node_modules\ts-node-dev\lib\hook.js:63:13)
    at Module.load (node:internal/modules/cjs/loader:981:32)
    at Function.Module._load (node:internal/modules/cjs/loader:822:12)
2021-11-11 17:32:25 info: Server is running on http://localhost:3000
2021-11-11 17:32:46 info: Server is running on http://localhost:3000
2021-11-11 17:36:48 error: Error: тип Unable to compile TypeScript:
[96msrc/routes/category.ts[0m:[93m11[0m:[93m43[0m - [91merror[0m[90m TS2554: [0mExpected 1-4 arguments, but got 0.

[7m11[0m     const categories = await categoryRepo.getCategories()
[7m  [0m [91m                                          ~~~~~~~~~~~~~~~[0m

  [96msrc/repository/category/CategoryRepository.ts[0m:[93m21[0m:[93m23[0m
    [7m21[0m   async getCategories(entity: categoryMongo | categoryPg, keys?: string, limit?: number, skip?: number) {
    [7m  [0m [96m                      ~~~~~~~~~~~~~~~~~~~~~~~~~~~~~~~~~~[0m
    An argument for 'entity' was not provided.
[96msrc/routes/category.ts[0m:[93m23[0m:[93m14[0m - [91merror[0m[90m TS2339: [0mProperty 'products' does not exist on type 'Category | (Document<any, BeAnObject, any> & Category & IObjectWithTypegooseFunction & { _id: any; })'.
  Property 'products' does not exist on type 'Document<any, BeAnObject, any> & Category & IObjectWithTypegooseFunction & { _id: any; }'.

[7m23[0m     category.products = await mapQuery(req.query, req.params.id)
[7m  [0m [91m             ~~~~~~~~[0m

    at Object.<anonymous> (E:\info\js_selflearn\itechart\itechart-backend\src\routes\category.ts:1:7)
    at Module._compile (node:internal/modules/cjs/loader:1101:14)
    at Module._compile (E:\info\js_selflearn\itechart\itechart-backend\node_modules\source-map-support\source-map-support.js:568:25)
    at Module.m._compile (C:\Users\VLAD\AppData\Local\Temp\ts-node-dev-hook-9776575083422181.js:69:33)
    at Module._extensions..js (node:internal/modules/cjs/loader:1153:10)
    at require.extensions..jsx.require.extensions..js (C:\Users\VLAD\AppData\Local\Temp\ts-node-dev-hook-9776575083422181.js:114:20)
    at require.extensions.<computed> (C:\Users\VLAD\AppData\Local\Temp\ts-node-dev-hook-9776575083422181.js:71:20)
    at Object.nodeDevHook [as .ts] (E:\info\js_selflearn\itechart\itechart-backend\node_modules\ts-node-dev\lib\hook.js:63:13)
    at Module.load (node:internal/modules/cjs/loader:981:32)
    at Function.Module._load (node:internal/modules/cjs/loader:822:12)
2021-11-11 17:37:24 info: Server is running on http://localhost:3000
2021-11-11 17:37:42 info: Server is running on http://localhost:3000
2021-11-11 17:38:00 info: Server is running on http://localhost:3000
2021-11-11 17:39:30 error: Error: тип Unable to compile TypeScript:
[96msrc/routes/category.ts[0m:[93m25[0m:[93m21[0m - [91merror[0m[90m TS2339: [0mProperty '_id' does not exist on type 'Category | (Document<any, BeAnObject, any> & Category & IObjectWithTypegooseFunction & { _id: any; })'.
  Property '_id' does not exist on type 'Category'.

[7m25[0m       _id: category._id,
[7m  [0m [91m                    ~~~[0m

    at Object.<anonymous> (E:\info\js_selflearn\itechart\itechart-backend\src\routes\category.ts:1:7)
    at Module._compile (node:internal/modules/cjs/loader:1101:14)
    at Module._compile (E:\info\js_selflearn\itechart\itechart-backend\node_modules\source-map-support\source-map-support.js:568:25)
    at Module.m._compile (C:\Users\VLAD\AppData\Local\Temp\ts-node-dev-hook-9776575083422181.js:69:33)
    at Module._extensions..js (node:internal/modules/cjs/loader:1153:10)
    at require.extensions..jsx.require.extensions..js (C:\Users\VLAD\AppData\Local\Temp\ts-node-dev-hook-9776575083422181.js:114:20)
    at require.extensions.<computed> (C:\Users\VLAD\AppData\Local\Temp\ts-node-dev-hook-9776575083422181.js:71:20)
    at Object.nodeDevHook [as .ts] (E:\info\js_selflearn\itechart\itechart-backend\node_modules\ts-node-dev\lib\hook.js:63:13)
    at Module.load (node:internal/modules/cjs/loader:981:32)
    at Function.Module._load (node:internal/modules/cjs/loader:822:12)
2021-11-11 17:40:19 info: Server is running on http://localhost:3000
2021-11-11 17:46:18 info: Server is running on http://localhost:3000
2021-11-11 17:55:50 info: Server is running on http://localhost:3000
2021-11-11 17:56:43 info: Server is running on http://localhost:3000
2021-11-11 19:22:18 info: Server is running on http://localhost:3000
2021-11-11 19:22:55 info: Server is running on http://localhost:3000
2021-11-11 19:23:06 info: Server is running on http://localhost:3000
2021-11-11 19:23:28 info: Server is running on http://localhost:3000
2021-11-11 19:23:31 error: TypeError: Converting circular structure to JSON
    --> starting at object with constructor 'EntityMetadata'
    |     property 'ownColumns' -> object with constructor 'Array'
    |     index 0 -> object with constructor 'ColumnMetadata'
    --- property 'entityMetadata' closes the circle
    at JSON.stringify (<anonymous>)
    at stringify (E:\info\js_selflearn\itechart\itechart-backend\node_modules\express\lib\response.js:1123:12)
    at ServerResponse.json (E:\info\js_selflearn\itechart\itechart-backend\node_modules\express\lib\response.js:260:14)
    at ServerResponse.send (E:\info\js_selflearn\itechart\itechart-backend\node_modules\express\lib\response.js:158:21)
    at E:\info\js_selflearn\itechart\itechart-backend\src\routes\product.ts:23:9
    at Generator.next (<anonymous>)
    at E:\info\js_selflearn\itechart\itechart-backend\src\routes\product.ts:8:71
    at new Promise (<anonymous>)
    at __awaiter (E:\info\js_selflearn\itechart\itechart-backend\src\routes\product.ts:4:12)
    at E:\info\js_selflearn\itechart\itechart-backend\src\routes\product.ts:11:51
2021-11-11 19:24:03 info: Server is running on http://localhost:3000
2021-11-12 09:34:25 info: Server is running on http://localhost:3000
2021-11-12 09:36:32 info: Server is running on http://localhost:3000
2021-11-12 09:37:16 info: Server is running on http://localhost:3000
2021-11-12 09:37:22 info: Server is running on http://localhost:3000
2021-11-12 09:38:11 info: Server is running on http://localhost:3000
2021-11-12 09:38:20 info: Server is running on http://localhost:3000
2021-11-12 09:38:31 info: Server is running on http://localhost:3000
2021-11-12 09:39:03 info: Server is running on http://localhost:3000
2021-11-12 09:40:58 info: Server is running on http://localhost:3000
2021-11-12 09:45:06 info: Server is running on http://localhost:3000
2021-11-12 09:45:20 info: Server is running on http://localhost:3000
2021-11-12 09:50:48 error: QueryFailedError: ╨╛╤И╨╕╨▒╨║╨░ ╤Б╨╕╨╜╤В╨░╨║╤Б╨╕╤Б╨░ (╨┐╤А╨╕╨╝╨╡╤А╨╜╨╛╨╡ ╨┐╨╛╨╗╨╛╨╢╨╡╨╜╨╕╨╡: "*")
    at QueryFailedError.TypeORMError [as constructor] (E:\info\js_selflearn\itechart\itechart-backend\src\error\TypeORMError.ts:7:9)
    at new QueryFailedError (E:\info\js_selflearn\itechart\itechart-backend\src\error\QueryFailedError.ts:9:9)
    at PostgresQueryRunner.<anonymous> (E:\info\js_selflearn\itechart\itechart-backend\src\driver\postgres\PostgresQueryRunner.ts:258:19)
    at step (E:\info\js_selflearn\itechart\itechart-backend\node_modules\tslib\tslib.js:143:27)
    at Object.throw (E:\info\js_selflearn\itechart\itechart-backend\node_modules\tslib\tslib.js:124:57)
    at rejected (E:\info\js_selflearn\itechart\itechart-backend\node_modules\tslib\tslib.js:115:69)
    at processTicksAndRejections (node:internal/process/task_queues:96:5)
2021-11-12 09:51:03 error: QueryFailedError: ╤Б╤В╨╛╨╗╨▒╨╡╤Ж "*" ╨╜╨╡ ╤Б╤Г╤Й╨╡╤Б╤В╨▓╤Г╨╡╤В
    at QueryFailedError.TypeORMError [as constructor] (E:\info\js_selflearn\itechart\itechart-backend\src\error\TypeORMError.ts:7:9)
    at new QueryFailedError (E:\info\js_selflearn\itechart\itechart-backend\src\error\QueryFailedError.ts:9:9)
    at PostgresQueryRunner.<anonymous> (E:\info\js_selflearn\itechart\itechart-backend\src\driver\postgres\PostgresQueryRunner.ts:258:19)
    at step (E:\info\js_selflearn\itechart\itechart-backend\node_modules\tslib\tslib.js:143:27)
    at Object.throw (E:\info\js_selflearn\itechart\itechart-backend\node_modules\tslib\tslib.js:124:57)
    at rejected (E:\info\js_selflearn\itechart\itechart-backend\node_modules\tslib\tslib.js:115:69)
    at processTicksAndRejections (node:internal/process/task_queues:96:5)
2021-11-12 09:51:14 error: QueryFailedError: ╨╛╤И╨╕╨▒╨║╨░ ╤Б╨╕╨╜╤В╨░╨║╤Б╨╕╤Б╨░ ╨▓ ╨║╨╛╨╜╤Ж╨╡
    at QueryFailedError.TypeORMError [as constructor] (E:\info\js_selflearn\itechart\itechart-backend\src\error\TypeORMError.ts:7:9)
    at new QueryFailedError (E:\info\js_selflearn\itechart\itechart-backend\src\error\QueryFailedError.ts:9:9)
    at PostgresQueryRunner.<anonymous> (E:\info\js_selflearn\itechart\itechart-backend\src\driver\postgres\PostgresQueryRunner.ts:258:19)
    at step (E:\info\js_selflearn\itechart\itechart-backend\node_modules\tslib\tslib.js:143:27)
    at Object.throw (E:\info\js_selflearn\itechart\itechart-backend\node_modules\tslib\tslib.js:124:57)
    at rejected (E:\info\js_selflearn\itechart\itechart-backend\node_modules\tslib\tslib.js:115:69)
    at processTicksAndRejections (node:internal/process/task_queues:96:5)
2021-11-12 09:52:42 info: Server is running on http://localhost:3000
2021-11-12 09:53:26 info: Server is running on http://localhost:3000
2021-11-12 09:53:29 info: Server is running on http://localhost:3000
2021-11-12 09:56:32 info: Server is running on http://localhost:3000
2021-11-12 09:57:50 error: Error: тип Unable to compile TypeScript:
[96msrc/utils/pg-product-query.ts[0m:[93m16[0m:[93m5[0m - [91merror[0m[90m TS1109: [0mExpression expected.

[7m16[0m     }
[7m  [0m [91m    ~[0m

    at Object.<anonymous> (E:\info\js_selflearn\itechart\itechart-backend\src\utils\pg-product-query.ts:1:7)
    at Module._compile (node:internal/modules/cjs/loader:1101:14)
    at Module._compile (E:\info\js_selflearn\itechart\itechart-backend\node_modules\source-map-support\source-map-support.js:568:25)
    at Module.m._compile (C:\Users\VLAD\AppData\Local\Temp\ts-node-dev-hook-8038702756147844.js:69:33)
    at Module._extensions..js (node:internal/modules/cjs/loader:1153:10)
    at require.extensions..jsx.require.extensions..js (C:\Users\VLAD\AppData\Local\Temp\ts-node-dev-hook-8038702756147844.js:114:20)
    at require.extensions.<computed> (C:\Users\VLAD\AppData\Local\Temp\ts-node-dev-hook-8038702756147844.js:71:20)
    at Object.nodeDevHook [as .ts] (E:\info\js_selflearn\itechart\itechart-backend\node_modules\ts-node-dev\lib\hook.js:63:13)
    at Module.load (node:internal/modules/cjs/loader:981:32)
    at Function.Module._load (node:internal/modules/cjs/loader:822:12)
2021-11-12 09:58:24 info: Server is running on http://localhost:3000
2021-11-12 09:58:40 info: Server is running on http://localhost:3000
2021-11-12 10:00:41 error: Error: тип Unable to compile TypeScript:
[96msrc/utils/pg-product-query.ts[0m:[93m23[0m:[93m11[0m - [91merror[0m[90m TS2339: [0mProperty 's' does not exist on type 'SelectQueryBuilder<Product>'.

[7m23[0m   qb = qb.s
[7m  [0m [91m          ~[0m

    at Object.<anonymous> (E:\info\js_selflearn\itechart\itechart-backend\src\utils\pg-product-query.ts:1:7)
    at Module._compile (node:internal/modules/cjs/loader:1101:14)
    at Module._compile (E:\info\js_selflearn\itechart\itechart-backend\node_modules\source-map-support\source-map-support.js:568:25)
    at Module.m._compile (C:\Users\VLAD\AppData\Local\Temp\ts-node-dev-hook-8038702756147844.js:69:33)
    at Module._extensions..js (node:internal/modules/cjs/loader:1153:10)
    at require.extensions..jsx.require.extensions..js (C:\Users\VLAD\AppData\Local\Temp\ts-node-dev-hook-8038702756147844.js:114:20)
    at require.extensions.<computed> (C:\Users\VLAD\AppData\Local\Temp\ts-node-dev-hook-8038702756147844.js:71:20)
    at Object.nodeDevHook [as .ts] (E:\info\js_selflearn\itechart\itechart-backend\node_modules\ts-node-dev\lib\hook.js:63:13)
    at Module.load (node:internal/modules/cjs/loader:981:32)
    at Function.Module._load (node:internal/modules/cjs/loader:822:12)
2021-11-12 10:00:49 error: Error: тип Unable to compile TypeScript:
[96msrc/utils/pg-product-query.ts[0m:[93m23[0m:[93m11[0m - [91merror[0m[90m TS2554: [0mExpected 1-2 arguments, but got 0.

[7m23[0m   qb = qb.where()
[7m  [0m [91m          ~~~~~~~[0m

  [96mnode_modules/typeorm/query-builder/SelectQueryBuilder.d.ts[0m:[93m369[0m:[93m11[0m
    [7m369[0m     where(where: Brackets | string | ((qb: this) => string) | ObjectLiteral | ObjectLiteral[], parameters?: ObjectLiteral): this;
    [7m   [0m [96m          ~~~~~~~~~~~~~~~~~~~~~~~~~~~~~~~~~~~~~~~~~~~~~~~~~~~~~~~~~~~~~~~~~~~~~~~~~~~~~~~~~~~[0m
    An argument for 'where' was not provided.

    at Object.<anonymous> (E:\info\js_selflearn\itechart\itechart-backend\src\utils\pg-product-query.ts:1:7)
    at Module._compile (node:internal/modules/cjs/loader:1101:14)
    at Module._compile (E:\info\js_selflearn\itechart\itechart-backend\node_modules\source-map-support\source-map-support.js:568:25)
    at Module.m._compile (C:\Users\VLAD\AppData\Local\Temp\ts-node-dev-hook-8038702756147844.js:69:33)
    at Module._extensions..js (node:internal/modules/cjs/loader:1153:10)
    at require.extensions..jsx.require.extensions..js (C:\Users\VLAD\AppData\Local\Temp\ts-node-dev-hook-8038702756147844.js:114:20)
    at require.extensions.<computed> (C:\Users\VLAD\AppData\Local\Temp\ts-node-dev-hook-8038702756147844.js:71:20)
    at Object.nodeDevHook [as .ts] (E:\info\js_selflearn\itechart\itechart-backend\node_modules\ts-node-dev\lib\hook.js:63:13)
    at Module.load (node:internal/modules/cjs/loader:981:32)
    at Function.Module._load (node:internal/modules/cjs/loader:822:12)
2021-11-12 10:00:55 info: Server is running on http://localhost:3000
2021-11-12 10:01:38 info: Server is running on http://localhost:3000
2021-11-12 10:02:04 info: Server is running on http://localhost:3000
2021-11-12 10:02:15 info: Server is running on http://localhost:3000
2021-11-12 10:04:57 info: Server is running on http://localhost:3000
2021-11-12 10:05:59 info: Server is running on http://localhost:3000
2021-11-12 10:08:42 error: Error: тип Unable to compile TypeScript:
[96msrc/utils/pg-product-query.ts[0m:[93m28[0m:[93m52[0m - [91merror[0m[90m TS2345: [0mArgument of type 'string' is not assignable to parameter of type '"ASC" | "DESC"'.

[7m28[0m     qb.orderBy(`product.${mappedQuery.sortBy[0]}`, `${mappedQuery.sortBy[1]}`)
[7m  [0m [91m                                                   ~~~~~~~~~~~~~~~~~~~~~~~~~~[0m

    at Object.<anonymous> (E:\info\js_selflearn\itechart\itechart-backend\src\utils\pg-product-query.ts:1:7)
    at Module._compile (node:internal/modules/cjs/loader:1101:14)
    at Module._compile (E:\info\js_selflearn\itechart\itechart-backend\node_modules\source-map-support\source-map-support.js:568:25)
    at Module.m._compile (C:\Users\VLAD\AppData\Local\Temp\ts-node-dev-hook-8038702756147844.js:69:33)
    at Module._extensions..js (node:internal/modules/cjs/loader:1153:10)
    at require.extensions..jsx.require.extensions..js (C:\Users\VLAD\AppData\Local\Temp\ts-node-dev-hook-8038702756147844.js:114:20)
    at require.extensions.<computed> (C:\Users\VLAD\AppData\Local\Temp\ts-node-dev-hook-8038702756147844.js:71:20)
    at Object.nodeDevHook [as .ts] (E:\info\js_selflearn\itechart\itechart-backend\node_modules\ts-node-dev\lib\hook.js:63:13)
    at Module.load (node:internal/modules/cjs/loader:981:32)
    at Function.Module._load (node:internal/modules/cjs/loader:822:12)
2021-11-12 10:12:43 info: Server is running on http://localhost:3000
2021-11-12 10:12:47 error: TypeORMError: SelectQueryBuilder.addOrderBy "order" can accept only "ASC" and "DESC" values.
    at new TypeORMError (E:\info\js_selflearn\itechart\itechart-backend\src\error\TypeORMError.ts:7:9)
    at SelectQueryBuilder.orderBy (E:\info\js_selflearn\itechart\itechart-backend\src\query-builder\SelectQueryBuilder.ts:883:19)
    at E:\info\js_selflearn\itechart\itechart-backend\src\utils\pg-product-query.ts:42:8
    at Generator.next (<anonymous>)
    at E:\info\js_selflearn\itechart\itechart-backend\src\utils\pg-product-query.ts:8:71
    at new Promise (<anonymous>)
    at __awaiter (E:\info\js_selflearn\itechart\itechart-backend\src\utils\pg-product-query.ts:4:12)
    at default_1 (E:\info\js_selflearn\itechart\itechart-backend\src\utils\pg-product-query.ts:28:12)
    at E:\info\js_selflearn\itechart\itechart-backend\src\routes\product.ts:19:31
    at Generator.next (<anonymous>)
2021-11-12 10:13:08 info: Server is running on http://localhost:3000
2021-11-12 10:13:12 error: TypeORMError: SelectQueryBuilder.addOrderBy "order" can accept only "ASC" and "DESC" values.
    at new TypeORMError (E:\info\js_selflearn\itechart\itechart-backend\src\error\TypeORMError.ts:7:9)
    at SelectQueryBuilder.orderBy (E:\info\js_selflearn\itechart\itechart-backend\src\query-builder\SelectQueryBuilder.ts:883:19)
    at E:\info\js_selflearn\itechart\itechart-backend\src\utils\pg-product-query.ts:43:8
    at Generator.next (<anonymous>)
    at E:\info\js_selflearn\itechart\itechart-backend\src\utils\pg-product-query.ts:8:71
    at new Promise (<anonymous>)
    at __awaiter (E:\info\js_selflearn\itechart\itechart-backend\src\utils\pg-product-query.ts:4:12)
    at default_1 (E:\info\js_selflearn\itechart\itechart-backend\src\utils\pg-product-query.ts:28:12)
    at E:\info\js_selflearn\itechart\itechart-backend\src\routes\product.ts:19:31
    at Generator.next (<anonymous>)
2021-11-12 10:13:29 info: Server is running on http://localhost:3000
2021-11-12 10:13:30 error: QueryFailedError: ╨╛╤И╨╕╨▒╨║╨░ ╤Б╨╕╨╜╤В╨░╨║╤Б╨╕╤Б╨░ (╨┐╤А╨╕╨╝╨╡╤А╨╜╨╛╨╡ ╨┐╨╛╨╗╨╛╨╢╨╡╨╜╨╕╨╡: ":")
    at QueryFailedError.TypeORMError [as constructor] (E:\info\js_selflearn\itechart\itechart-backend\src\error\TypeORMError.ts:7:9)
    at new QueryFailedError (E:\info\js_selflearn\itechart\itechart-backend\src\error\QueryFailedError.ts:9:9)
    at PostgresQueryRunner.<anonymous> (E:\info\js_selflearn\itechart\itechart-backend\src\driver\postgres\PostgresQueryRunner.ts:258:19)
    at step (E:\info\js_selflearn\itechart\itechart-backend\node_modules\tslib\tslib.js:143:27)
    at Object.throw (E:\info\js_selflearn\itechart\itechart-backend\node_modules\tslib\tslib.js:124:57)
    at rejected (E:\info\js_selflearn\itechart\itechart-backend\node_modules\tslib\tslib.js:115:69)
    at processTicksAndRejections (node:internal/process/task_queues:96:5)
2021-11-12 10:13:56 error: Error: тип Unable to compile TypeScript:
[96msrc/utils/pg-product-query.ts[0m:[93m39[0m:[93m6[0m - [91merror[0m[90m TS2554: [0mExpected 2 arguments, but got 0.

[7m39[0m     .setParameter()
[7m  [0m [91m     ~~~~~~~~~~~~~~[0m

  [96mnode_modules/typeorm/query-builder/QueryBuilder.d.ts[0m:[93m130[0m:[93m18[0m
    [7m130[0m     setParameter(key: string, value: any): this;
    [7m   [0m [96m                 ~~~~~~~~~~~[0m
    An argument for 'key' was not provided.

    at Object.<anonymous> (E:\info\js_selflearn\itechart\itechart-backend\src\utils\pg-product-query.ts:1:7)
    at Module._compile (node:internal/modules/cjs/loader:1101:14)
    at Module._compile (E:\info\js_selflearn\itechart\itechart-backend\node_modules\source-map-support\source-map-support.js:568:25)
    at Module.m._compile (C:\Users\VLAD\AppData\Local\Temp\ts-node-dev-hook-8038702756147844.js:69:33)
    at Module._extensions..js (node:internal/modules/cjs/loader:1153:10)
    at require.extensions..jsx.require.extensions..js (C:\Users\VLAD\AppData\Local\Temp\ts-node-dev-hook-8038702756147844.js:114:20)
    at require.extensions.<computed> (C:\Users\VLAD\AppData\Local\Temp\ts-node-dev-hook-8038702756147844.js:71:20)
    at Object.nodeDevHook [as .ts] (E:\info\js_selflearn\itechart\itechart-backend\node_modules\ts-node-dev\lib\hook.js:63:13)
    at Module.load (node:internal/modules/cjs/loader:981:32)
    at Function.Module._load (node:internal/modules/cjs/loader:822:12)
2021-11-12 10:14:05 info: Server is running on http://localhost:3000
2021-11-12 10:15:21 info: Server is running on http://localhost:3000
2021-11-12 10:15:24 error: QueryFailedError: ╨╜╨╡╨▓╨╡╤А╨╜╤Л╨╣ ╤Б╨╕╨╜╤В╨░╨║╤Б╨╕╤Б ╨┤╨╗╤П ╤В╨╕╨┐╨░ uuid: "618120e51134a9cfae9b1e73"
    at QueryFailedError.TypeORMError [as constructor] (E:\info\js_selflearn\itechart\itechart-backend\src\error\TypeORMError.ts:7:9)
    at new QueryFailedError (E:\info\js_selflearn\itechart\itechart-backend\src\error\QueryFailedError.ts:9:9)
    at PostgresQueryRunner.<anonymous> (E:\info\js_selflearn\itechart\itechart-backend\src\driver\postgres\PostgresQueryRunner.ts:258:19)
    at step (E:\info\js_selflearn\itechart\itechart-backend\node_modules\tslib\tslib.js:143:27)
    at Object.throw (E:\info\js_selflearn\itechart\itechart-backend\node_modules\tslib\tslib.js:124:57)
    at rejected (E:\info\js_selflearn\itechart\itechart-backend\node_modules\tslib\tslib.js:115:69)
    at processTicksAndRejections (node:internal/process/task_queues:96:5)
2021-11-12 10:18:34 info: Server is running on http://localhost:3000
2021-11-12 10:20:18 info: Server is running on http://localhost:3000
2021-11-12 10:24:39 error: Error: тип Unable to compile TypeScript:
[96msrc/repository/product/ProductRepository.ts[0m:[93m6[0m:[93m10[0m - [91merror[0m[90m TS2614: [0mModule '"../../utils/pg-product-query"' has no exported member 'pgProductQuery'. Did you mean to use 'import pgProductQuery from "../../utils/pg-product-query"' instead?

[7m6[0m import { pgProductQuery } from '../../utils/pg-product-query';
[7m [0m [91m         ~~~~~~~~~~~~~~[0m
[96msrc/repository/product/ProductRepository.ts[0m:[93m27[0m:[93m24[0m - [91merror[0m[90m TS2339: [0mProperty 'getProductsByQuery' does not exist on type 'ProductTypeOrmRepository | ProductMongoRepository'.
  Property 'getProductsByQuery' does not exist on type 'ProductTypeOrmRepository'.

[7m27[0m     return this.entity.getProductsByQuery(entity, keys);
[7m  [0m [91m                       ~~~~~~~~~~~~~~~~~~[0m

    at Object.<anonymous> (E:\info\js_selflearn\itechart\itechart-backend\src\repository\product\ProductRepository.ts:1:7)
    at Module._compile (node:internal/modules/cjs/loader:1101:14)
    at Module._compile (E:\info\js_selflearn\itechart\itechart-backend\node_modules\source-map-support\source-map-support.js:568:25)
    at Module.m._compile (C:\Users\VLAD\AppData\Local\Temp\ts-node-dev-hook-6785460740753086.js:69:33)
    at Module._extensions..js (node:internal/modules/cjs/loader:1153:10)
    at require.extensions..jsx.require.extensions..js (C:\Users\VLAD\AppData\Local\Temp\ts-node-dev-hook-6785460740753086.js:114:20)
    at require.extensions.<computed> (C:\Users\VLAD\AppData\Local\Temp\ts-node-dev-hook-6785460740753086.js:71:20)
    at Object.nodeDevHook [as .ts] (E:\info\js_selflearn\itechart\itechart-backend\node_modules\ts-node-dev\lib\hook.js:63:13)
    at Module.load (node:internal/modules/cjs/loader:981:32)
    at Function.Module._load (node:internal/modules/cjs/loader:822:12)
2021-11-12 10:27:48 info: Server is running on http://localhost:3000
2021-11-12 10:27:49 error: TypeError: Cannot read property 'price' of undefined
    at ProductTypeOrmRepository.<anonymous> (E:\info\js_selflearn\itechart\itechart-backend\src\repository\product\ProductTypeOrmRepository.ts:25:25)
    at Generator.next (<anonymous>)
    at E:\info\js_selflearn\itechart\itechart-backend\src\repository\product\ProductTypeOrmRepository.ts:8:71
    at new Promise (<anonymous>)
    at __awaiter (E:\info\js_selflearn\itechart\itechart-backend\src\repository\product\ProductTypeOrmRepository.ts:4:12)
    at ProductTypeOrmRepository.getProductsByQuery (E:\info\js_selflearn\itechart\itechart-backend\src\repository\product\ProductTypeOrmRepository.ts:25:16)
    at ProductRepository.<anonymous> (E:\info\js_selflearn\itechart\itechart-backend\src\repository\product\ProductRepository.ts:27:24)
    at Generator.next (<anonymous>)
    at E:\info\js_selflearn\itechart\itechart-backend\src\repository\product\ProductRepository.ts:8:71
    at new Promise (<anonymous>)
2021-11-12 10:28:04 info: Server is running on http://localhost:3000
2021-11-12 10:28:04 error: TypeError: Cannot read property 'price' of undefined
    at ProductTypeOrmRepository.<anonymous> (E:\info\js_selflearn\itechart\itechart-backend\src\repository\product\ProductTypeOrmRepository.ts:25:25)
    at Generator.next (<anonymous>)
    at E:\info\js_selflearn\itechart\itechart-backend\src\repository\product\ProductTypeOrmRepository.ts:8:71
    at new Promise (<anonymous>)
    at __awaiter (E:\info\js_selflearn\itechart\itechart-backend\src\repository\product\ProductTypeOrmRepository.ts:4:12)
    at ProductTypeOrmRepository.getProductsByQuery (E:\info\js_selflearn\itechart\itechart-backend\src\repository\product\ProductTypeOrmRepository.ts:25:16)
    at ProductRepository.<anonymous> (E:\info\js_selflearn\itechart\itechart-backend\src\repository\product\ProductRepository.ts:27:24)
    at Generator.next (<anonymous>)
    at E:\info\js_selflearn\itechart\itechart-backend\src\repository\product\ProductRepository.ts:8:71
    at new Promise (<anonymous>)
2021-11-12 10:29:03 info: Server is running on http://localhost:3000
2021-11-12 10:29:03 error: TypeError: Cannot read property 'price' of undefined
    at ProductTypeOrmRepository.<anonymous> (E:\info\js_selflearn\itechart\itechart-backend\src\repository\product\ProductTypeOrmRepository.ts:26:25)
    at Generator.next (<anonymous>)
    at E:\info\js_selflearn\itechart\itechart-backend\src\repository\product\ProductTypeOrmRepository.ts:8:71
    at new Promise (<anonymous>)
    at __awaiter (E:\info\js_selflearn\itechart\itechart-backend\src\repository\product\ProductTypeOrmRepository.ts:4:12)
    at ProductTypeOrmRepository.getProductsByQuery (E:\info\js_selflearn\itechart\itechart-backend\src\repository\product\ProductTypeOrmRepository.ts:25:16)
    at ProductRepository.<anonymous> (E:\info\js_selflearn\itechart\itechart-backend\src\repository\product\ProductRepository.ts:27:24)
    at Generator.next (<anonymous>)
    at E:\info\js_selflearn\itechart\itechart-backend\src\repository\product\ProductRepository.ts:8:71
    at new Promise (<anonymous>)
2021-11-12 10:29:23 error: TypeError: Cannot read property 'price' of undefined
    at ProductTypeOrmRepository.<anonymous> (E:\info\js_selflearn\itechart\itechart-backend\src\repository\product\ProductTypeOrmRepository.ts:26:25)
    at Generator.next (<anonymous>)
    at E:\info\js_selflearn\itechart\itechart-backend\src\repository\product\ProductTypeOrmRepository.ts:8:71
    at new Promise (<anonymous>)
    at __awaiter (E:\info\js_selflearn\itechart\itechart-backend\src\repository\product\ProductTypeOrmRepository.ts:4:12)
    at ProductTypeOrmRepository.getProductsByQuery (E:\info\js_selflearn\itechart\itechart-backend\src\repository\product\ProductTypeOrmRepository.ts:25:16)
    at ProductRepository.<anonymous> (E:\info\js_selflearn\itechart\itechart-backend\src\repository\product\ProductRepository.ts:27:24)
    at Generator.next (<anonymous>)
    at E:\info\js_selflearn\itechart\itechart-backend\src\repository\product\ProductRepository.ts:8:71
    at new Promise (<anonymous>)
2021-11-12 10:29:26 info: Server is running on http://localhost:3000
2021-11-12 10:29:46 info: Server is running on http://localhost:3000
2021-11-12 10:29:47 error: TypeError: Cannot read property 'price' of undefined
    at E:\info\js_selflearn\itechart\itechart-backend\src\routes\product.ts:22:35
    at Generator.next (<anonymous>)
    at E:\info\js_selflearn\itechart\itechart-backend\src\routes\product.ts:8:71
    at new Promise (<anonymous>)
    at __awaiter (E:\info\js_selflearn\itechart\itechart-backend\src\routes\product.ts:4:12)
    at E:\info\js_selflearn\itechart\itechart-backend\src\routes\product.ts:12:51
    at Layer.handle [as handle_request] (E:\info\js_selflearn\itechart\itechart-backend\node_modules\express\lib\router\layer.js:95:5)
    at next (E:\info\js_selflearn\itechart\itechart-backend\node_modules\express\lib\router\route.js:137:13)
    at Route.dispatch (E:\info\js_selflearn\itechart\itechart-backend\node_modules\express\lib\router\route.js:112:3)
    at Layer.handle [as handle_request] (E:\info\js_selflearn\itechart\itechart-backend\node_modules\express\lib\router\layer.js:95:5)
2021-11-12 10:30:00 info: Server is running on http://localhost:3000
2021-11-12 10:30:41 info: Server is running on http://localhost:3000
2021-11-12 10:31:19 info: Server is running on http://localhost:3000
2021-11-12 10:31:41 info: Server is running on http://localhost:3000
2021-11-12 10:31:53 info: Server is running on http://localhost:3000
2021-11-12 10:32:01 info: Server is running on http://localhost:3000
2021-11-12 10:32:11 info: Server is running on http://localhost:3000
2021-11-12 10:32:25 info: Server is running on http://localhost:3000
2021-11-12 10:32:42 error: TypeError: Cannot read property 'split' of undefined
    at mapQuery (E:\info\js_selflearn\itechart\itechart-backend\src\utils\pg-product-query.ts:23:26)
    at default_1 (E:\info\js_selflearn\itechart\itechart-backend\src\utils\pg-product-query.ts:33:10)
    at E:\info\js_selflearn\itechart\itechart-backend\src\routes\product.ts:19:31
    at Generator.next (<anonymous>)
    at E:\info\js_selflearn\itechart\itechart-backend\src\routes\product.ts:8:71
    at new Promise (<anonymous>)
    at __awaiter (E:\info\js_selflearn\itechart\itechart-backend\src\routes\product.ts:4:12)
    at E:\info\js_selflearn\itechart\itechart-backend\src\routes\product.ts:12:51
    at Layer.handle [as handle_request] (E:\info\js_selflearn\itechart\itechart-backend\node_modules\express\lib\router\layer.js:95:5)
    at next (E:\info\js_selflearn\itechart\itechart-backend\node_modules\express\lib\router\route.js:137:13)
2021-11-12 10:34:38 info: Server is running on http://localhost:3000
2021-11-12 10:35:02 error: TypeError: Cannot read property 'split' of undefined
    at mapQuery (E:\info\js_selflearn\itechart\itechart-backend\src\utils\pg-product-query.ts:28:30)
    at default_1 (E:\info\js_selflearn\itechart\itechart-backend\src\utils\pg-product-query.ts:33:10)
    at E:\info\js_selflearn\itechart\itechart-backend\src\routes\product.ts:19:31
    at Generator.next (<anonymous>)
    at E:\info\js_selflearn\itechart\itechart-backend\src\routes\product.ts:8:71
    at new Promise (<anonymous>)
    at __awaiter (E:\info\js_selflearn\itechart\itechart-backend\src\routes\product.ts:4:12)
    at E:\info\js_selflearn\itechart\itechart-backend\src\routes\product.ts:12:51
    at Layer.handle [as handle_request] (E:\info\js_selflearn\itechart\itechart-backend\node_modules\express\lib\router\layer.js:95:5)
    at next (E:\info\js_selflearn\itechart\itechart-backend\node_modules\express\lib\router\route.js:137:13)
2021-11-12 10:35:06 error: TypeError: Cannot read property 'split' of undefined
    at mapQuery (E:\info\js_selflearn\itechart\itechart-backend\src\utils\pg-product-query.ts:28:30)
    at default_1 (E:\info\js_selflearn\itechart\itechart-backend\src\utils\pg-product-query.ts:33:10)
    at E:\info\js_selflearn\itechart\itechart-backend\src\routes\product.ts:19:31
    at Generator.next (<anonymous>)
    at E:\info\js_selflearn\itechart\itechart-backend\src\routes\product.ts:8:71
    at new Promise (<anonymous>)
    at __awaiter (E:\info\js_selflearn\itechart\itechart-backend\src\routes\product.ts:4:12)
    at E:\info\js_selflearn\itechart\itechart-backend\src\routes\product.ts:12:51
    at Layer.handle [as handle_request] (E:\info\js_selflearn\itechart\itechart-backend\node_modules\express\lib\router\layer.js:95:5)
    at next (E:\info\js_selflearn\itechart\itechart-backend\node_modules\express\lib\router\route.js:137:13)
2021-11-12 10:35:57 info: Server is running on http://localhost:3000
2021-11-12 10:36:33 info: Server is running on http://localhost:3000
2021-11-12 10:36:47 info: Server is running on http://localhost:3000
2021-11-12 10:45:01 info: Server is running on http://localhost:3000
2021-11-12 10:56:21 info: Server is running on http://localhost:3000
2021-11-12 11:27:14 error: QueryFailedError: ╨╜╨╡╨▓╨╡╤А╨╜╤Л╨╣ ╤Б╨╕╨╜╤В╨░╨║╤Б╨╕╤Б ╨┤╨╗╤П ╤В╨╕╨┐╨░ uuid: "618120e51134a9cfae9b1e73"
    at QueryFailedError.TypeORMError [as constructor] (E:\info\js_selflearn\itechart\itechart-backend\src\error\TypeORMError.ts:7:9)
    at new QueryFailedError (E:\info\js_selflearn\itechart\itechart-backend\src\error\QueryFailedError.ts:9:9)
    at PostgresQueryRunner.<anonymous> (E:\info\js_selflearn\itechart\itechart-backend\src\driver\postgres\PostgresQueryRunner.ts:258:19)
    at step (E:\info\js_selflearn\itechart\itechart-backend\node_modules\tslib\tslib.js:143:27)
    at Object.throw (E:\info\js_selflearn\itechart\itechart-backend\node_modules\tslib\tslib.js:124:57)
    at rejected (E:\info\js_selflearn\itechart\itechart-backend\node_modules\tslib\tslib.js:115:69)
    at processTicksAndRejections (node:internal/process/task_queues:96:5)
2021-11-12 11:28:32 info: Server is running on http://localhost:3000
2021-11-12 11:31:00 info: Server is running on http://localhost:3000
2021-11-12 11:33:04 error: Error: тип Unable to compile TypeScript:
[96msrc/routes/category.ts[0m:[93m25[0m:[93m12[0m - [91merror[0m[90m TS2304: [0mCannot find name 'category'.

[7m25[0m       _id: category.id,
[7m  [0m [91m           ~~~~~~~~[0m
[96msrc/routes/category.ts[0m:[93m26[0m:[93m20[0m - [91merror[0m[90m TS2304: [0mCannot find name 'category'.

[7m26[0m       displayName: category.displayName,
[7m  [0m [91m                   ~~~~~~~~[0m

    at Object.<anonymous> (E:\info\js_selflearn\itechart\itechart-backend\src\routes\category.ts:1:7)
    at Module._compile (node:internal/modules/cjs/loader:1101:14)
    at Module._compile (E:\info\js_selflearn\itechart\itechart-backend\node_modules\source-map-support\source-map-support.js:568:25)
    at Module.m._compile (C:\Users\VLAD\AppData\Local\Temp\ts-node-dev-hook-49572274619206347.js:69:33)
    at Module._extensions..js (node:internal/modules/cjs/loader:1153:10)
    at require.extensions..jsx.require.extensions..js (C:\Users\VLAD\AppData\Local\Temp\ts-node-dev-hook-49572274619206347.js:114:20)
    at require.extensions.<computed> (C:\Users\VLAD\AppData\Local\Temp\ts-node-dev-hook-49572274619206347.js:71:20)
    at Object.nodeDevHook [as .ts] (E:\info\js_selflearn\itechart\itechart-backend\node_modules\ts-node-dev\lib\hook.js:63:13)
    at Module.load (node:internal/modules/cjs/loader:981:32)
    at Function.Module._load (node:internal/modules/cjs/loader:822:12)
2021-11-12 11:36:24 info: Server is running on http://localhost:3000
2021-11-12 11:36:59 info: Server is running on http://localhost:3000
2021-11-12 12:08:22 info: Server is running on http://localhost:3000
2021-11-12 12:12:56 info: Server is running on http://localhost:3000
2021-11-12 12:14:46 info: Server is running on http://localhost:3000
2021-11-12 12:17:01 info: Server is running on http://localhost:3000
2021-11-12 12:17:35 info: Server is running on http://localhost:3000
2021-11-12 12:19:02 info: Server is running on http://localhost:3000
2021-11-12 12:19:04 error: TypeError: Cannot read property 'displayName' of null
    at E:\info\js_selflearn\itechart\itechart-backend\src\utils\mongo-category-query.ts:16:29
    at Generator.next (<anonymous>)
    at fulfilled (E:\info\js_selflearn\itechart\itechart-backend\src\utils\mongo-category-query.ts:5:58)
    at processTicksAndRejections (node:internal/process/task_queues:96:5)
2021-11-12 12:19:25 info: Server is running on http://localhost:3000
2021-11-12 12:19:26 error: TypeError: Cannot read property 'displayName' of null
    at E:\info\js_selflearn\itechart\itechart-backend\src\utils\mongo-category-query.ts:17:29
    at Generator.next (<anonymous>)
    at fulfilled (E:\info\js_selflearn\itechart\itechart-backend\src\utils\mongo-category-query.ts:5:58)
    at processTicksAndRejections (node:internal/process/task_queues:96:5)
2021-11-12 12:20:34 info: Server is running on http://localhost:3000
2021-11-12 12:22:53 info: Server is running on http://localhost:3000
2021-11-12 12:23:25 info: Server is running on http://localhost:3000
2021-11-12 12:23:52 error: Error: тип Unable to compile TypeScript:
[96msrc/utils/mongo-category-query.ts[0m:[93m26[0m:[93m3[0m - [91merror[0m[90m TS1109: [0mExpression expected.

[7m26[0m   }
[7m  [0m [91m  ~[0m

    at Object.<anonymous> (E:\info\js_selflearn\itechart\itechart-backend\src\utils\mongo-category-query.ts:1:7)
    at Module._compile (node:internal/modules/cjs/loader:1101:14)
    at Module._compile (E:\info\js_selflearn\itechart\itechart-backend\node_modules\source-map-support\source-map-support.js:568:25)
    at Module.m._compile (C:\Users\VLAD\AppData\Local\Temp\ts-node-dev-hook-6515211142307884.js:69:33)
    at Module._extensions..js (node:internal/modules/cjs/loader:1153:10)
    at require.extensions..jsx.require.extensions..js (C:\Users\VLAD\AppData\Local\Temp\ts-node-dev-hook-6515211142307884.js:114:20)
    at require.extensions.<computed> (C:\Users\VLAD\AppData\Local\Temp\ts-node-dev-hook-6515211142307884.js:71:20)
    at Object.nodeDevHook [as .ts] (E:\info\js_selflearn\itechart\itechart-backend\node_modules\ts-node-dev\lib\hook.js:63:13)
    at Module.load (node:internal/modules/cjs/loader:981:32)
    at Function.Module._load (node:internal/modules/cjs/loader:822:12)
2021-11-12 12:24:11 error: Error: тип Unable to compile TypeScript:
[96msrc/utils/mongo-category-query.ts[0m:[93m27[0m:[93m5[0m - [91merror[0m[90m TS1109: [0mExpression expected.

[7m27[0m     }
[7m  [0m [91m    ~[0m

    at Object.<anonymous> (E:\info\js_selflearn\itechart\itechart-backend\src\utils\mongo-category-query.ts:1:7)
    at Module._compile (node:internal/modules/cjs/loader:1101:14)
    at Module._compile (E:\info\js_selflearn\itechart\itechart-backend\node_modules\source-map-support\source-map-support.js:568:25)
    at Module.m._compile (C:\Users\VLAD\AppData\Local\Temp\ts-node-dev-hook-6515211142307884.js:69:33)
    at Module._extensions..js (node:internal/modules/cjs/loader:1153:10)
    at require.extensions..jsx.require.extensions..js (C:\Users\VLAD\AppData\Local\Temp\ts-node-dev-hook-6515211142307884.js:114:20)
    at require.extensions.<computed> (C:\Users\VLAD\AppData\Local\Temp\ts-node-dev-hook-6515211142307884.js:71:20)
    at Object.nodeDevHook [as .ts] (E:\info\js_selflearn\itechart\itechart-backend\node_modules\ts-node-dev\lib\hook.js:63:13)
    at Module.load (node:internal/modules/cjs/loader:981:32)
    at Function.Module._load (node:internal/modules/cjs/loader:822:12)
2021-11-12 12:25:29 info: Server is running on http://localhost:3000
2021-11-12 12:26:06 info: Server is running on http://localhost:3000
2021-11-12 13:00:33 info: Server is running on http://localhost:3000
2021-11-12 13:22:59 info: Server is running on http://localhost:3000
2021-11-12 13:32:45 info: Server is running on http://localhost:3000
2021-11-12 13:32:46 error: QueryFailedError: ╨╛╤И╨╕╨▒╨║╨░ ╤Б╨╕╨╜╤В╨░╨║╤Б╨╕╤Б╨░ (╨┐╤А╨╕╨╝╨╡╤А╨╜╨╛╨╡ ╨┐╨╛╨╗╨╛╨╢╨╡╨╜╨╕╨╡: "c69")
    at QueryFailedError.TypeORMError [as constructor] (E:\info\js_selflearn\itechart\itechart-backend\src\error\TypeORMError.ts:7:9)
    at new QueryFailedError (E:\info\js_selflearn\itechart\itechart-backend\src\error\QueryFailedError.ts:9:9)
    at PostgresQueryRunner.<anonymous> (E:\info\js_selflearn\itechart\itechart-backend\src\driver\postgres\PostgresQueryRunner.ts:258:19)
    at step (E:\info\js_selflearn\itechart\itechart-backend\node_modules\tslib\tslib.js:143:27)
    at Object.throw (E:\info\js_selflearn\itechart\itechart-backend\node_modules\tslib\tslib.js:124:57)
    at rejected (E:\info\js_selflearn\itechart\itechart-backend\node_modules\tslib\tslib.js:115:69)
    at processTicksAndRejections (node:internal/process/task_queues:96:5)
2021-11-12 13:34:43 info: Server is running on http://localhost:3000
2021-11-12 13:34:43 error: QueryFailedError: ╨╛╤И╨╕╨▒╨║╨░ ╤Б╨╕╨╜╤В╨░╨║╤Б╨╕╤Б╨░ (╨┐╤А╨╕╨╝╨╡╤А╨╜╨╛╨╡ ╨┐╨╛╨╗╨╛╨╢╨╡╨╜╨╕╨╡: "c69")
    at QueryFailedError.TypeORMError [as constructor] (E:\info\js_selflearn\itechart\itechart-backend\src\error\TypeORMError.ts:7:9)
    at new QueryFailedError (E:\info\js_selflearn\itechart\itechart-backend\src\error\QueryFailedError.ts:9:9)
    at PostgresQueryRunner.<anonymous> (E:\info\js_selflearn\itechart\itechart-backend\src\driver\postgres\PostgresQueryRunner.ts:258:19)
    at step (E:\info\js_selflearn\itechart\itechart-backend\node_modules\tslib\tslib.js:143:27)
    at Object.throw (E:\info\js_selflearn\itechart\itechart-backend\node_modules\tslib\tslib.js:124:57)
    at rejected (E:\info\js_selflearn\itechart\itechart-backend\node_modules\tslib\tslib.js:115:69)
    at processTicksAndRejections (node:internal/process/task_queues:96:5)
2021-11-12 13:35:51 info: Server is running on http://localhost:3000
2021-11-12 13:36:47 info: Server is running on http://localhost:3000
2021-11-12 13:37:16 info: Server is running on http://localhost:3000
2021-11-13 17:51:58 info: Server is running on http://localhost:3000
2021-11-13 17:55:08 info: Server is running on http://localhost:3000
2021-11-13 18:00:32 info: Server is running on http://localhost:3000
2021-11-13 18:01:21 info: Server is running on http://localhost:3000
2021-11-13 18:01:49 info: Server is running on http://localhost:3000
2021-11-13 18:01:50 error: CastError: Cast to ObjectId failed for value "36412574-995e-4c69-91d8-80010554e17f" (type string) at path "_id" for model "Category"
    at model.Query.exec (E:\info\js_selflearn\itechart\itechart-backend\node_modules\mongoose\lib\query.js:4545:21)
    at model.Query.<anonymous> (E:\info\js_selflearn\itechart\itechart-backend\src\connection\connection.ts:13:15)
    at Generator.next (<anonymous>)
    at E:\info\js_selflearn\itechart\itechart-backend\src\connection\connection.ts:8:71
    at new Promise (<anonymous>)
    at __awaiter (E:\info\js_selflearn\itechart\itechart-backend\src\connection\connection.ts:4:12)
    at model.Query.typegoose_1.mongoose.Query.exec (E:\info\js_selflearn\itechart\itechart-backend\src\connection\connection.ts:18:12)
    at model.Query.Query.then (E:\info\js_selflearn\itechart\itechart-backend\node_modules\mongoose\lib\query.js:4644:15)
    at processTicksAndRejections (node:internal/process/task_queues:96:5)
2021-11-13 18:01:57 error: TypeError: Cannot read property 'displayName' of null
    at E:\info\js_selflearn\itechart\itechart-backend\src\utils\mongo-category-query.ts:11:27
    at Generator.next (<anonymous>)
    at fulfilled (E:\info\js_selflearn\itechart\itechart-backend\src\utils\mongo-category-query.ts:5:58)
    at processTicksAndRejections (node:internal/process/task_queues:96:5)
2021-11-13 18:02:11 info: Server is running on http://localhost:3000
2021-11-13 18:02:11 error: TypeError: Cannot read property 'displayName' of null
    at E:\info\js_selflearn\itechart\itechart-backend\src\utils\mongo-category-query.ts:11:27
    at Generator.next (<anonymous>)
    at fulfilled (E:\info\js_selflearn\itechart\itechart-backend\src\utils\mongo-category-query.ts:5:58)
    at processTicksAndRejections (node:internal/process/task_queues:96:5)
2021-11-13 18:03:00 info: Server is running on http://localhost:3000
2021-11-13 18:03:01 error: TypeError: Cannot read property 'displayName' of null
    at E:\info\js_selflearn\itechart\itechart-backend\src\utils\mongo-category-query.ts:12:27
    at Generator.next (<anonymous>)
    at fulfilled (E:\info\js_selflearn\itechart\itechart-backend\src\utils\mongo-category-query.ts:5:58)
    at processTicksAndRejections (node:internal/process/task_queues:96:5)
2021-11-13 18:03:01 error: TypeError: Cannot read property 'displayName' of null
    at E:\info\js_selflearn\itechart\itechart-backend\src\utils\mongo-category-query.ts:12:27
    at Generator.next (<anonymous>)
    at fulfilled (E:\info\js_selflearn\itechart\itechart-backend\src\utils\mongo-category-query.ts:5:58)
    at processTicksAndRejections (node:internal/process/task_queues:96:5)
2021-11-13 18:04:23 info: Server is running on http://localhost:3000
2021-11-13 18:04:34 info: Server is running on http://localhost:3000
2021-11-13 18:04:59 info: Server is running on http://localhost:3000
2021-11-13 18:07:08 info: Server is running on http://localhost:3000
2021-11-13 18:07:55 error: Error: тип Unable to compile TypeScript:
[96msrc/utils/mongo-category-query.ts[0m:[93m32[0m:[93m44[0m - [91merror[0m[90m TS2339: [0mProperty '_doc' does not exist on type 'Category | (Document<any, BeAnObject, any> & Category & IObjectWithTypegooseFunction & { _id: any; })'.
  Property '_doc' does not exist on type 'Category'.

[7m32[0m     console.log(Object.assign({}, category._doc, products));
[7m  [0m [91m                                           ~~~~[0m

    at Object.<anonymous> (E:\info\js_selflearn\itechart\itechart-backend\src\utils\mongo-category-query.ts:1:7)
    at Module._compile (node:internal/modules/cjs/loader:1101:14)
    at Module._compile (E:\info\js_selflearn\itechart\itechart-backend\node_modules\source-map-support\source-map-support.js:568:25)
    at Module.m._compile (C:\Users\VLAD\AppData\Local\Temp\ts-node-dev-hook-18861378560312003.js:69:33)
    at Module._extensions..js (node:internal/modules/cjs/loader:1153:10)
    at require.extensions..jsx.require.extensions..js (C:\Users\VLAD\AppData\Local\Temp\ts-node-dev-hook-18861378560312003.js:114:20)
    at require.extensions.<computed> (C:\Users\VLAD\AppData\Local\Temp\ts-node-dev-hook-18861378560312003.js:71:20)
    at Object.nodeDevHook [as .ts] (E:\info\js_selflearn\itechart\itechart-backend\node_modules\ts-node-dev\lib\hook.js:63:13)
    at Module.load (node:internal/modules/cjs/loader:981:32)
    at Function.Module._load (node:internal/modules/cjs/loader:822:12)
2021-11-13 18:08:13 info: Server is running on http://localhost:3000
2021-11-13 18:08:48 info: Server is running on http://localhost:3000
2021-11-13 18:09:11 info: Server is running on http://localhost:3000
2021-11-13 18:09:32 info: Server is running on http://localhost:3000
2021-11-13 18:11:47 error: Error: тип Unable to compile TypeScript:
[96msrc/utils/mongo-category-query.ts[0m:[93m26[0m:[93m10[0m - [91merror[0m[90m TS2304: [0mCannot find name 'mappedCategory'.

[7m26[0m   return mappedCategory;
[7m  [0m [91m         ~~~~~~~~~~~~~~[0m

    at Object.<anonymous> (E:\info\js_selflearn\itechart\itechart-backend\src\utils\mongo-category-query.ts:1:7)
    at Module._compile (node:internal/modules/cjs/loader:1101:14)
    at Module._compile (E:\info\js_selflearn\itechart\itechart-backend\node_modules\source-map-support\source-map-support.js:568:25)
    at Module.m._compile (C:\Users\VLAD\AppData\Local\Temp\ts-node-dev-hook-18861378560312003.js:69:33)
    at Module._extensions..js (node:internal/modules/cjs/loader:1153:10)
    at require.extensions..jsx.require.extensions..js (C:\Users\VLAD\AppData\Local\Temp\ts-node-dev-hook-18861378560312003.js:114:20)
    at require.extensions.<computed> (C:\Users\VLAD\AppData\Local\Temp\ts-node-dev-hook-18861378560312003.js:71:20)
    at Object.nodeDevHook [as .ts] (E:\info\js_selflearn\itechart\itechart-backend\node_modules\ts-node-dev\lib\hook.js:63:13)
    at Module.load (node:internal/modules/cjs/loader:981:32)
    at Function.Module._load (node:internal/modules/cjs/loader:822:12)
2021-11-13 18:12:12 info: Server is running on http://localhost:3000
2021-11-13 18:12:21 error: Error: тип Unable to compile TypeScript:
[96msrc/utils/mongo-category-query.ts[0m:[93m28[0m:[93m15[0m - [91merror[0m[90m TS2304: [0mCannot find name 'mappedProducts'.

[7m28[0m     products: mappedProducts
[7m  [0m [91m              ~~~~~~~~~~~~~~[0m

    at Object.<anonymous> (E:\info\js_selflearn\itechart\itechart-backend\src\utils\mongo-category-query.ts:1:7)
    at Module._compile (node:internal/modules/cjs/loader:1101:14)
    at Module._compile (E:\info\js_selflearn\itechart\itechart-backend\node_modules\source-map-support\source-map-support.js:568:25)
    at Module.m._compile (C:\Users\VLAD\AppData\Local\Temp\ts-node-dev-hook-18861378560312003.js:69:33)
    at Module._extensions..js (node:internal/modules/cjs/loader:1153:10)
    at require.extensions..jsx.require.extensions..js (C:\Users\VLAD\AppData\Local\Temp\ts-node-dev-hook-18861378560312003.js:114:20)
    at require.extensions.<computed> (C:\Users\VLAD\AppData\Local\Temp\ts-node-dev-hook-18861378560312003.js:71:20)
    at Object.nodeDevHook [as .ts] (E:\info\js_selflearn\itechart\itechart-backend\node_modules\ts-node-dev\lib\hook.js:63:13)
    at Module.load (node:internal/modules/cjs/loader:981:32)
    at Function.Module._load (node:internal/modules/cjs/loader:822:12)
2021-11-13 18:14:02 info: Server is running on http://localhost:3000
2021-11-13 18:14:12 info: Server is running on http://localhost:3000
2021-11-13 18:14:35 info: Server is running on http://localhost:3000
2021-11-13 18:17:05 info: Server is running on http://localhost:3000
2021-11-13 18:20:42 info: Server is running on http://localhost:3000
2021-11-13 18:22:37 info: Server is running on http://localhost:3000
2021-11-13 18:22:58 info: Server is running on http://localhost:3000
2021-11-13 18:23:51 info: Server is running on http://localhost:3000
2021-11-13 18:24:00 info: Server is running on http://localhost:3000
2021-11-13 18:24:44 info: Server is running on http://localhost:3000
2021-11-13 18:25:29 info: Server is running on http://localhost:3000
2021-11-13 18:25:45 info: Server is running on http://localhost:3000
2021-11-13 18:26:19 info: Server is running on http://localhost:3000
2021-11-13 18:26:24 info: Server is running on http://localhost:3000
2021-11-13 18:26:46 info: Server is running on http://localhost:3000
2021-11-13 18:26:53 info: Server is running on http://localhost:3000
2021-11-13 18:27:27 info: Server is running on http://localhost:3000
2021-11-13 18:29:51 info: Server is running on http://localhost:3000
2021-11-13 18:30:16 error: Error: тип Unable to compile TypeScript:
[96msrc/utils/mongo-category-query.ts[0m:[93m33[0m:[93m15[0m - [91merror[0m[90m TS1005: [0m',' expected.

[7m33[0m       products['_doc']
[7m  [0m [91m              ~[0m
[96msrc/utils/mongo-category-query.ts[0m:[93m34[0m:[93m5[0m - [91merror[0m[90m TS1005: [0m':' expected.

[7m34[0m     }
[7m  [0m [91m    ~[0m

    at Object.<anonymous> (E:\info\js_selflearn\itechart\itechart-backend\src\utils\mongo-category-query.ts:1:7)
    at Module._compile (node:internal/modules/cjs/loader:1101:14)
    at Module._compile (E:\info\js_selflearn\itechart\itechart-backend\node_modules\source-map-support\source-map-support.js:568:25)
    at Module.m._compile (C:\Users\VLAD\AppData\Local\Temp\ts-node-dev-hook-18861378560312003.js:69:33)
    at Module._extensions..js (node:internal/modules/cjs/loader:1153:10)
    at require.extensions..jsx.require.extensions..js (C:\Users\VLAD\AppData\Local\Temp\ts-node-dev-hook-18861378560312003.js:114:20)
    at require.extensions.<computed> (C:\Users\VLAD\AppData\Local\Temp\ts-node-dev-hook-18861378560312003.js:71:20)
    at Object.nodeDevHook [as .ts] (E:\info\js_selflearn\itechart\itechart-backend\node_modules\ts-node-dev\lib\hook.js:63:13)
    at Module.load (node:internal/modules/cjs/loader:981:32)
    at Function.Module._load (node:internal/modules/cjs/loader:822:12)
2021-11-13 18:31:11 info: Server is running on http://localhost:3000
2021-11-13 18:31:33 info: Server is running on http://localhost:3000
2021-11-13 18:34:02 info: Server is running on http://localhost:3000
2021-11-13 18:34:59 info: Server is running on http://localhost:3000
2021-11-13 18:37:19 info: Server is running on http://localhost:3000
2021-11-13 18:38:10 info: Server is running on http://localhost:3000
2021-11-13 18:39:04 info: Server is running on http://localhost:3000
2021-11-13 18:39:35 info: Server is running on http://localhost:3000
2021-11-13 18:39:37 info: Server is running on http://localhost:3000
2021-11-13 18:39:52 error: MongoServerError: Limit value must be non-negative, but received: -9223372036854775808
    at MessageStream.messageHandler (E:\info\js_selflearn\itechart\itechart-backend\node_modules\mongoose\node_modules\mongodb\src\cmap\connection.ts:740:20)
    at MessageStream.emit (node:events:394:28)
    at processIncomingData (E:\info\js_selflearn\itechart\itechart-backend\node_modules\mongoose\node_modules\mongodb\src\cmap\message_stream.ts:167:12)
    at MessageStream._write (E:\info\js_selflearn\itechart\itechart-backend\node_modules\mongoose\node_modules\mongodb\src\cmap\message_stream.ts:64:5)
    at writeOrBuffer (node:internal/streams/writable:389:12)
    at _write (node:internal/streams/writable:330:10)
    at MessageStream.Writable.write (node:internal/streams/writable:334:10)
    at TLSSocket.ondata (node:internal/streams/readable:749:22)
    at TLSSocket.emit (node:events:394:28)
    at addChunk (node:internal/streams/readable:312:12)
2021-11-13 18:40:17 info: Server is running on http://localhost:3000
2021-11-13 18:40:18 error: MongoServerError: Limit value must be non-negative, but received: -9223372036854775808
    at MessageStream.messageHandler (E:\info\js_selflearn\itechart\itechart-backend\node_modules\mongoose\node_modules\mongodb\src\cmap\connection.ts:740:20)
    at MessageStream.emit (node:events:394:28)
    at processIncomingData (E:\info\js_selflearn\itechart\itechart-backend\node_modules\mongoose\node_modules\mongodb\src\cmap\message_stream.ts:167:12)
    at MessageStream._write (E:\info\js_selflearn\itechart\itechart-backend\node_modules\mongoose\node_modules\mongodb\src\cmap\message_stream.ts:64:5)
    at writeOrBuffer (node:internal/streams/writable:389:12)
    at _write (node:internal/streams/writable:330:10)
    at MessageStream.Writable.write (node:internal/streams/writable:334:10)
    at TLSSocket.ondata (node:internal/streams/readable:749:22)
    at TLSSocket.emit (node:events:394:28)
    at addChunk (node:internal/streams/readable:312:12)
2021-11-13 18:41:08 info: Server is running on http://localhost:3000
2021-11-13 18:41:09 error: MongoServerError: Limit value must be non-negative, but received: -9223372036854775808
    at MessageStream.messageHandler (E:\info\js_selflearn\itechart\itechart-backend\node_modules\mongoose\node_modules\mongodb\src\cmap\connection.ts:740:20)
    at MessageStream.emit (node:events:394:28)
    at processIncomingData (E:\info\js_selflearn\itechart\itechart-backend\node_modules\mongoose\node_modules\mongodb\src\cmap\message_stream.ts:167:12)
    at MessageStream._write (E:\info\js_selflearn\itechart\itechart-backend\node_modules\mongoose\node_modules\mongodb\src\cmap\message_stream.ts:64:5)
    at writeOrBuffer (node:internal/streams/writable:389:12)
    at _write (node:internal/streams/writable:330:10)
    at MessageStream.Writable.write (node:internal/streams/writable:334:10)
    at TLSSocket.ondata (node:internal/streams/readable:749:22)
    at TLSSocket.emit (node:events:394:28)
    at addChunk (node:internal/streams/readable:312:12)
2021-11-13 18:41:09 error: MongoServerError: Limit value must be non-negative, but received: -9223372036854775808
    at MessageStream.messageHandler (E:\info\js_selflearn\itechart\itechart-backend\node_modules\mongoose\node_modules\mongodb\src\cmap\connection.ts:740:20)
    at MessageStream.emit (node:events:394:28)
    at processIncomingData (E:\info\js_selflearn\itechart\itechart-backend\node_modules\mongoose\node_modules\mongodb\src\cmap\message_stream.ts:167:12)
    at MessageStream._write (E:\info\js_selflearn\itechart\itechart-backend\node_modules\mongoose\node_modules\mongodb\src\cmap\message_stream.ts:64:5)
    at writeOrBuffer (node:internal/streams/writable:389:12)
    at _write (node:internal/streams/writable:330:10)
    at MessageStream.Writable.write (node:internal/streams/writable:334:10)
    at TLSSocket.ondata (node:internal/streams/readable:749:22)
    at TLSSocket.emit (node:events:394:28)
    at addChunk (node:internal/streams/readable:312:12)
2021-11-13 18:41:26 info: Server is running on http://localhost:3000
2021-11-13 18:41:27 error: MongoServerError: Limit value must be non-negative, but received: -9223372036854775808
    at MessageStream.messageHandler (E:\info\js_selflearn\itechart\itechart-backend\node_modules\mongoose\node_modules\mongodb\src\cmap\connection.ts:740:20)
    at MessageStream.emit (node:events:394:28)
    at processIncomingData (E:\info\js_selflearn\itechart\itechart-backend\node_modules\mongoose\node_modules\mongodb\src\cmap\message_stream.ts:167:12)
    at MessageStream._write (E:\info\js_selflearn\itechart\itechart-backend\node_modules\mongoose\node_modules\mongodb\src\cmap\message_stream.ts:64:5)
    at writeOrBuffer (node:internal/streams/writable:389:12)
    at _write (node:internal/streams/writable:330:10)
    at MessageStream.Writable.write (node:internal/streams/writable:334:10)
    at TLSSocket.ondata (node:internal/streams/readable:749:22)
    at TLSSocket.emit (node:events:394:28)
    at addChunk (node:internal/streams/readable:312:12)
2021-11-13 18:41:40 info: Server is running on http://localhost:3000
2021-11-13 18:41:40 error: MongoServerError: Limit value must be non-negative, but received: -9223372036854775808
    at MessageStream.messageHandler (E:\info\js_selflearn\itechart\itechart-backend\node_modules\mongoose\node_modules\mongodb\src\cmap\connection.ts:740:20)
    at MessageStream.emit (node:events:394:28)
    at processIncomingData (E:\info\js_selflearn\itechart\itechart-backend\node_modules\mongoose\node_modules\mongodb\src\cmap\message_stream.ts:167:12)
    at MessageStream._write (E:\info\js_selflearn\itechart\itechart-backend\node_modules\mongoose\node_modules\mongodb\src\cmap\message_stream.ts:64:5)
    at writeOrBuffer (node:internal/streams/writable:389:12)
    at _write (node:internal/streams/writable:330:10)
    at MessageStream.Writable.write (node:internal/streams/writable:334:10)
    at TLSSocket.ondata (node:internal/streams/readable:749:22)
    at TLSSocket.emit (node:events:394:28)
    at addChunk (node:internal/streams/readable:312:12)
2021-11-13 18:42:14 info: Server is running on http://localhost:3000
2021-11-13 18:47:42 info: Server is running on http://localhost:3000
2021-11-13 18:49:25 info: Server is running on http://localhost:3000
2021-11-13 18:54:44 info: Server is running on http://localhost:3000
2021-11-13 18:59:59 info: Server is running on http://localhost:3000
2021-11-13 19:01:48 info: Server is running on http://localhost:3000
2021-11-13 19:10:57 info: Server is running on http://localhost:3000
2021-11-13 19:11:01 info: Server is running on http://localhost:3000
2021-11-13 19:12:16 info: Server is running on http://localhost:3000
2021-11-13 19:12:28 info: Server is running on http://localhost:3000
2021-11-13 19:13:04 info: Server is running on http://localhost:3000
2021-11-13 19:13:09 info: Server is running on http://localhost:3000
2021-11-13 19:13:57 info: Server is running on http://localhost:3000
2021-11-13 19:14:44 error: QueryFailedError: ╨╜╨╡╨▓╨╡╤А╨╜╤Л╨╣ ╤Б╨╕╨╜╤В╨░╨║╤Б╨╕╤Б ╨┤╨╗╤П ╤В╨╕╨┐╨░ uuid: "618120e51134a9cfae9b1e73"
    at QueryFailedError.TypeORMError [as constructor] (E:\info\js_selflearn\itechart\itechart-backend\src\error\TypeORMError.ts:7:9)
    at new QueryFailedError (E:\info\js_selflearn\itechart\itechart-backend\src\error\QueryFailedError.ts:9:9)
    at PostgresQueryRunner.<anonymous> (E:\info\js_selflearn\itechart\itechart-backend\src\driver\postgres\PostgresQueryRunner.ts:258:19)
    at step (E:\info\js_selflearn\itechart\itechart-backend\node_modules\tslib\tslib.js:143:27)
    at Object.throw (E:\info\js_selflearn\itechart\itechart-backend\node_modules\tslib\tslib.js:124:57)
    at rejected (E:\info\js_selflearn\itechart\itechart-backend\node_modules\tslib\tslib.js:115:69)
    at processTicksAndRejections (node:internal/process/task_queues:96:5)
2021-11-13 19:17:02 info: Server is running on http://localhost:3000
2021-11-13 19:17:15 info: Server is running on http://localhost:3000
2021-11-13 19:18:31 info: Server is running on http://localhost:3000
2021-11-13 19:46:55 info: Server is running on http://localhost:3000
2021-11-13 19:49:10 info: Server is running on http://localhost:3000
2021-11-13 19:49:17 info: Server is running on http://localhost:3000
2021-11-13 19:49:45 info: Server is running on http://localhost:3000
2021-11-13 19:49:45 error: TypeError: this is not a constructor
    at model.Query.<anonymous> (E:\info\js_selflearn\itechart\itechart-backend\src\connection\connection.ts:11:17)
    at Generator.next (<anonymous>)
    at E:\info\js_selflearn\itechart\itechart-backend\src\connection\connection.ts:8:71
    at new Promise (<anonymous>)
    at __awaiter (E:\info\js_selflearn\itechart\itechart-backend\src\connection\connection.ts:4:12)
    at model.Query.typegoose_1.mongoose.Query.exec (E:\info\js_selflearn\itechart\itechart-backend\src\connection\connection.ts:18:12)
    at model.Query.Query.then (E:\info\js_selflearn\itechart\itechart-backend\node_modules\mongoose\lib\query.js:4644:15)
    at processTicksAndRejections (node:internal/process/task_queues:96:5)
2021-11-13 19:50:06 info: Server is running on http://localhost:3000
2021-11-13 19:51:38 info: Server is running on http://localhost:3000
2021-11-13 19:51:54 info: Server is running on http://localhost:3000
2021-11-13 19:52:01 info: Server is running on http://localhost:3000
2021-11-13 19:52:12 info: Server is running on http://localhost:3000
2021-11-13 19:52:19 info: Server is running on http://localhost:3000
2021-11-13 19:52:48 info: Server is running on http://localhost:3000
2021-11-13 19:53:02 info: Server is running on http://localhost:3000
2021-11-13 19:53:12 info: Server is running on http://localhost:3000
2021-11-13 19:53:12 error: TypeError: arguments.0 is not a function
    at model.Query.<anonymous> (E:\info\js_selflearn\itechart\itechart-backend\src\connection\connection.ts:11:31)
    at Generator.next (<anonymous>)
    at E:\info\js_selflearn\itechart\itechart-backend\src\connection\connection.ts:8:71
    at new Promise (<anonymous>)
    at __awaiter (E:\info\js_selflearn\itechart\itechart-backend\src\connection\connection.ts:4:12)
    at model.Query.typegoose_1.mongoose.Query.exec (E:\info\js_selflearn\itechart\itechart-backend\src\connection\connection.ts:18:12)
    at model.Query.Query.then (E:\info\js_selflearn\itechart\itechart-backend\node_modules\mongoose\lib\query.js:4644:15)
    at processTicksAndRejections (node:internal/process/task_queues:96:5)
2021-11-13 19:53:19 info: Server is running on http://localhost:3000
2021-11-13 19:53:39 info: Server is running on http://localhost:3000
2021-11-13 19:55:23 info: Server is running on http://localhost:3000
2021-11-13 19:55:23 error: MongooseError: Query was already executed: Product.find({ totalRating: { '$gt': 0 } })
    at model.Query._wrappedThunk [as _find] (E:\info\js_selflearn\itechart\itechart-backend\node_modules\mongoose\lib\helpers\query\wrapThunk.js:21:19)
    at E:\info\js_selflearn\itechart\itechart-backend\node_modules\kareem\index.js:370:33
    at processTicksAndRejections (node:internal/process/task_queues:78:11)
2021-11-13 19:55:23 error: MongooseError: Query was already executed: Category.find({
  _id: {
    '$in': [
      new ObjectId("61...
    at model.Query._wrappedThunk [as _find] (E:\info\js_selflearn\itechart\itechart-backend\node_modules\mongoose\lib\helpers\query\wrapThunk.js:21:19)
    at E:\info\js_selflearn\itechart\itechart-backend\node_modules\kareem\index.js:370:33
    at processTicksAndRejections (node:internal/process/task_queues:78:11)
2021-11-13 19:55:43 info: Server is running on http://localhost:3000
2021-11-13 19:57:02 info: Server is running on http://localhost:3000
2021-11-13 19:57:11 info: Server is running on http://localhost:3000
2021-11-13 19:57:19 error: MongooseError: Query was already executed: Product.find({ totalRating: { '$gt': 0 } })
    at model.Query._wrappedThunk [as _find] (E:\info\js_selflearn\itechart\itechart-backend\node_modules\mongoose\lib\helpers\query\wrapThunk.js:21:19)
    at E:\info\js_selflearn\itechart\itechart-backend\node_modules\kareem\index.js:370:33
    at processTicksAndRejections (node:internal/process/task_queues:78:11)
2021-11-13 19:57:19 error: MongooseError: Query was already executed: Category.find({
  _id: {
    '$in': [
      new ObjectId("61...
    at model.Query._wrappedThunk [as _find] (E:\info\js_selflearn\itechart\itechart-backend\node_modules\mongoose\lib\helpers\query\wrapThunk.js:21:19)
    at E:\info\js_selflearn\itechart\itechart-backend\node_modules\kareem\index.js:370:33
    at processTicksAndRejections (node:internal/process/task_queues:78:11)
2021-11-13 19:58:04 info: Server is running on http://localhost:3000
2021-11-13 19:58:15 info: Server is running on http://localhost:3000
2021-11-13 19:58:50 info: Server is running on http://localhost:3000
2021-11-13 19:59:45 info: Server is running on http://localhost:3000
2021-11-13 19:59:54 info: Server is running on http://localhost:3000
2021-11-13 19:59:55 error: TypeError: Cannot read property 'op' of undefined
    at exec (E:\info\js_selflearn\itechart\itechart-backend\node_modules\mongoose\lib\query.js:4554:12)
    at model.Query.<anonymous> (E:\info\js_selflearn\itechart\itechart-backend\src\connection\connection.ts:11:17)
    at Generator.next (<anonymous>)
    at E:\info\js_selflearn\itechart\itechart-backend\src\connection\connection.ts:8:71
    at new Promise (<anonymous>)
    at __awaiter (E:\info\js_selflearn\itechart\itechart-backend\src\connection\connection.ts:4:12)
    at model.Query.typegoose_1.mongoose.Query.exec (E:\info\js_selflearn\itechart\itechart-backend\src\connection\connection.ts:18:12)
    at model.Query.Query.then (E:\info\js_selflearn\itechart\itechart-backend\node_modules\mongoose\lib\query.js:4644:15)
    at processTicksAndRejections (node:internal/process/task_queues:96:5)
2021-11-13 20:00:08 info: Server is running on http://localhost:3000
2021-11-13 20:00:18 info: Server is running on http://localhost:3000
2021-11-13 20:04:01 info: Server is running on http://localhost:3000
2021-11-13 20:04:03 error: MongooseError: Query was already executed: Category.find({
  _id: {
    '$in': [
      new ObjectId("61...
    at model.Query._wrappedThunk [as _find] (E:\info\js_selflearn\itechart\itechart-backend\node_modules\mongoose\lib\helpers\query\wrapThunk.js:21:19)
    at E:\info\js_selflearn\itechart\itechart-backend\node_modules\kareem\index.js:370:33
    at processTicksAndRejections (node:internal/process/task_queues:78:11)
2021-11-13 20:05:40 info: Server is running on http://localhost:3000
2021-11-13 20:06:06 info: Server is running on http://localhost:3000
2021-11-13 20:06:19 info: Server is running on http://localhost:3000
2021-11-13 20:07:19 info: Server is running on http://localhost:3000
2021-11-13 20:07:43 info: Server is running on http://localhost:3000
2021-11-13 20:08:06 info: Server is running on http://localhost:3000
2021-11-13 20:08:31 info: Server is running on http://localhost:3000
2021-11-13 20:09:22 info: Server is running on http://localhost:3000
2021-11-15 11:04:55 info: Server is running on http://localhost:3000
2021-11-15 11:08:01 error: CastError: Cast to Number failed for value "NaN" (type number) at path "price" for model "Product"
    at model.Query.exec (E:\info\js_selflearn\itechart\itechart-backend\node_modules\mongoose\lib\query.js:4545:21)
    at model.Query.<anonymous> (E:\info\js_selflearn\itechart\itechart-backend\src\connection\connection.ts:10:15)
    at Generator.next (<anonymous>)
    at E:\info\js_selflearn\itechart\itechart-backend\src\connection\connection.ts:8:71
    at new Promise (<anonymous>)
    at __awaiter (E:\info\js_selflearn\itechart\itechart-backend\src\connection\connection.ts:4:12)
    at model.Query.typegoose_1.mongoose.Query.exec (E:\info\js_selflearn\itechart\itechart-backend\src\connection\connection.ts:18:12)
    at model.Query.Query.then (E:\info\js_selflearn\itechart\itechart-backend\node_modules\mongoose\lib\query.js:4644:15)
    at processTicksAndRejections (node:internal/process/task_queues:96:5)
2021-11-15 11:10:31 info: Server is running on http://localhost:3000
2021-11-15 11:10:36 error: Error: eewagawgwa
    at default_1 (E:\info\js_selflearn\itechart\itechart-backend\src\utils\mongo-product-query.ts:64:11)
    at E:\info\js_selflearn\itechart\itechart-backend\src\routes\product.ts:13:29
    at Generator.next (<anonymous>)
    at E:\info\js_selflearn\itechart\itechart-backend\src\routes\product.ts:8:71
    at new Promise (<anonymous>)
    at __awaiter (E:\info\js_selflearn\itechart\itechart-backend\src\routes\product.ts:4:12)
    at E:\info\js_selflearn\itechart\itechart-backend\src\routes\product.ts:9:51
    at Layer.handle [as handle_request] (E:\info\js_selflearn\itechart\itechart-backend\node_modules\express\lib\router\layer.js:95:5)
    at next (E:\info\js_selflearn\itechart\itechart-backend\node_modules\express\lib\router\route.js:137:13)
    at Route.dispatch (E:\info\js_selflearn\itechart\itechart-backend\node_modules\express\lib\router\route.js:112:3)
2021-11-15 11:10:47 error: Error: eewagawgwa
    at default_1 (E:\info\js_selflearn\itechart\itechart-backend\src\utils\mongo-product-query.ts:64:11)
    at E:\info\js_selflearn\itechart\itechart-backend\src\routes\product.ts:13:29
    at Generator.next (<anonymous>)
    at E:\info\js_selflearn\itechart\itechart-backend\src\routes\product.ts:8:71
    at new Promise (<anonymous>)
    at __awaiter (E:\info\js_selflearn\itechart\itechart-backend\src\routes\product.ts:4:12)
    at E:\info\js_selflearn\itechart\itechart-backend\src\routes\product.ts:9:51
    at Layer.handle [as handle_request] (E:\info\js_selflearn\itechart\itechart-backend\node_modules\express\lib\router\layer.js:95:5)
    at next (E:\info\js_selflearn\itechart\itechart-backend\node_modules\express\lib\router\route.js:137:13)
    at Route.dispatch (E:\info\js_selflearn\itechart\itechart-backend\node_modules\express\lib\router\route.js:112:3)
2021-11-15 11:10:52 error: Error: eewagawgwa
    at default_1 (E:\info\js_selflearn\itechart\itechart-backend\src\utils\mongo-product-query.ts:64:11)
    at E:\info\js_selflearn\itechart\itechart-backend\src\routes\product.ts:13:29
    at Generator.next (<anonymous>)
    at E:\info\js_selflearn\itechart\itechart-backend\src\routes\product.ts:8:71
    at new Promise (<anonymous>)
    at __awaiter (E:\info\js_selflearn\itechart\itechart-backend\src\routes\product.ts:4:12)
    at E:\info\js_selflearn\itechart\itechart-backend\src\routes\product.ts:9:51
    at Layer.handle [as handle_request] (E:\info\js_selflearn\itechart\itechart-backend\node_modules\express\lib\router\layer.js:95:5)
    at next (E:\info\js_selflearn\itechart\itechart-backend\node_modules\express\lib\router\route.js:137:13)
    at Route.dispatch (E:\info\js_selflearn\itechart\itechart-backend\node_modules\express\lib\router\route.js:112:3)
2021-11-15 11:11:10 info: Server is running on http://localhost:3000
2021-11-15 11:11:11 error: Error: eewagawgwa
    at default_1 (E:\info\js_selflearn\itechart\itechart-backend\src\utils\mongo-product-query.ts:64:11)
    at E:\info\js_selflearn\itechart\itechart-backend\src\routes\product.ts:13:29
    at Generator.next (<anonymous>)
    at E:\info\js_selflearn\itechart\itechart-backend\src\routes\product.ts:8:71
    at new Promise (<anonymous>)
    at __awaiter (E:\info\js_selflearn\itechart\itechart-backend\src\routes\product.ts:4:12)
    at E:\info\js_selflearn\itechart\itechart-backend\src\routes\product.ts:9:51
    at Layer.handle [as handle_request] (E:\info\js_selflearn\itechart\itechart-backend\node_modules\express\lib\router\layer.js:95:5)
    at next (E:\info\js_selflearn\itechart\itechart-backend\node_modules\express\lib\router\route.js:137:13)
    at Route.dispatch (E:\info\js_selflearn\itechart\itechart-backend\node_modules\express\lib\router\route.js:112:3)
2021-11-15 11:11:48 info: Server is running on http://localhost:3000
2021-11-15 11:11:49 error: TypeError: Cannot read property 'split' of undefined
    at mapSortQuery (E:\info\js_selflearn\itechart\itechart-backend\src\utils\mongo-product-query.ts:35:19)
    at default_1 (E:\info\js_selflearn\itechart\itechart-backend\src\utils\mongo-product-query.ts:46:13)
    at E:\info\js_selflearn\itechart\itechart-backend\src\routes\product.ts:13:29
    at Generator.next (<anonymous>)
    at E:\info\js_selflearn\itechart\itechart-backend\src\routes\product.ts:8:71
    at new Promise (<anonymous>)
    at __awaiter (E:\info\js_selflearn\itechart\itechart-backend\src\routes\product.ts:4:12)
    at E:\info\js_selflearn\itechart\itechart-backend\src\routes\product.ts:9:51
    at Layer.handle [as handle_request] (E:\info\js_selflearn\itechart\itechart-backend\node_modules\express\lib\router\layer.js:95:5)
    at next (E:\info\js_selflearn\itechart\itechart-backend\node_modules\express\lib\router\route.js:137:13)
2021-11-15 11:11:59 error: TypeError: Cannot read property 'split' of undefined
    at mapPriceQuery (E:\info\js_selflearn\itechart\itechart-backend\src\utils\mongo-product-query.ts:24:22)
    at default_1 (E:\info\js_selflearn\itechart\itechart-backend\src\utils\mongo-product-query.ts:43:14)
    at E:\info\js_selflearn\itechart\itechart-backend\src\routes\product.ts:13:29
    at Generator.next (<anonymous>)
    at E:\info\js_selflearn\itechart\itechart-backend\src\routes\product.ts:8:71
    at new Promise (<anonymous>)
    at __awaiter (E:\info\js_selflearn\itechart\itechart-backend\src\routes\product.ts:4:12)
    at E:\info\js_selflearn\itechart\itechart-backend\src\routes\product.ts:9:51
    at Layer.handle [as handle_request] (E:\info\js_selflearn\itechart\itechart-backend\node_modules\express\lib\router\layer.js:95:5)
    at next (E:\info\js_selflearn\itechart\itechart-backend\node_modules\express\lib\router\route.js:137:13)
2021-11-15 11:12:14 info: Server is running on http://localhost:3000
2021-11-15 11:12:16 error: TypeError: Cannot read property 'split' of undefined
    at mapPriceQuery (E:\info\js_selflearn\itechart\itechart-backend\src\utils\mongo-product-query.ts:24:22)
    at default_1 (E:\info\js_selflearn\itechart\itechart-backend\src\utils\mongo-product-query.ts:43:14)
    at E:\info\js_selflearn\itechart\itechart-backend\src\routes\product.ts:13:29
    at Generator.next (<anonymous>)
    at E:\info\js_selflearn\itechart\itechart-backend\src\routes\product.ts:8:71
    at new Promise (<anonymous>)
    at __awaiter (E:\info\js_selflearn\itechart\itechart-backend\src\routes\product.ts:4:12)
    at E:\info\js_selflearn\itechart\itechart-backend\src\routes\product.ts:9:51
    at Layer.handle [as handle_request] (E:\info\js_selflearn\itechart\itechart-backend\node_modules\express\lib\router\layer.js:95:5)
    at next (E:\info\js_selflearn\itechart\itechart-backend\node_modules\express\lib\router\route.js:137:13)
2021-11-15 11:12:58 info: Server is running on http://localhost:3000
2021-11-15 11:25:59 info: Server is running on http://localhost:3000
2021-11-15 11:28:05 info: Server is running on http://localhost:3000
2021-11-15 11:42:39 error: Error: тип Unable to compile TypeScript:
[96msrc/utils/mongo-product-query.ts[0m:[93m63[0m:[93m3[0m - [91merror[0m[90m TS2322: [0mType '{ query: { displayName: RegExp; price: { $gt: number; $lt: number; }; totalRating: { $gt: number; }; }; sortBy: { [x: string]: sortCriteria; }; }' is not assignable to type 'mappedQueryMongo'.
  The types of 'query.displayName' are incompatible between these types.
    Type 'RegExp' is not assignable to type 'string'.

[7m63[0m   return mappedQuery;
[7m  [0m [91m  ~~~~~~~~~~~~~~~~~~~[0m

    at Object.<anonymous> (E:\info\js_selflearn\itechart\itechart-backend\src\utils\mongo-product-query.ts:1:7)
    at Module._compile (node:internal/modules/cjs/loader:1101:14)
    at Module._compile (E:\info\js_selflearn\itechart\itechart-backend\node_modules\source-map-support\source-map-support.js:568:25)
    at Module.m._compile (C:\Users\VLAD\AppData\Local\Temp\ts-node-dev-hook-37390396785987723.js:69:33)
    at Module._extensions..js (node:internal/modules/cjs/loader:1153:10)
    at require.extensions..jsx.require.extensions..js (C:\Users\VLAD\AppData\Local\Temp\ts-node-dev-hook-37390396785987723.js:114:20)
    at require.extensions.<computed> (C:\Users\VLAD\AppData\Local\Temp\ts-node-dev-hook-37390396785987723.js:71:20)
    at Object.nodeDevHook [as .ts] (E:\info\js_selflearn\itechart\itechart-backend\node_modules\ts-node-dev\lib\hook.js:63:13)
    at Module.load (node:internal/modules/cjs/loader:981:32)
    at Function.Module._load (node:internal/modules/cjs/loader:822:12)
2021-11-15 11:44:15 error: Error: тип Unable to compile TypeScript:
[96msrc/utils/mongo-product-query.ts[0m:[93m63[0m:[93m3[0m - [91merror[0m[90m TS2322: [0mType '{ query: { displayName: RegExp; price: { $gt: number; $lt: number; }; totalRating: { $gt: number; }; }; sortBy: { [x: string]: sortCriteria; }; }' is not assignable to type 'mappedQueryMongo'.
  The types of 'query.displayName' are incompatible between these types.
    Type 'RegExp' is not assignable to type 'string'.

[7m63[0m   return mappedQuery;
[7m  [0m [91m  ~~~~~~~~~~~~~~~~~~~[0m

    at Object.<anonymous> (E:\info\js_selflearn\itechart\itechart-backend\src\utils\mongo-product-query.ts:1:7)
    at Module._compile (node:internal/modules/cjs/loader:1101:14)
    at Module._compile (E:\info\js_selflearn\itechart\itechart-backend\node_modules\source-map-support\source-map-support.js:568:25)
    at Module.m._compile (C:\Users\VLAD\AppData\Local\Temp\ts-node-dev-hook-37390396785987723.js:69:33)
    at Module._extensions..js (node:internal/modules/cjs/loader:1153:10)
    at require.extensions..jsx.require.extensions..js (C:\Users\VLAD\AppData\Local\Temp\ts-node-dev-hook-37390396785987723.js:114:20)
    at require.extensions.<computed> (C:\Users\VLAD\AppData\Local\Temp\ts-node-dev-hook-37390396785987723.js:71:20)
    at Object.nodeDevHook [as .ts] (E:\info\js_selflearn\itechart\itechart-backend\node_modules\ts-node-dev\lib\hook.js:63:13)
    at Module.load (node:internal/modules/cjs/loader:981:32)
    at Function.Module._load (node:internal/modules/cjs/loader:822:12)
2021-11-15 11:47:23 info: Server is running on http://localhost:3000
2021-11-15 11:48:46 info: Server is running on http://localhost:3000
2021-11-15 11:51:48 info: Server is running on http://localhost:3000
2021-11-15 11:51:52 info: Server is running on http://localhost:3000
2021-11-15 11:52:03 info: Server is running on http://localhost:3000
2021-11-15 11:53:22 info: Server is running on http://localhost:3000
2021-11-15 11:56:07 info: Server is running on http://localhost:3000
2021-11-15 12:00:23 info: Server is running on http://localhost:3000
2021-11-15 12:01:21 info: Server is running on http://localhost:3000
2021-11-15 12:01:29 info: Server is running on http://localhost:3000
2021-11-15 12:02:03 info: Server is running on http://localhost:3000
2021-11-15 12:02:57 info: Server is running on http://localhost:3000
2021-11-15 12:04:00 info: Server is running on http://localhost:3000
2021-11-15 12:09:11 info: Server is running on http://localhost:3000
2021-11-15 12:14:14 info: Server is running on http://localhost:3000
2021-11-15 12:14:37 info: Server is running on http://localhost:3000
2021-11-15 12:14:37 error: Error: No data found
    at E:\info\js_selflearn\itechart\itechart-backend\src\routes\product.ts:23:13
    at Generator.next (<anonymous>)
    at fulfilled (E:\info\js_selflearn\itechart\itechart-backend\src\routes\product.ts:5:58)
    at processTicksAndRejections (node:internal/process/task_queues:96:5)
2021-11-15 12:15:41 info: Server is running on http://localhost:3000
2021-11-15 12:15:41 error: No data found
2021-11-15 12:17:25 info: Server is running on http://localhost:3000
2021-11-15 12:17:31 info: Server is running on http://localhost:3000
2021-11-15 12:17:31 error: RangeError: Invalid status code: undefined
    at new NodeError (node:internal/errors:371:5)
    at ServerResponse.writeHead (node:_http_server:275:11)
    at ServerResponse._implicitHeader (node:_http_server:266:8)
    at write_ (node:_http_outgoing:763:9)
    at ServerResponse.end (node:_http_outgoing:852:5)
    at ServerResponse.res.end (E:\info\js_selflearn\itechart\itechart-backend\node_modules\express-winston\index.js:317:17)
    at ServerResponse.send (E:\info\js_selflearn\itechart\itechart-backend\node_modules\express\lib\response.js:221:10)
    at E:\info\js_selflearn\itechart\itechart-backend\src\routes\product.ts:28:26
    at Generator.next (<anonymous>)
    at fulfilled (E:\info\js_selflearn\itechart\itechart-backend\src\routes\product.ts:5:58)
2021-11-15 12:19:40 info: Server is running on http://localhost:3000
2021-11-15 12:19:41 error: No data found
2021-11-15 12:19:54 error: No data found
2021-11-15 12:20:22 info: Server is running on http://localhost:3000
2021-11-15 12:20:22 error: No data found
2021-11-15 12:20:35 info: Server is running on http://localhost:3000
2021-11-15 12:20:38 error: No data found
2021-11-15 12:21:26 info: Server is running on http://localhost:3000
2021-11-15 12:21:57 info: Server is running on http://localhost:3000
2021-11-15 12:22:20 info: Server is running on http://localhost:3000
2021-11-15 12:22:20 error: No data found
2021-11-15 12:22:34 info: Server is running on http://localhost:3000
2021-11-15 12:22:34 error: No data found
2021-11-15 12:26:24 info: Server is running on http://localhost:3000
2021-11-15 12:26:39 error: No data found
2021-11-15 12:27:30 info: Server is running on http://localhost:3000
2021-11-15 12:27:33 error: No data found
2021-11-15 12:27:52 info: Server is running on http://localhost:3000
2021-11-15 12:28:00 info: Server is running on http://localhost:3000
2021-11-15 12:28:02 error: No data found
2021-11-15 12:31:19 info: Server is running on http://localhost:3000
2021-11-15 12:34:24 info: Server is running on http://localhost:3000
2021-11-15 12:34:29 error: No data found
2021-11-15 12:35:22 error: No data found
2021-11-15 12:35:36 info: Server is running on http://localhost:3000
2021-11-15 12:36:10 info: Server is running on http://localhost:3000
2021-11-15 12:36:24 info: Server is running on http://localhost:3000
2021-11-15 12:36:49 info: Server is running on http://localhost:3000
2021-11-15 12:37:22 info: Server is running on http://localhost:3000
2021-11-15 12:37:40 info: Server is running on http://localhost:3000
2021-11-15 12:37:57 info: Server is running on http://localhost:3000
2021-11-15 12:37:57 error: Invalid data input
2021-11-15 12:38:35 info: Server is running on http://localhost:3000
2021-11-15 12:38:35 error: Invalid data input
2021-11-15 12:38:44 error: No data found
2021-11-15 12:38:51 error: No data found
2021-11-15 12:38:51 error: No data found
2021-11-15 12:39:15 info: Server is running on http://localhost:3000
2021-11-15 12:39:16 error: No data found
2021-11-15 12:39:17 error: No data found
2021-11-15 12:41:11 info: Server is running on http://localhost:3000
2021-11-15 12:41:12 error: No data found
2021-11-15 12:41:42 info: Server is running on http://localhost:3000
2021-11-15 12:41:55 info: Server is running on http://localhost:3000
2021-11-15 12:42:44 info: Server is running on http://localhost:3000
2021-11-15 12:43:02 info: Server is running on http://localhost:3000
2021-11-15 12:43:08 info: Server is running on http://localhost:3000
2021-11-15 12:43:27 info: Server is running on http://localhost:3000
2021-11-15 12:43:29 error: No data found
2021-11-15 12:44:35 info: Server is running on http://localhost:3000
2021-11-15 12:44:35 error: Invalid data input
2021-11-15 12:44:44 error: No data found
2021-11-15 12:45:25 info: Server is running on http://localhost:3000
2021-11-15 12:45:27 error: No data found
2021-11-15 12:46:19 info: Server is running on http://localhost:3000
2021-11-15 12:46:22 info: Server is running on http://localhost:3000
2021-11-15 12:46:24 error: No data found
2021-11-15 12:47:50 info: Server is running on http://localhost:3000
2021-11-15 12:47:53 error: No data found
2021-11-15 12:48:12 info: Server is running on http://localhost:3000
2021-11-15 12:48:15 error: No data found
2021-11-15 12:48:31 info: Server is running on http://localhost:3000
2021-11-15 12:48:32 error: No data found
2021-11-15 12:49:03 info: Server is running on http://localhost:3000
2021-11-15 12:49:03 error: No data found
2021-11-15 12:49:29 info: Server is running on http://localhost:3000
2021-11-15 12:49:29 error: No data found
2021-11-15 12:50:28 info: Server is running on http://localhost:3000
2021-11-15 12:50:28 error: RangeError: Invalid status code: undefined
    at new NodeError (node:internal/errors:371:5)
    at ServerResponse.writeHead (node:_http_server:275:11)
    at ServerResponse._implicitHeader (node:_http_server:266:8)
    at write_ (node:_http_outgoing:763:9)
    at ServerResponse.end (node:_http_outgoing:852:5)
    at ServerResponse.res.end (E:\info\js_selflearn\itechart\itechart-backend\node_modules\express-winston\index.js:317:17)
    at ServerResponse.send (E:\info\js_selflearn\itechart\itechart-backend\node_modules\express\lib\response.js:221:10)
    at E:\info\js_selflearn\itechart\itechart-backend\src\routes\product.ts:26:31
    at Generator.throw (<anonymous>)
    at rejected (E:\info\js_selflearn\itechart\itechart-backend\src\routes\product.ts:6:65)
2021-11-15 12:51:05 info: Server is running on http://localhost:3000
2021-11-15 12:51:08 error: RangeError: Invalid status code: undefined
    at new NodeError (node:internal/errors:371:5)
    at ServerResponse.writeHead (node:_http_server:275:11)
    at ServerResponse._implicitHeader (node:_http_server:266:8)
    at write_ (node:_http_outgoing:763:9)
    at ServerResponse.end (node:_http_outgoing:852:5)
    at ServerResponse.res.end (E:\info\js_selflearn\itechart\itechart-backend\node_modules\express-winston\index.js:317:17)
    at ServerResponse.send (E:\info\js_selflearn\itechart\itechart-backend\node_modules\express\lib\response.js:221:10)
    at E:\info\js_selflearn\itechart\itechart-backend\src\routes\product.ts:26:31
    at Generator.throw (<anonymous>)
    at rejected (E:\info\js_selflearn\itechart\itechart-backend\src\routes\product.ts:6:65)
2021-11-15 12:55:56 info: Server is running on http://localhost:3000
2021-11-15 12:56:04 error: RangeError: Invalid status code: undefined
    at new NodeError (node:internal/errors:371:5)
    at ServerResponse.writeHead (node:_http_server:275:11)
    at ServerResponse._implicitHeader (node:_http_server:266:8)
    at write_ (node:_http_outgoing:763:9)
    at ServerResponse.end (node:_http_outgoing:852:5)
    at ServerResponse.res.end (E:\info\js_selflearn\itechart\itechart-backend\node_modules\express-winston\index.js:317:17)
    at ServerResponse.send (E:\info\js_selflearn\itechart\itechart-backend\node_modules\express\lib\response.js:221:10)
    at E:\info\js_selflearn\itechart\itechart-backend\src\routes\product.ts:26:31
    at Generator.throw (<anonymous>)
    at rejected (E:\info\js_selflearn\itechart\itechart-backend\src\routes\product.ts:6:65)
2021-11-15 12:56:30 info: Server is running on http://localhost:3000
2021-11-15 12:56:47 error: Invalid data input
2021-11-15 12:56:50 error: Invalid data input
2021-11-15 12:56:54 error: RangeError: Invalid status code: undefined
    at new NodeError (node:internal/errors:371:5)
    at ServerResponse.writeHead (node:_http_server:275:11)
    at ServerResponse._implicitHeader (node:_http_server:266:8)
    at write_ (node:_http_outgoing:763:9)
    at ServerResponse.end (node:_http_outgoing:852:5)
    at ServerResponse.res.end (E:\info\js_selflearn\itechart\itechart-backend\node_modules\express-winston\index.js:317:17)
    at ServerResponse.send (E:\info\js_selflearn\itechart\itechart-backend\node_modules\express\lib\response.js:221:10)
    at E:\info\js_selflearn\itechart\itechart-backend\src\routes\product.ts:26:31
    at Generator.throw (<anonymous>)
    at rejected (E:\info\js_selflearn\itechart\itechart-backend\src\routes\product.ts:6:65)
2021-11-15 12:59:46 info: Server is running on http://localhost:3000
2021-11-15 12:59:47 error: No data found
2021-11-15 12:59:48 error: No data found
2021-11-15 13:00:15 info: Server is running on http://localhost:3000
2021-11-15 13:00:15 error: No data found
2021-11-15 13:00:32 info: Server is running on http://localhost:3000
2021-11-15 13:01:04 error: No data found
2021-11-15 13:04:39 info: Server is running on http://localhost:3000
2021-11-15 13:04:52 error: No data found
2021-11-15 13:05:22 info: Server is running on http://localhost:3000
2021-11-15 13:05:32 error: No data found
2021-11-15 13:06:01 info: Server is running on http://localhost:3000
2021-11-15 13:06:17 info: Server is running on http://localhost:3000
2021-11-15 13:06:17 error: RangeError: Invalid status code: undefined
    at new NodeError (node:internal/errors:371:5)
    at ServerResponse.writeHead (node:_http_server:275:11)
    at ServerResponse._implicitHeader (node:_http_server:266:8)
    at write_ (node:_http_outgoing:763:9)
    at ServerResponse.end (node:_http_outgoing:852:5)
    at ServerResponse.res.end (E:\info\js_selflearn\itechart\itechart-backend\node_modules\express-winston\index.js:317:17)
    at ServerResponse.send (E:\info\js_selflearn\itechart\itechart-backend\node_modules\express\lib\response.js:221:10)
    at E:\info\js_selflearn\itechart\itechart-backend\src\routes\product.ts:27:31
    at Generator.throw (<anonymous>)
    at rejected (E:\info\js_selflearn\itechart\itechart-backend\src\routes\product.ts:6:65)
2021-11-15 14:02:02 info: Server is running on http://localhost:3000
2021-11-15 14:02:30 error: No data found
2021-11-15 14:03:00 info: Server is running on http://localhost:3000
2021-11-15 14:03:02 error: No data found
2021-11-15 14:03:45 info: Server is running on http://localhost:3000
2021-11-15 14:03:45 error: invalid data input
2021-11-15 14:06:57 info: Server is running on http://localhost:3000
2021-11-15 14:06:57 error: invalid data input
2021-11-15 14:07:18 info: Server is running on http://localhost:3000
2021-11-15 14:07:20 error: No data found
2021-11-15 14:08:35 info: Server is running on http://localhost:3000
2021-11-15 14:08:35 error: invalid data input
2021-11-15 14:18:04 info: Server is running on http://localhost:3000
2021-11-15 14:19:39 info: Server is running on http://localhost:3000
2021-11-15 14:19:57 error: Error: тип Unable to compile TypeScript:
[96msrc/utils/mongo-product-query.ts[0m:[93m32[0m:[93m25[0m - [91merror[0m[90m TS1109: [0mExpression expected.

[7m32[0m   if(priceFilters[1] >= )
[7m  [0m [91m                        ~[0m

    at Object.<anonymous> (E:\info\js_selflearn\itechart\itechart-backend\src\utils\mongo-product-query.ts:1:7)
    at Module._compile (node:internal/modules/cjs/loader:1101:14)
    at Module._compile (E:\info\js_selflearn\itechart\itechart-backend\node_modules\source-map-support\source-map-support.js:568:25)
    at Module.m._compile (C:\Users\VLAD\AppData\Local\Temp\ts-node-dev-hook-7977393925714928.js:69:33)
    at Module._extensions..js (node:internal/modules/cjs/loader:1153:10)
    at require.extensions..jsx.require.extensions..js (C:\Users\VLAD\AppData\Local\Temp\ts-node-dev-hook-7977393925714928.js:114:20)
    at require.extensions.<computed> (C:\Users\VLAD\AppData\Local\Temp\ts-node-dev-hook-7977393925714928.js:71:20)
    at Object.nodeDevHook [as .ts] (E:\info\js_selflearn\itechart\itechart-backend\node_modules\ts-node-dev\lib\hook.js:63:13)
    at Module.load (node:internal/modules/cjs/loader:981:32)
    at Function.Module._load (node:internal/modules/cjs/loader:822:12)
2021-11-15 14:20:21 info: Server is running on http://localhost:3000
2021-11-15 14:20:45 info: Server is running on http://localhost:3000
2021-11-15 14:20:45 error: invalid data input
2021-11-15 14:20:52 error: invalid data input
2021-11-15 14:20:55 error: invalid data input
2021-11-15 14:21:19 info: Server is running on http://localhost:3000
2021-11-15 14:21:23 error: invalid data input
2021-11-15 14:21:27 error: No data found
2021-11-15 14:21:29 error: No data found
2021-11-15 14:27:29 info: Server is running on http://localhost:3000
2021-11-15 14:27:39 error: RangeError: Invalid status code: undefined
    at new NodeError (node:internal/errors:371:5)
    at ServerResponse.writeHead (node:_http_server:275:11)
    at ServerResponse._implicitHeader (node:_http_server:266:8)
    at write_ (node:_http_outgoing:763:9)
    at ServerResponse.end (node:_http_outgoing:852:5)
    at ServerResponse.res.end (E:\info\js_selflearn\itechart\itechart-backend\node_modules\express-winston\index.js:317:17)
    at ServerResponse.send (E:\info\js_selflearn\itechart\itechart-backend\node_modules\express\lib\response.js:221:10)
    at E:\info\js_selflearn\itechart\itechart-backend\src\routes\product.ts:27:31
    at Generator.throw (<anonymous>)
    at rejected (E:\info\js_selflearn\itechart\itechart-backend\src\routes\product.ts:6:65)
2021-11-15 14:27:59 info: Server is running on http://localhost:3000
2021-11-15 14:28:22 error: invalid data input
2021-11-15 14:29:38 info: Server is running on http://localhost:3000
2021-11-15 14:29:39 error: invalid data input
2021-11-15 14:35:16 error: invalid data input
2021-11-15 14:35:19 error: invalid data input
2021-11-15 14:35:23 error: invalid data input
2021-11-15 14:37:11 error: invalid data input
2021-11-15 14:38:40 error: No data found
2021-11-15 14:39:21 info: Server is running on http://localhost:3000
2021-11-15 14:39:21 error: invalid data input
2021-11-15 14:49:56 info: Server is running on http://localhost:3000
2021-11-15 14:52:23 info: Server is running on http://localhost:3000
2021-11-15 14:54:13 error: Error: тип Unable to compile TypeScript:
[96msrc/utils/mongo-product-query.ts[0m:[93m60[0m:[93m28[0m - [91merror[0m[90m TS1005: [0m',' expected.

[7m60[0m   console.log(sortQuery[0] typeof );
[7m  [0m [91m                           ~~~~~~[0m
[96msrc/utils/mongo-product-query.ts[0m:[93m60[0m:[93m35[0m - [91merror[0m[90m TS1109: [0mExpression expected.

[7m60[0m   console.log(sortQuery[0] typeof );
[7m  [0m [91m                                  ~[0m

    at Object.<anonymous> (E:\info\js_selflearn\itechart\itechart-backend\src\utils\mongo-product-query.ts:1:7)
    at Module._compile (node:internal/modules/cjs/loader:1101:14)
    at Module._compile (E:\info\js_selflearn\itechart\itechart-backend\node_modules\source-map-support\source-map-support.js:568:25)
    at Module.m._compile (C:\Users\VLAD\AppData\Local\Temp\ts-node-dev-hook-7977393925714928.js:69:33)
    at Module._extensions..js (node:internal/modules/cjs/loader:1153:10)
    at require.extensions..jsx.require.extensions..js (C:\Users\VLAD\AppData\Local\Temp\ts-node-dev-hook-7977393925714928.js:114:20)
    at require.extensions.<computed> (C:\Users\VLAD\AppData\Local\Temp\ts-node-dev-hook-7977393925714928.js:71:20)
    at Object.nodeDevHook [as .ts] (E:\info\js_selflearn\itechart\itechart-backend\node_modules\ts-node-dev\lib\hook.js:63:13)
    at Module.load (node:internal/modules/cjs/loader:981:32)
    at Function.Module._load (node:internal/modules/cjs/loader:822:12)
2021-11-15 14:57:05 info: Server is running on http://localhost:3000
2021-11-15 17:36:00 info: Server is running on http://localhost:3000
2021-11-15 17:43:11 info: Server is running on http://localhost:3000
2021-11-15 17:47:13 info: Server is running on http://localhost:3000
2021-11-15 17:47:43 info: Server is running on http://localhost:3000
2021-11-15 17:53:32 info: Server is running on http://localhost:3000
2021-11-15 17:54:33 info: Server is running on http://localhost:3000
2021-11-15 17:55:48 error: RangeError: Invalid status code: undefined
    at new NodeError (node:internal/errors:371:5)
    at ServerResponse.writeHead (node:_http_server:275:11)
    at ServerResponse._implicitHeader (node:_http_server:266:8)
    at write_ (node:_http_outgoing:763:9)
    at ServerResponse.end (node:_http_outgoing:852:5)
    at ServerResponse.res.end (E:\info\js_selflearn\itechart\itechart-backend\node_modules\express-winston\index.js:317:17)
    at ServerResponse.send (E:\info\js_selflearn\itechart\itechart-backend\node_modules\express\lib\response.js:221:10)
    at E:\info\js_selflearn\itechart\itechart-backend\src\routes\product.ts:26:31
    at Generator.throw (<anonymous>)
    at rejected (E:\info\js_selflearn\itechart\itechart-backend\src\routes\product.ts:6:65)
2021-11-15 17:56:21 info: Server is running on http://localhost:3000
2021-11-15 17:59:28 info: Server is running on http://localhost:3000
2021-11-15 18:02:09 info: Server is running on http://localhost:3000
2021-11-15 18:03:32 info: Server is running on http://localhost:3000
2021-11-15 18:06:00 info: Server is running on http://localhost:3000
2021-11-15 18:12:34 info: Server is running on http://localhost:3000
2021-11-15 18:13:04 info: Server is running on http://localhost:3000
2021-11-15 18:16:30 error: RangeError: Invalid status code: undefined
    at new NodeError (node:internal/errors:371:5)
    at ServerResponse.writeHead (node:_http_server:275:11)
    at ServerResponse._implicitHeader (node:_http_server:266:8)
    at write_ (node:_http_outgoing:763:9)
    at ServerResponse.end (node:_http_outgoing:852:5)
    at ServerResponse.res.end (E:\info\js_selflearn\itechart\itechart-backend\node_modules\express-winston\index.js:317:17)
    at ServerResponse.send (E:\info\js_selflearn\itechart\itechart-backend\node_modules\express\lib\response.js:221:10)
    at E:\info\js_selflearn\itechart\itechart-backend\src\routes\product.ts:26:31
    at Generator.throw (<anonymous>)
    at rejected (E:\info\js_selflearn\itechart\itechart-backend\src\routes\product.ts:6:65)
2021-11-15 18:18:44 error: Error: тип Unable to compile TypeScript:
[96msrc/utils/mongo-product-query.ts[0m:[93m69[0m:[93m15[0m - [91merror[0m[90m TS2693: [0m'productFilter' only refers to a type, but is being used as a value here.

[7m69[0m   console.log(productFilter);
[7m  [0m [91m              ~~~~~~~~~~~~~[0m

    at Object.<anonymous> (E:\info\js_selflearn\itechart\itechart-backend\src\utils\mongo-product-query.ts:1:7)
    at Module._compile (node:internal/modules/cjs/loader:1101:14)
    at Module._compile (E:\info\js_selflearn\itechart\itechart-backend\node_modules\source-map-support\source-map-support.js:568:25)
    at Module.m._compile (C:\Users\VLAD\AppData\Local\Temp\ts-node-dev-hook-8052354492727576.js:69:33)
    at Module._extensions..js (node:internal/modules/cjs/loader:1153:10)
    at require.extensions..jsx.require.extensions..js (C:\Users\VLAD\AppData\Local\Temp\ts-node-dev-hook-8052354492727576.js:114:20)
    at require.extensions.<computed> (C:\Users\VLAD\AppData\Local\Temp\ts-node-dev-hook-8052354492727576.js:71:20)
    at Object.nodeDevHook [as .ts] (E:\info\js_selflearn\itechart\itechart-backend\node_modules\ts-node-dev\lib\hook.js:63:13)
    at Module.load (node:internal/modules/cjs/loader:981:32)
    at Function.Module._load (node:internal/modules/cjs/loader:822:12)
2021-11-15 18:18:53 error: Error: тип Unable to compile TypeScript:
[96msrc/utils/mongo-product-query.ts[0m:[93m69[0m:[93m15[0m - [91merror[0m[90m TS2693: [0m'productFilter' only refers to a type, but is being used as a value here.

[7m69[0m   console.log(productFilter[filter]);
[7m  [0m [91m              ~~~~~~~~~~~~~[0m

    at Object.<anonymous> (E:\info\js_selflearn\itechart\itechart-backend\src\utils\mongo-product-query.ts:1:7)
    at Module._compile (node:internal/modules/cjs/loader:1101:14)
    at Module._compile (E:\info\js_selflearn\itechart\itechart-backend\node_modules\source-map-support\source-map-support.js:568:25)
    at Module.m._compile (C:\Users\VLAD\AppData\Local\Temp\ts-node-dev-hook-8052354492727576.js:69:33)
    at Module._extensions..js (node:internal/modules/cjs/loader:1153:10)
    at require.extensions..jsx.require.extensions..js (C:\Users\VLAD\AppData\Local\Temp\ts-node-dev-hook-8052354492727576.js:114:20)
    at require.extensions.<computed> (C:\Users\VLAD\AppData\Local\Temp\ts-node-dev-hook-8052354492727576.js:71:20)
    at Object.nodeDevHook [as .ts] (E:\info\js_selflearn\itechart\itechart-backend\node_modules\ts-node-dev\lib\hook.js:63:13)
    at Module.load (node:internal/modules/cjs/loader:981:32)
    at Function.Module._load (node:internal/modules/cjs/loader:822:12)
2021-11-15 18:19:17 error: Error: тип Unable to compile TypeScript:
[96msrc/utils/mongo-product-query.ts[0m:[93m69[0m:[93m15[0m - [91merror[0m[90m TS2693: [0m'productMongo' only refers to a type, but is being used as a value here.

[7m69[0m   console.log(productMongo[filter]);
[7m  [0m [91m              ~~~~~~~~~~~~[0m

    at Object.<anonymous> (E:\info\js_selflearn\itechart\itechart-backend\src\utils\mongo-product-query.ts:1:7)
    at Module._compile (node:internal/modules/cjs/loader:1101:14)
    at Module._compile (E:\info\js_selflearn\itechart\itechart-backend\node_modules\source-map-support\source-map-support.js:568:25)
    at Module.m._compile (C:\Users\VLAD\AppData\Local\Temp\ts-node-dev-hook-8052354492727576.js:69:33)
    at Module._extensions..js (node:internal/modules/cjs/loader:1153:10)
    at require.extensions..jsx.require.extensions..js (C:\Users\VLAD\AppData\Local\Temp\ts-node-dev-hook-8052354492727576.js:114:20)
    at require.extensions.<computed> (C:\Users\VLAD\AppData\Local\Temp\ts-node-dev-hook-8052354492727576.js:71:20)
    at Object.nodeDevHook [as .ts] (E:\info\js_selflearn\itechart\itechart-backend\node_modules\ts-node-dev\lib\hook.js:63:13)
    at Module.load (node:internal/modules/cjs/loader:981:32)
    at Function.Module._load (node:internal/modules/cjs/loader:822:12)
2021-11-15 18:19:48 error: Error: тип Unable to compile TypeScript:
[96msrc/utils/mongo-product-query.ts[0m:[93m70[0m:[93m3[0m - [91merror[0m[90m TS2304: [0mCannot find name 'return'.

[7m70[0m   return {
[7m  [0m [91m  ~~~~~~[0m
[96msrc/utils/mongo-product-query.ts[0m:[93m71[0m:[93m15[0m - [91merror[0m[90m TS2695: [0mLeft side of comma operator is unused and has no side effects.

[7m71[0m     [filter]: value,
[7m  [0m [91m              ~~~~~[0m
[96msrc/utils/mongo-product-query.ts[0m:[93m97[0m:[93m3[0m - [91merror[0m[90m TS2322: [0mType '{ query: { displayName: RegExp; price: { $gt: number; $lt?: undefined; } | { $gt: number; $lt: number; }; totalRating: { $gt: number; }; }; sortBy: void; }' is not assignable to type 'mappedQueryMongo'.
  Types of property 'sortBy' are incompatible.
    Type 'void' is not assignable to type '{ createdAt?: sortCriteria; displayName?: sortCriteria; price?: sortCriteria; totalRating?: sortCriteria; }'.

[7m97[0m   return mappedQuery;
[7m  [0m [91m  ~~~~~~~~~~~~~~~~~~~[0m
[96msrc/utils/mongo-product-query.ts[0m:[93m70[0m:[93m10[0m - [91merror[0m[90m TS1005: [0m';' expected.

[7m70[0m   return {
[7m  [0m [91m         ~[0m
[96msrc/utils/mongo-product-query.ts[0m:[93m71[0m:[93m13[0m - [91merror[0m[90m TS1005: [0m';' expected.

[7m71[0m     [filter]: value,
[7m  [0m [91m            ~[0m
[96msrc/utils/mongo-product-query.ts[0m:[93m72[0m:[93m3[0m - [91merror[0m[90m TS1109: [0mExpression expected.

[7m72[0m   };
[7m  [0m [91m  ~[0m

    at Object.<anonymous> (E:\info\js_selflearn\itechart\itechart-backend\src\utils\mongo-product-query.ts:1:7)
    at Module._compile (node:internal/modules/cjs/loader:1101:14)
    at Module._compile (E:\info\js_selflearn\itechart\itechart-backend\node_modules\source-map-support\source-map-support.js:568:25)
    at Module.m._compile (C:\Users\VLAD\AppData\Local\Temp\ts-node-dev-hook-8052354492727576.js:69:33)
    at Module._extensions..js (node:internal/modules/cjs/loader:1153:10)
    at require.extensions..jsx.require.extensions..js (C:\Users\VLAD\AppData\Local\Temp\ts-node-dev-hook-8052354492727576.js:114:20)
    at require.extensions.<computed> (C:\Users\VLAD\AppData\Local\Temp\ts-node-dev-hook-8052354492727576.js:71:20)
    at Object.nodeDevHook [as .ts] (E:\info\js_selflearn\itechart\itechart-backend\node_modules\ts-node-dev\lib\hook.js:63:13)
    at Module.load (node:internal/modules/cjs/loader:981:32)
    at Function.Module._load (node:internal/modules/cjs/loader:822:12)
2021-11-15 18:20:05 error: Error: тип Unable to compile TypeScript:
[96msrc/utils/mongo-product-query.ts[0m:[93m69[0m:[93m28[0m - [91merror[0m[90m TS2538: [0mType 'any' cannot be used as an index type.

[7m69[0m   type flag = productMongo[filter]
[7m  [0m [91m                           ~~~~~~[0m
[96msrc/utils/mongo-product-query.ts[0m:[93m69[0m:[93m28[0m - [91merror[0m[90m TS2749: [0m'filter' refers to a value, but is being used as a type here. Did you mean 'typeof filter'?

[7m69[0m   type flag = productMongo[filter]
[7m  [0m [91m                           ~~~~~~[0m

    at Object.<anonymous> (E:\info\js_selflearn\itechart\itechart-backend\src\utils\mongo-product-query.ts:1:7)
    at Module._compile (node:internal/modules/cjs/loader:1101:14)
    at Module._compile (E:\info\js_selflearn\itechart\itechart-backend\node_modules\source-map-support\source-map-support.js:568:25)
    at Module.m._compile (C:\Users\VLAD\AppData\Local\Temp\ts-node-dev-hook-8052354492727576.js:69:33)
    at Module._extensions..js (node:internal/modules/cjs/loader:1153:10)
    at require.extensions..jsx.require.extensions..js (C:\Users\VLAD\AppData\Local\Temp\ts-node-dev-hook-8052354492727576.js:114:20)
    at require.extensions.<computed> (C:\Users\VLAD\AppData\Local\Temp\ts-node-dev-hook-8052354492727576.js:71:20)
    at Object.nodeDevHook [as .ts] (E:\info\js_selflearn\itechart\itechart-backend\node_modules\ts-node-dev\lib\hook.js:63:13)
    at Module.load (node:internal/modules/cjs/loader:981:32)
    at Function.Module._load (node:internal/modules/cjs/loader:822:12)
2021-11-15 18:20:16 info: Server is running on http://localhost:3000
2021-11-15 18:22:06 info: Server is running on http://localhost:3000
2021-11-15 18:22:06 error: RangeError: Invalid status code: undefined
    at new NodeError (node:internal/errors:371:5)
    at ServerResponse.writeHead (node:_http_server:275:11)
    at ServerResponse._implicitHeader (node:_http_server:266:8)
    at write_ (node:_http_outgoing:763:9)
    at ServerResponse.end (node:_http_outgoing:852:5)
    at ServerResponse.res.end (E:\info\js_selflearn\itechart\itechart-backend\node_modules\express-winston\index.js:317:17)
    at ServerResponse.send (E:\info\js_selflearn\itechart\itechart-backend\node_modules\express\lib\response.js:221:10)
    at E:\info\js_selflearn\itechart\itechart-backend\src\routes\product.ts:27:31
    at Generator.throw (<anonymous>)
    at rejected (E:\info\js_selflearn\itechart\itechart-backend\src\routes\product.ts:6:65)
2021-11-15 18:22:52 info: Server is running on http://localhost:3000
2021-11-15 18:22:52 error: RangeError: Invalid status code: undefined
    at new NodeError (node:internal/errors:371:5)
    at ServerResponse.writeHead (node:_http_server:275:11)
    at ServerResponse._implicitHeader (node:_http_server:266:8)
    at write_ (node:_http_outgoing:763:9)
    at ServerResponse.end (node:_http_outgoing:852:5)
    at ServerResponse.res.end (E:\info\js_selflearn\itechart\itechart-backend\node_modules\express-winston\index.js:317:17)
    at ServerResponse.send (E:\info\js_selflearn\itechart\itechart-backend\node_modules\express\lib\response.js:221:10)
    at E:\info\js_selflearn\itechart\itechart-backend\src\routes\product.ts:26:31
    at Generator.throw (<anonymous>)
    at rejected (E:\info\js_selflearn\itechart\itechart-backend\src\routes\product.ts:6:65)
2021-11-15 18:25:13 info: Server is running on http://localhost:3000
2021-11-15 18:32:00 error: No data found
2021-11-15 18:33:52 info: Server is running on http://localhost:3000
2021-11-15 18:33:54 error: No data found
2021-11-15 18:34:35 info: Server is running on http://localhost:3000
2021-11-15 18:35:47 info: Server is running on http://localhost:3000
2021-11-15 18:38:14 info: Server is running on http://localhost:3000
2021-11-15 21:02:00 info: Server is running on http://localhost:3000
2021-11-15 21:05:05 error: No data found
2021-11-15 21:09:04 info: Server is running on http://localhost:3000
2021-11-15 21:09:12 error: Error: тип Unable to compile TypeScript:
[96msrc/utils/mongo-category-query.ts[0m:[93m20[0m:[93m18[0m - [91merror[0m[90m TS2367: [0mThis condition will always return 'false' since the types '"includeTop3Products"' and '"top"' have no overlap.

[7m20[0m     if (reqQuery['includeTop3Products' === 'top']) {
[7m  [0m [91m                 ~~~~~~~~~~~~~~~~~~~~~~~~~~~~~~~[0m
[96msrc/utils/mongo-category-query.ts[0m:[93m20[0m:[93m18[0m - [91merror[0m[90m TS2538: [0mType 'boolean' cannot be used as an index type.

[7m20[0m     if (reqQuery['includeTop3Products' === 'top']) {
[7m  [0m [91m                 ~~~~~~~~~~~~~~~~~~~~~~~~~~~~~~~[0m

    at Object.<anonymous> (E:\info\js_selflearn\itechart\itechart-backend\src\utils\mongo-category-query.ts:1:7)
    at Module._compile (node:internal/modules/cjs/loader:1101:14)
    at Module._compile (E:\info\js_selflearn\itechart\itechart-backend\node_modules\source-map-support\source-map-support.js:568:25)
    at Module.m._compile (C:\Users\VLAD\AppData\Local\Temp\ts-node-dev-hook-8052354492727576.js:69:33)
    at Module._extensions..js (node:internal/modules/cjs/loader:1153:10)
    at require.extensions..jsx.require.extensions..js (C:\Users\VLAD\AppData\Local\Temp\ts-node-dev-hook-8052354492727576.js:114:20)
    at require.extensions.<computed> (C:\Users\VLAD\AppData\Local\Temp\ts-node-dev-hook-8052354492727576.js:71:20)
    at Object.nodeDevHook [as .ts] (E:\info\js_selflearn\itechart\itechart-backend\node_modules\ts-node-dev\lib\hook.js:63:13)
    at Module.load (node:internal/modules/cjs/loader:981:32)
    at Function.Module._load (node:internal/modules/cjs/loader:822:12)
2021-11-15 21:09:29 info: Server is running on http://localhost:3000
2021-11-15 21:12:13 info: Server is running on http://localhost:3000
2021-11-15 21:25:40 error: No data found
2021-11-15 21:25:40 error: No data found
2021-11-15 21:26:05 error: No data found
2021-11-15 21:27:10 error: No data found
2021-11-15 21:27:16 error: No data found
2021-11-15 21:27:20 error: No data found
2021-11-15 21:27:23 error: No data found
2021-11-15 21:27:27 error: No data found
2021-11-15 21:27:49 info: Server is running on http://localhost:3000
2021-11-15 21:27:50 error: No data found
2021-11-15 21:32:16 info: Server is running on http://localhost:3000
2021-11-15 21:38:02 error: Error: тип Unable to compile TypeScript:
[96msrc/utils/pg-product-query.ts[0m:[93m22[0m:[93m7[0m - [91merror[0m[90m TS2322: [0mType '{ $gt: number; $lt?: undefined; } | { $gt: number; $lt: number; }' is not assignable to type '{ gt: number; lt: number; }'.
  Type '{ $gt: number; $lt?: undefined; }' is missing the following properties from type '{ gt: number; lt: number; }': gt, lt

[7m22[0m       price: mapPriceQuery(query.price),
[7m  [0m [91m      ~~~~~[0m

  [96msrc/utils/pg-product-query.ts[0m:[93m8[0m:[93m5[0m
    [7m8[0m     price: {
    [7m [0m [96m    ~~~~~[0m
    The expected type comes from property 'price' which is declared here on type '{ displayName: string; price: { gt: number; lt: number; }; totalRating: number; }'

    at Object.<anonymous> (E:\info\js_selflearn\itechart\itechart-backend\src\utils\pg-product-query.ts:1:7)
    at Module._compile (node:internal/modules/cjs/loader:1101:14)
    at Module._compile (E:\info\js_selflearn\itechart\itechart-backend\node_modules\source-map-support\source-map-support.js:568:25)
    at Module.m._compile (C:\Users\VLAD\AppData\Local\Temp\ts-node-dev-hook-4400165268012999.js:69:33)
    at Module._extensions..js (node:internal/modules/cjs/loader:1153:10)
    at require.extensions..jsx.require.extensions..js (C:\Users\VLAD\AppData\Local\Temp\ts-node-dev-hook-4400165268012999.js:114:20)
    at require.extensions.<computed> (C:\Users\VLAD\AppData\Local\Temp\ts-node-dev-hook-4400165268012999.js:71:20)
    at Object.nodeDevHook [as .ts] (E:\info\js_selflearn\itechart\itechart-backend\node_modules\ts-node-dev\lib\hook.js:63:13)
    at Module.load (node:internal/modules/cjs/loader:981:32)
    at Function.Module._load (node:internal/modules/cjs/loader:822:12)
2021-11-15 22:04:01 info: Server is running on http://localhost:3000
2021-11-15 22:04:09 error: invalid data input
2021-11-15 22:04:12 error: RangeError: Invalid status code: undefined
    at new NodeError (node:internal/errors:371:5)
    at ServerResponse.writeHead (node:_http_server:275:11)
    at ServerResponse._implicitHeader (node:_http_server:266:8)
    at write_ (node:_http_outgoing:763:9)
    at ServerResponse.end (node:_http_outgoing:852:5)
    at ServerResponse.res.end (E:\info\js_selflearn\itechart\itechart-backend\node_modules\express-winston\index.js:317:17)
    at ServerResponse.send (E:\info\js_selflearn\itechart\itechart-backend\node_modules\express\lib\response.js:221:10)
    at E:\info\js_selflearn\itechart\itechart-backend\src\routes\product.ts:27:31
    at Generator.throw (<anonymous>)
    at rejected (E:\info\js_selflearn\itechart\itechart-backend\src\routes\product.ts:6:65)
2021-11-15 22:04:43 info: Server is running on http://localhost:3000
2021-11-15 22:05:07 error: invalid data input
2021-11-15 22:05:13 error: invalid data input
2021-11-15 22:05:18 error: invalid data input
2021-11-15 22:05:20 error: invalid data input
2021-11-15 22:05:24 error: invalid data input
2021-11-15 22:07:46 info: Server is running on http://localhost:3000
2021-11-15 22:07:48 error: RangeError: Invalid status code: undefined
    at new NodeError (node:internal/errors:371:5)
    at ServerResponse.writeHead (node:_http_server:275:11)
    at ServerResponse._implicitHeader (node:_http_server:266:8)
    at write_ (node:_http_outgoing:763:9)
    at ServerResponse.end (node:_http_outgoing:852:5)
    at ServerResponse.res.end (E:\info\js_selflearn\itechart\itechart-backend\node_modules\express-winston\index.js:317:17)
    at ServerResponse.send (E:\info\js_selflearn\itechart\itechart-backend\node_modules\express\lib\response.js:221:10)
    at E:\info\js_selflearn\itechart\itechart-backend\src\routes\product.ts:27:31
    at Generator.throw (<anonymous>)
    at rejected (E:\info\js_selflearn\itechart\itechart-backend\src\routes\product.ts:6:65)
2021-11-15 22:08:09 info: Server is running on http://localhost:3000
2021-11-15 22:08:13 error: RangeError: Invalid status code: undefined
    at new NodeError (node:internal/errors:371:5)
    at ServerResponse.writeHead (node:_http_server:275:11)
    at ServerResponse._implicitHeader (node:_http_server:266:8)
    at write_ (node:_http_outgoing:763:9)
    at ServerResponse.end (node:_http_outgoing:852:5)
    at ServerResponse.res.end (E:\info\js_selflearn\itechart\itechart-backend\node_modules\express-winston\index.js:317:17)
    at ServerResponse.send (E:\info\js_selflearn\itechart\itechart-backend\node_modules\express\lib\response.js:221:10)
    at E:\info\js_selflearn\itechart\itechart-backend\src\routes\product.ts:27:31
    at Generator.throw (<anonymous>)
    at rejected (E:\info\js_selflearn\itechart\itechart-backend\src\routes\product.ts:6:65)
2021-11-15 22:08:36 info: Server is running on http://localhost:3000
2021-11-15 22:08:39 error: invalid data input
2021-11-15 22:08:43 error: invalid data input
2021-11-15 22:08:48 error: RangeError: Invalid status code: undefined
    at new NodeError (node:internal/errors:371:5)
    at ServerResponse.writeHead (node:_http_server:275:11)
    at ServerResponse._implicitHeader (node:_http_server:266:8)
    at write_ (node:_http_outgoing:763:9)
    at ServerResponse.end (node:_http_outgoing:852:5)
    at ServerResponse.res.end (E:\info\js_selflearn\itechart\itechart-backend\node_modules\express-winston\index.js:317:17)
    at ServerResponse.send (E:\info\js_selflearn\itechart\itechart-backend\node_modules\express\lib\response.js:221:10)
    at E:\info\js_selflearn\itechart\itechart-backend\src\routes\product.ts:27:31
    at Generator.throw (<anonymous>)
    at rejected (E:\info\js_selflearn\itechart\itechart-backend\src\routes\product.ts:6:65)
2021-11-15 22:10:41 info: Server is running on http://localhost:3000
2021-11-15 22:11:10 info: Server is running on http://localhost:3000
2021-11-15 22:11:15 info: Server is running on http://localhost:3000
2021-11-15 22:11:43 error: No data found
2021-11-15 22:11:46 error: No data found
2021-11-15 22:13:45 info: Server is running on http://localhost:3000
2021-11-15 22:25:15 info: Server is running on http://localhost:3000
2021-11-15 22:26:11 error: Error: тип Unable to compile TypeScript:
[96msrc/utils/mongo-product-query.ts[0m:[93m21[0m:[93m5[0m - [91merror[0m[90m TS1170: [0mA computed property name in a type literal must refer to an expression whose type is a literal type or a 'unique symbol' type.

[7m21[0m     [key ]
[7m  [0m [91m    ~~~~~~[0m
[96msrc/utils/mongo-product-query.ts[0m:[93m21[0m:[93m6[0m - [91merror[0m[90m TS2304: [0mCannot find name 'key'.

[7m21[0m     [key ]
[7m  [0m [91m     ~~~[0m

    at Object.<anonymous> (E:\info\js_selflearn\itechart\itechart-backend\src\utils\mongo-product-query.ts:1:7)
    at Module._compile (node:internal/modules/cjs/loader:1101:14)
    at Module._compile (E:\info\js_selflearn\itechart\itechart-backend\node_modules\source-map-support\source-map-support.js:568:25)
    at Module.m._compile (C:\Users\VLAD\AppData\Local\Temp\ts-node-dev-hook-8125475444628034.js:69:33)
    at Module._extensions..js (node:internal/modules/cjs/loader:1153:10)
    at require.extensions..jsx.require.extensions..js (C:\Users\VLAD\AppData\Local\Temp\ts-node-dev-hook-8125475444628034.js:114:20)
    at require.extensions.<computed> (C:\Users\VLAD\AppData\Local\Temp\ts-node-dev-hook-8125475444628034.js:71:20)
    at Object.nodeDevHook [as .ts] (E:\info\js_selflearn\itechart\itechart-backend\node_modules\ts-node-dev\lib\hook.js:63:13)
    at Module.load (node:internal/modules/cjs/loader:981:32)
    at Function.Module._load (node:internal/modules/cjs/loader:822:12)
2021-11-15 22:27:35 error: Error: тип Unable to compile TypeScript:
[96msrc/utils/mongo-product-query.ts[0m:[93m22[0m:[93m6[0m - [91merror[0m[90m TS1337: [0mAn index signature parameter type cannot be a literal type or generic type. Consider using a mapped object type instead.

[7m22[0m     [key: keyof productMongo]: sortCriteria
[7m  [0m [91m     ~~~[0m

    at Object.<anonymous> (E:\info\js_selflearn\itechart\itechart-backend\src\utils\mongo-product-query.ts:1:7)
    at Module._compile (node:internal/modules/cjs/loader:1101:14)
    at Module._compile (E:\info\js_selflearn\itechart\itechart-backend\node_modules\source-map-support\source-map-support.js:568:25)
    at Module.m._compile (C:\Users\VLAD\AppData\Local\Temp\ts-node-dev-hook-8125475444628034.js:69:33)
    at Module._extensions..js (node:internal/modules/cjs/loader:1153:10)
    at require.extensions..jsx.require.extensions..js (C:\Users\VLAD\AppData\Local\Temp\ts-node-dev-hook-8125475444628034.js:114:20)
    at require.extensions.<computed> (C:\Users\VLAD\AppData\Local\Temp\ts-node-dev-hook-8125475444628034.js:71:20)
    at Object.nodeDevHook [as .ts] (E:\info\js_selflearn\itechart\itechart-backend\node_modules\ts-node-dev\lib\hook.js:63:13)
    at Module.load (node:internal/modules/cjs/loader:981:32)
    at Function.Module._load (node:internal/modules/cjs/loader:822:12)
2021-11-15 22:28:52 info: Server is running on http://localhost:3000
2021-11-15 22:31:20 info: Server is running on http://localhost:3000
2021-11-15 22:31:20 error: invalid data input
2021-11-15 22:39:49 info: Server is running on http://localhost:3000
2021-11-15 23:39:52 info: Server is running on http://localhost:3000
2021-11-15 23:40:01 error: invalid data input
2021-11-15 23:40:38 info: Server is running on http://localhost:3000
2021-11-15 23:40:38 error: invalid data input
2021-11-15 23:40:39 error: invalid data input
2021-11-15 23:40:50 info: Server is running on http://localhost:3000
2021-11-15 23:40:51 error: invalid data input
2021-11-15 23:40:53 error: invalid data input
2021-11-15 23:41:42 info: Server is running on http://localhost:3000
2021-11-15 23:41:44 error: invalid data input
2021-11-15 23:41:46 error: invalid data input
2021-11-15 23:41:52 error: invalid data input
2021-11-15 23:42:12 info: Server is running on http://localhost:3000
2021-11-15 23:42:35 error: invalid data input
2021-11-15 23:42:39 error: invalid data input
2021-11-16 20:01:41 info: Server is running on http://localhost:3000
2021-11-16 20:02:19 error: No data found
2021-11-16 20:02:24 error: No data found
2021-11-16 20:02:43 error: invalid data input
2021-11-16 20:02:46 error: No data found
2021-11-16 20:06:16 info: Server is running on http://localhost:3000
2021-11-16 20:06:24 error: invalid data input
2021-11-16 20:06:35 error: invalid data input
2021-11-16 20:07:59 error: invalid data input
2021-11-16 20:08:02 error: invalid data input
2021-11-16 20:08:10 error: No data found
2021-11-16 20:10:35 error: invalid data input
2021-11-16 20:10:43 error: No data found
2021-11-16 20:11:36 error: invalid data input
2021-11-16 20:13:24 info: Server is running on http://localhost:3000
2021-11-16 20:23:23 info: Server is running on http://localhost:3000
2021-11-17 09:31:27 info: Server is running on http://localhost:3000
2021-11-17 09:32:12 info: Server is running on http://localhost:3000
2021-11-17 09:32:42 info: Server is running on http://localhost:3000
2021-11-17 09:55:28 info: Server is running on http://localhost:3000
2021-11-17 09:56:14 info: Server is running on http://localhost:3000
2021-11-17 09:57:03 info: Server is running on http://localhost:3000
2021-11-17 09:58:43 info: Server is running on http://localhost:3000
2021-11-17 09:59:13 info: Server is running on http://localhost:3000
2021-11-17 10:00:07 error: Error: тип Unable to compile TypeScript:
[96msrc/middlewares/products-query.ts[0m:[93m12[0m:[93m7[0m - [91merror[0m[90m TS2339: [0mProperty 'valid' does not exist on type 'Request<ParamsDictionary, any, any, ParsedQs, Record<string, any>>'.

[7m12[0m   req.valid = mapQuery(req.query)
[7m  [0m [91m      ~~~~~[0m

    at Object.<anonymous> (E:\info\js_selflearn\itechart\itechart-backend\src\middlewares\products-query.ts:1:7)
    at Module._compile (node:internal/modules/cjs/loader:1101:14)
    at Module._compile (E:\info\js_selflearn\itechart\itechart-backend\node_modules\source-map-support\source-map-support.js:568:25)
    at Module.m._compile (C:\Users\VLAD\AppData\Local\Temp\ts-node-dev-hook-12241779538990061.js:69:33)
    at Module._extensions..js (node:internal/modules/cjs/loader:1153:10)
    at require.extensions..jsx.require.extensions..js (C:\Users\VLAD\AppData\Local\Temp\ts-node-dev-hook-12241779538990061.js:114:20)
    at require.extensions.<computed> (C:\Users\VLAD\AppData\Local\Temp\ts-node-dev-hook-12241779538990061.js:71:20)
    at Object.nodeDevHook [as .ts] (E:\info\js_selflearn\itechart\itechart-backend\node_modules\ts-node-dev\lib\hook.js:63:13)
    at Module.load (node:internal/modules/cjs/loader:981:32)
    at Function.Module._load (node:internal/modules/cjs/loader:822:12)
2021-11-17 10:03:58 info: Server is running on http://localhost:3000
2021-11-17 10:05:37 info: Server is running on http://localhost:3000
2021-11-17 10:06:16 info: Server is running on http://localhost:3000
2021-11-17 10:20:59 info: Server is running on http://localhost:3000
2021-11-17 10:26:02 info: Server is running on http://localhost:3000
2021-11-17 10:26:39 info: Server is running on http://localhost:3000
2021-11-17 10:27:09 info: Server is running on http://localhost:3000
2021-11-17 10:27:22 info: Server is running on http://localhost:3000
2021-11-17 10:28:10 info: Server is running on http://localhost:3000
2021-11-17 10:33:50 info: Server is running on http://localhost:3000
2021-11-17 10:34:26 info: Server is running on http://localhost:3000
2021-11-17 10:34:39 info: Server is running on http://localhost:3000
2021-11-17 10:34:53 error: No data found
2021-11-17 10:35:14 error: No data found
2021-11-17 10:37:21 info: Server is running on http://localhost:3000
2021-11-17 10:43:52 info: Server is running on http://localhost:3000
