2021-12-11 17:05:31 info: Server is running on http://localhost:3000
2021-12-11 17:09:05 info: Server is running on http://localhost:3000
2021-12-11 17:14:57 info: Server is running on http://localhost:3000
2021-12-11 17:16:43 info: Server is running on http://localhost:3000
2021-12-11 17:18:14 info: Server is running on http://localhost:3000
2021-12-11 17:20:55 info: Server is running on http://localhost:3000
2021-12-11 17:24:30 info: Server is running on http://localhost:3000
2021-12-11 17:25:45 info: Server is running on http://localhost:3000
2021-12-11 17:26:20 info: Server is running on http://localhost:3000
2021-12-11 17:27:28 info: Server is running on http://localhost:3000
2021-12-11 17:37:33 info: Server is running on http://localhost:3000
2021-12-11 17:58:30 info: Server is running on http://localhost:3000
2021-12-12 15:12:43 info: Server is running on http://localhost:3000
2021-12-12 15:18:26 info: Server is running on http://localhost:3000
2021-12-12 15:18:54 error: Error: тип Unable to compile TypeScript:
src/routes/last-ratings.ts(16,40): error TS2552: Cannot find name 'rating'. Did you mean 'ratings'?
src/routes/last-ratings.ts(16,37): error TS1109: Expression expected.

    at Object.<anonymous> (E:\info\js_selflearn\itechart\itechart-backend\src\routes\last-ratings.ts:1:7)
    at Module._compile (node:internal/modules/cjs/loader:1101:14)
    at Module._compile (E:\info\js_selflearn\itechart\itechart-backend\node_modules\source-map-support\source-map-support.js:568:25)
    at Module.m._compile (C:\Users\VLAD\AppData\Local\Temp\ts-node-dev-hook-39605770071869695.js:69:33)
    at Module._extensions..js (node:internal/modules/cjs/loader:1153:10)
    at require.extensions..jsx.require.extensions..js (C:\Users\VLAD\AppData\Local\Temp\ts-node-dev-hook-39605770071869695.js:114:20)
    at require.extensions.<computed> (C:\Users\VLAD\AppData\Local\Temp\ts-node-dev-hook-39605770071869695.js:71:20)
    at Object.nodeDevHook [as .ts] (E:\info\js_selflearn\itechart\itechart-backend\node_modules\ts-node-dev\lib\hook.js:63:13)
    at Module.load (node:internal/modules/cjs/loader:981:32)
    at Function.Module._load (node:internal/modules/cjs/loader:822:12)
2021-12-12 15:19:05 info: Server is running on http://localhost:3000
2021-12-12 15:19:59 info: Server is running on http://localhost:3000
2021-12-12 15:20:02 info: Server is running on http://localhost:3000
2021-12-12 15:22:20 info: Server is running on http://localhost:3000
2021-12-12 15:22:28 info: Server is running on http://localhost:3000
2021-12-12 15:22:39 info: Server is running on http://localhost:3000
2021-12-12 15:22:51 info: Server is running on http://localhost:3000
2021-12-12 15:23:43 info: Server is running on http://localhost:3000
2021-12-12 15:24:33 info: Server is running on http://localhost:3000
2021-12-12 15:24:51 info: Server is running on http://localhost:3000
2021-12-12 15:25:17 info: Server is running on http://localhost:3000
2021-12-12 15:25:28 info: Server is running on http://localhost:3000
2021-12-12 15:25:43 info: Server is running on http://localhost:3000
2021-12-12 15:26:30 info: Server is running on http://localhost:3000
2021-12-12 15:27:14 info: Server is running on http://localhost:3000
2021-12-12 15:27:37 info: Server is running on http://localhost:3000
2021-12-12 15:28:02 info: Server is running on http://localhost:3000
2021-12-12 19:00:06 error: Error: listen EADDRINUSE: address already in use :::5000
    at Server.setupListenHandle [as _listen2] (node:net:1315:16)
    at listenInCluster (node:net:1363:12)
    at Server.listen (node:net:1450:7)
    at new WebSocketServer (E:\info\js_selflearn\itechart\itechart-backend\node_modules\ws\lib\websocket-server.js:94:20)
    at Object.<anonymous> (E:\info\js_selflearn\itechart\itechart-backend\src\web-socket.ts:3:25)
    at Module._compile (node:internal/modules/cjs/loader:1101:14)
    at Module._compile (E:\info\js_selflearn\itechart\itechart-backend\node_modules\source-map-support\source-map-support.js:568:25)
    at Module.m._compile (C:\Users\VLAD\AppData\Local\Temp\ts-node-dev-hook-34905646486095976.js:69:33)
    at Module._extensions..js (node:internal/modules/cjs/loader:1153:10)
    at require.extensions..jsx.require.extensions..js (C:\Users\VLAD\AppData\Local\Temp\ts-node-dev-hook-34905646486095976.js:114:20)
2021-12-12 19:01:13 error: Error: listen EADDRINUSE: address already in use :::5000
    at Server.setupListenHandle [as _listen2] (node:net:1315:16)
    at listenInCluster (node:net:1363:12)
    at Server.listen (node:net:1450:7)
    at new WebSocketServer (E:\info\js_selflearn\itechart\itechart-backend\node_modules\ws\lib\websocket-server.js:94:20)
    at Object.<anonymous> (E:\info\js_selflearn\itechart\itechart-backend\src\web-socket.ts:3:25)
    at Module._compile (node:internal/modules/cjs/loader:1101:14)
    at Module._compile (E:\info\js_selflearn\itechart\itechart-backend\node_modules\source-map-support\source-map-support.js:568:25)
    at Module.m._compile (C:\Users\VLAD\AppData\Local\Temp\ts-node-dev-hook-668718862824353.js:69:33)
    at Module._extensions..js (node:internal/modules/cjs/loader:1153:10)
    at require.extensions..jsx.require.extensions..js (C:\Users\VLAD\AppData\Local\Temp\ts-node-dev-hook-668718862824353.js:114:20)
2021-12-12 19:05:47 error: Error: listen EADDRINUSE: address already in use :::5000
    at Server.setupListenHandle [as _listen2] (node:net:1315:16)
    at listenInCluster (node:net:1363:12)
    at Server.listen (node:net:1450:7)
    at new WebSocketServer (E:\info\js_selflearn\itechart\itechart-backend\node_modules\ws\lib\websocket-server.js:94:20)
    at Object.<anonymous> (E:\info\js_selflearn\itechart\itechart-backend\src\web-socket.ts:3:25)
    at Module._compile (node:internal/modules/cjs/loader:1101:14)
    at Module._compile (E:\info\js_selflearn\itechart\itechart-backend\node_modules\source-map-support\source-map-support.js:568:25)
    at Module.m._compile (C:\Users\VLAD\AppData\Local\Temp\ts-node-dev-hook-8165768270167084.js:69:33)
    at Module._extensions..js (node:internal/modules/cjs/loader:1153:10)
    at require.extensions..jsx.require.extensions..js (C:\Users\VLAD\AppData\Local\Temp\ts-node-dev-hook-8165768270167084.js:114:20)
2021-12-12 19:07:37 error: Error: listen EADDRINUSE: address already in use :::5000
    at Server.setupListenHandle [as _listen2] (node:net:1315:16)
    at listenInCluster (node:net:1363:12)
    at Server.listen (node:net:1450:7)
    at new WebSocketServer (E:\info\js_selflearn\itechart\itechart-backend\node_modules\ws\lib\websocket-server.js:94:20)
    at Object.<anonymous> (E:\info\js_selflearn\itechart\itechart-backend\src\web-socket.ts:3:25)
    at Module._compile (node:internal/modules/cjs/loader:1101:14)
    at Module._compile (E:\info\js_selflearn\itechart\itechart-backend\node_modules\source-map-support\source-map-support.js:568:25)
    at Module.m._compile (C:\Users\VLAD\AppData\Local\Temp\ts-node-dev-hook-25244122631202726.js:69:33)
    at Module._extensions..js (node:internal/modules/cjs/loader:1153:10)
    at require.extensions..jsx.require.extensions..js (C:\Users\VLAD\AppData\Local\Temp\ts-node-dev-hook-25244122631202726.js:114:20)
2021-12-12 19:08:27 info: Server is running on http://localhost:3000
2021-12-12 19:09:12 info: Server is running on http://localhost:3000
2021-12-13 00:05:25 info: Server is running on http://localhost:3000
2021-12-13 00:12:36 info: Server is running on http://localhost:3000
2021-12-13 00:19:16 info: Server is running on http://localhost:3000
2021-12-13 00:34:45 info: Server is running on http://localhost:3000
2021-12-13 00:39:36 info: Server is running on http://localhost:3000
2021-12-13 00:39:47 info: Server is running on http://localhost:3000
2021-12-13 00:42:06 info: Server is running on http://localhost:3000
2021-12-13 00:52:25 info: Server is running on http://localhost:3000
2021-12-13 00:55:37 info: Server is running on http://localhost:3000
2021-12-13 00:56:19 info: Server is running on http://localhost:3000
2021-12-13 01:31:44 info: Server is running on http://localhost:3000
2021-12-13 01:32:27 info: Server is running on http://localhost:3000
2021-12-13 01:33:45 info: Server is running on http://localhost:3000
2021-12-13 01:34:44 info: Server is running on http://localhost:3000
2021-12-13 01:36:36 info: Server is running on http://localhost:3000
2021-12-13 01:37:58 info: Server is running on http://localhost:3000
2021-12-13 01:44:19 info: Server is running on http://localhost:3000
2021-12-13 01:46:11 info: Server is running on http://localhost:3000
2021-12-13 01:50:15 info: Server is running on http://localhost:3000
2021-12-13 01:53:00 error: Error: тип Unable to compile TypeScript:
[96msrc/routes/last-ratings.ts[0m:[93m17[0m:[93m9[0m - [91merror[0m[90m TS2322: [0mType 'void' is not assignable to type '[]'.

[7m17[0m         mappedRatings = mapRatingsPg(lastRatings)
[7m  [0m [91m        ~~~~~~~~~~~~~[0m
[96msrc/routes/last-ratings.ts[0m:[93m42[0m:[93m25[0m - [91merror[0m[90m TS1109: [0mExpression expected.

[7m42[0m   ratings.sort((a,b) => )
[7m  [0m [91m                        ~[0m

    at Object.<anonymous> (E:\info\js_selflearn\itechart\itechart-backend\src\routes\last-ratings.ts:1:7)
    at Module._compile (node:internal/modules/cjs/loader:1101:14)
    at Module._compile (E:\info\js_selflearn\itechart\itechart-backend\node_modules\source-map-support\source-map-support.js:568:25)
    at Module.m._compile (C:\Users\VLAD\AppData\Local\Temp\ts-node-dev-hook-6890582227395181.js:69:33)
    at Module._extensions..js (node:internal/modules/cjs/loader:1153:10)
    at require.extensions..jsx.require.extensions..js (C:\Users\VLAD\AppData\Local\Temp\ts-node-dev-hook-6890582227395181.js:114:20)
    at require.extensions.<computed> (C:\Users\VLAD\AppData\Local\Temp\ts-node-dev-hook-6890582227395181.js:71:20)
    at Object.nodeDevHook [as .ts] (E:\info\js_selflearn\itechart\itechart-backend\node_modules\ts-node-dev\lib\hook.js:63:13)
    at Module.load (node:internal/modules/cjs/loader:981:32)
    at Function.Module._load (node:internal/modules/cjs/loader:822:12)
2021-12-13 01:53:09 info: Server is running on http://localhost:3000
2021-12-13 01:53:17 info: Server is running on http://localhost:3000
2021-12-13 01:53:46 info: Server is running on http://localhost:3000
2021-12-13 01:56:49 info: Server is running on http://localhost:3000
2021-12-13 02:03:32 info: Server is running on http://localhost:3000
2021-12-13 09:51:29 info: Server is running on http://localhost:3000
2021-12-13 10:17:29 info: Server is running on http://localhost:3000
2021-12-13 10:30:19 info: Server is running on http://localhost:3000
2021-12-13 10:42:41 info: Server is running on http://localhost:3000
2021-12-13 10:42:58 info: Server is running on http://localhost:3000
2021-12-13 10:43:49 info: Server is running on http://localhost:3000
2021-12-13 10:44:11 info: Server is running on http://localhost:3000
2021-12-13 10:44:15 info: Server is running on http://localhost:3000
2021-12-13 10:44:35 info: Server is running on http://localhost:3000
2021-12-13 10:44:58 info: Server is running on http://localhost:3000
2021-12-13 10:45:18 info: Server is running on http://localhost:3000
2021-12-13 10:45:57 info: Server is running on http://localhost:3000
2021-12-13 10:46:37 info: Server is running on http://localhost:3000
2021-12-13 10:47:14 info: Server is running on http://localhost:3000
2021-12-13 10:47:29 info: Server is running on http://localhost:3000
2021-12-13 10:47:41 info: Server is running on http://localhost:3000
2021-12-13 10:48:02 info: Server is running on http://localhost:3000
2021-12-13 11:23:16 error: Error: тип Unable to compile TypeScript:
[96msrc/repository/last-ratings/LastRatingsRepository.ts[0m:[93m20[0m:[93m30[0m - [91merror[0m[90m TS2339: [0mProperty 'get' does not exist on type 'LastRatingsMongoRepository | LastRatingsTypeOrmRepository'.
  Property 'get' does not exist on type 'LastRatingsMongoRepository'.

[7m20[0m     return await this.entity.get()
[7m  [0m [91m                             ~~~[0m

    at Object.<anonymous> (E:\info\js_selflearn\itechart\itechart-backend\src\repository\last-ratings\LastRatingsRepository.ts:1:7)
    at Module._compile (node:internal/modules/cjs/loader:1101:14)
    at Module._compile (E:\info\js_selflearn\itechart\itechart-backend\node_modules\source-map-support\source-map-support.js:568:25)
    at Module.m._compile (C:\Users\VLAD\AppData\Local\Temp\ts-node-dev-hook-02212487219740611.js:69:33)
    at Module._extensions..js (node:internal/modules/cjs/loader:1153:10)
    at require.extensions..jsx.require.extensions..js (C:\Users\VLAD\AppData\Local\Temp\ts-node-dev-hook-02212487219740611.js:114:20)
    at require.extensions.<computed> (C:\Users\VLAD\AppData\Local\Temp\ts-node-dev-hook-02212487219740611.js:71:20)
    at Object.nodeDevHook [as .ts] (E:\info\js_selflearn\itechart\itechart-backend\node_modules\ts-node-dev\lib\hook.js:63:13)
    at Module.load (node:internal/modules/cjs/loader:981:32)
    at Function.Module._load (node:internal/modules/cjs/loader:822:12)
2021-12-13 11:28:43 info: Server is running on http://localhost:3000
2021-12-13 11:35:26 info: Server is running on http://localhost:3000
2021-12-13 11:55:43 info: Server is running on http://localhost:3000
2021-12-13 12:00:44 info: Server is running on http://localhost:3000
2021-12-13 12:03:36 info: Server is running on http://localhost:3000
2021-12-13 12:06:25 info: Server is running on http://localhost:3000
2021-12-13 12:06:59 info: Server is running on http://localhost:3000
2021-12-13 12:10:33 error: Error: тип Unable to compile TypeScript:
[96msrc/repository/last-ratings/LastRatingsRepository.ts[0m:[93m28[0m:[93m23[0m - [91merror[0m[90m TS2339: [0mProperty 'update' does not exist on type 'LastRatingsMongoRepository | LastRatingsTypeOrmRepository'.
  Property 'update' does not exist on type 'LastRatingsMongoRepository'.

[7m28[0m     await this.entity.update()
[7m  [0m [91m                      ~~~~~~[0m

    at Object.<anonymous> (E:\info\js_selflearn\itechart\itechart-backend\src\repository\last-ratings\LastRatingsRepository.ts:1:7)
    at Module._compile (node:internal/modules/cjs/loader:1101:14)
    at Module._compile (E:\info\js_selflearn\itechart\itechart-backend\node_modules\source-map-support\source-map-support.js:568:25)
    at Module.m._compile (C:\Users\VLAD\AppData\Local\Temp\ts-node-dev-hook-7209046020396663.js:69:33)
    at Module._extensions..js (node:internal/modules/cjs/loader:1153:10)
    at require.extensions..jsx.require.extensions..js (C:\Users\VLAD\AppData\Local\Temp\ts-node-dev-hook-7209046020396663.js:114:20)
    at require.extensions.<computed> (C:\Users\VLAD\AppData\Local\Temp\ts-node-dev-hook-7209046020396663.js:71:20)
    at Object.nodeDevHook [as .ts] (E:\info\js_selflearn\itechart\itechart-backend\node_modules\ts-node-dev\lib\hook.js:63:13)
    at Module.load (node:internal/modules/cjs/loader:981:32)
    at Function.Module._load (node:internal/modules/cjs/loader:822:12)
2021-12-13 12:12:33 info: Server is running on http://localhost:3000
2021-12-13 12:13:34 info: Server is running on http://localhost:3000
2021-12-13 12:14:19 info: Server is running on http://localhost:3000
2021-12-13 12:24:14 info: Server is running on http://localhost:3000
2021-12-13 12:25:18 info: Server is running on http://localhost:3000
2021-12-13 12:25:39 info: Server is running on http://localhost:3000
2021-12-13 12:27:16 info: Server is running on http://localhost:3000
2021-12-13 12:29:57 error: Error: тип Unable to compile TypeScript:
[96msrc/repository/last-ratings/LastRatingsMongoRepository.ts[0m:[93m25[0m:[93m7[0m - [91merror[0m[90m TS2322: [0mType 'any[]' is not assignable to type 'QueryWithHelpers<(Document<any, BeAnObject, any> & LastRatings & IObjectWithTypegooseFunction & { _id: any; })[], Document<any, BeAnObject, any> & LastRatings & IObjectWithTypegooseFunction & { ...; }, BeAnObject, DocumentType<...>>'.
  Type 'any[]' is missing the following properties from type 'Query<(Document<any, BeAnObject, any> & LastRatings & IObjectWithTypegooseFunction & { _id: any; })[], Document<any, BeAnObject, any> & LastRatings & IObjectWithTypegooseFunction & { ...; }, BeAnObject, DocumentType<...>>': _mongooseOptions, exec, $where, all, and 88 more.

[7m25[0m       allRatings = [...allRatings.sort((a,b) => +b.createdAt - +a.createdAt).splice(10)]
[7m  [0m [91m      ~~~~~~~~~~[0m

    at Object.<anonymous> (E:\info\js_selflearn\itechart\itechart-backend\src\repository\last-ratings\LastRatingsMongoRepository.ts:1:7)
    at Module._compile (node:internal/modules/cjs/loader:1101:14)
    at Module._compile (E:\info\js_selflearn\itechart\itechart-backend\node_modules\source-map-support\source-map-support.js:568:25)
    at Module.m._compile (C:\Users\VLAD\AppData\Local\Temp\ts-node-dev-hook-2973902355363405.js:69:33)
    at Module._extensions..js (node:internal/modules/cjs/loader:1153:10)
    at require.extensions..jsx.require.extensions..js (C:\Users\VLAD\AppData\Local\Temp\ts-node-dev-hook-2973902355363405.js:114:20)
    at require.extensions.<computed> (C:\Users\VLAD\AppData\Local\Temp\ts-node-dev-hook-2973902355363405.js:71:20)
    at Object.nodeDevHook [as .ts] (E:\info\js_selflearn\itechart\itechart-backend\node_modules\ts-node-dev\lib\hook.js:63:13)
    at Module.load (node:internal/modules/cjs/loader:981:32)
    at Function.Module._load (node:internal/modules/cjs/loader:822:12)
2021-12-13 12:30:30 info: Server is running on http://localhost:3000
2021-12-13 12:30:49 info: Server is running on http://localhost:3000
2021-12-13 12:31:40 error: Error: тип Unable to compile TypeScript:
[96msrc/repository/last-ratings/LastRatingsMongoRepository.ts[0m:[93m25[0m:[93m64[0m - [91merror[0m[90m TS2339: [0mProperty 'createdAt' does not exist on type 'string'.

[7m25[0m       allRatings = allRatings.sort((a: string,b: string) => +b.createdAt - +a.createdAt).splice(10)
[7m  [0m [91m                                                               ~~~~~~~~~[0m
[96msrc/repository/last-ratings/LastRatingsMongoRepository.ts[0m:[93m25[0m:[93m79[0m - [91merror[0m[90m TS2339: [0mProperty 'createdAt' does not exist on type 'string'.

[7m25[0m       allRatings = allRatings.sort((a: string,b: string) => +b.createdAt - +a.createdAt).splice(10)
[7m  [0m [91m                                                                              ~~~~~~~~~[0m

    at Object.<anonymous> (E:\info\js_selflearn\itechart\itechart-backend\src\repository\last-ratings\LastRatingsMongoRepository.ts:1:7)
    at Module._compile (node:internal/modules/cjs/loader:1101:14)
    at Module._compile (E:\info\js_selflearn\itechart\itechart-backend\node_modules\source-map-support\source-map-support.js:568:25)
    at Module.m._compile (C:\Users\VLAD\AppData\Local\Temp\ts-node-dev-hook-2973902355363405.js:69:33)
    at Module._extensions..js (node:internal/modules/cjs/loader:1153:10)
    at require.extensions..jsx.require.extensions..js (C:\Users\VLAD\AppData\Local\Temp\ts-node-dev-hook-2973902355363405.js:114:20)
    at require.extensions.<computed> (C:\Users\VLAD\AppData\Local\Temp\ts-node-dev-hook-2973902355363405.js:71:20)
    at Object.nodeDevHook [as .ts] (E:\info\js_selflearn\itechart\itechart-backend\node_modules\ts-node-dev\lib\hook.js:63:13)
    at Module.load (node:internal/modules/cjs/loader:981:32)
    at Function.Module._load (node:internal/modules/cjs/loader:822:12)
2021-12-13 12:31:58 info: Server is running on http://localhost:3000
2021-12-13 12:32:05 info: Server is running on http://localhost:3000
2021-12-13 12:32:38 info: Server is running on http://localhost:3000
2021-12-13 12:32:48 info: Server is running on http://localhost:3000
2021-12-13 12:33:04 error: Error: тип Unable to compile TypeScript:
[96msrc/repository/last-ratings/LastRatingsMongoRepository.ts[0m:[93m25[0m:[93m48[0m - [91merror[0m[90m TS2339: [0mProperty 'createdAt' does not exist on type 'Document<any, BeAnObject, any> & LastRatings & IObjectWithTypegooseFunction & { _id: any; }'.

[7m25[0m       allRatings = allRatings.sort((a,b) => +b.createdAt - +a.createdAt)
[7m  [0m [91m                                               ~~~~~~~~~[0m
[96msrc/repository/last-ratings/LastRatingsMongoRepository.ts[0m:[93m25[0m:[93m63[0m - [91merror[0m[90m TS2339: [0mProperty 'createdAt' does not exist on type 'Document<any, BeAnObject, any> & LastRatings & IObjectWithTypegooseFunction & { _id: any; }'.

[7m25[0m       allRatings = allRatings.sort((a,b) => +b.createdAt - +a.createdAt)
[7m  [0m [91m                                                              ~~~~~~~~~[0m
[96msrc/repository/last-ratings/LastRatingsMongoRepository.ts[0m:[93m28[0m:[93m24[0m - [91merror[0m[90m TS2339: [0mProperty 'save' does not exist on type '(Document<any, BeAnObject, any> & LastRatings & IObjectWithTypegooseFunction & { _id: any; })[]'.

[7m28[0m       await allRatings.save()
[7m  [0m [91m                       ~~~~[0m

    at Object.<anonymous> (E:\info\js_selflearn\itechart\itechart-backend\src\repository\last-ratings\LastRatingsMongoRepository.ts:1:7)
    at Module._compile (node:internal/modules/cjs/loader:1101:14)
    at Module._compile (E:\info\js_selflearn\itechart\itechart-backend\node_modules\source-map-support\source-map-support.js:568:25)
    at Module.m._compile (C:\Users\VLAD\AppData\Local\Temp\ts-node-dev-hook-2973902355363405.js:69:33)
    at Module._extensions..js (node:internal/modules/cjs/loader:1153:10)
    at require.extensions..jsx.require.extensions..js (C:\Users\VLAD\AppData\Local\Temp\ts-node-dev-hook-2973902355363405.js:114:20)
    at require.extensions.<computed> (C:\Users\VLAD\AppData\Local\Temp\ts-node-dev-hook-2973902355363405.js:71:20)
    at Object.nodeDevHook [as .ts] (E:\info\js_selflearn\itechart\itechart-backend\node_modules\ts-node-dev\lib\hook.js:63:13)
    at Module.load (node:internal/modules/cjs/loader:981:32)
    at Function.Module._load (node:internal/modules/cjs/loader:822:12)
2021-12-13 12:33:53 error: Error: тип Unable to compile TypeScript:
[96msrc/repository/last-ratings/LastRatingsMongoRepository.ts[0m:[93m25[0m:[93m48[0m - [91merror[0m[90m TS2339: [0mProperty 'createdAt' does not exist on type 'Document<any, BeAnObject, any> & LastRatings & IObjectWithTypegooseFunction & { _id: any; }'.

[7m25[0m       allRatings = allRatings.sort((a,b) => +b.createdAt - +a.createdAt)
[7m  [0m [91m                                               ~~~~~~~~~[0m
[96msrc/repository/last-ratings/LastRatingsMongoRepository.ts[0m:[93m25[0m:[93m63[0m - [91merror[0m[90m TS2339: [0mProperty 'createdAt' does not exist on type 'Document<any, BeAnObject, any> & LastRatings & IObjectWithTypegooseFunction & { _id: any; }'.

[7m25[0m       allRatings = allRatings.sort((a,b) => +b.createdAt - +a.createdAt)
[7m  [0m [91m                                                              ~~~~~~~~~[0m

    at Object.<anonymous> (E:\info\js_selflearn\itechart\itechart-backend\src\repository\last-ratings\LastRatingsMongoRepository.ts:1:7)
    at Module._compile (node:internal/modules/cjs/loader:1101:14)
    at Module._compile (E:\info\js_selflearn\itechart\itechart-backend\node_modules\source-map-support\source-map-support.js:568:25)
    at Module.m._compile (C:\Users\VLAD\AppData\Local\Temp\ts-node-dev-hook-2973902355363405.js:69:33)
    at Module._extensions..js (node:internal/modules/cjs/loader:1153:10)
    at require.extensions..jsx.require.extensions..js (C:\Users\VLAD\AppData\Local\Temp\ts-node-dev-hook-2973902355363405.js:114:20)
    at require.extensions.<computed> (C:\Users\VLAD\AppData\Local\Temp\ts-node-dev-hook-2973902355363405.js:71:20)
    at Object.nodeDevHook [as .ts] (E:\info\js_selflearn\itechart\itechart-backend\node_modules\ts-node-dev\lib\hook.js:63:13)
    at Module.load (node:internal/modules/cjs/loader:981:32)
    at Function.Module._load (node:internal/modules/cjs/loader:822:12)
2021-12-13 12:34:12 info: Server is running on http://localhost:3000
2021-12-13 12:34:40 info: Server is running on http://localhost:3000
2021-12-13 12:35:00 info: Server is running on http://localhost:3000
2021-12-13 12:35:21 info: Server is running on http://localhost:3000
2021-12-13 12:35:32 info: Server is running on http://localhost:3000
2021-12-13 12:35:49 info: Server is running on http://localhost:3000
2021-12-13 12:36:01 info: Server is running on http://localhost:3000
2021-12-13 12:36:16 info: Server is running on http://localhost:3000
2021-12-13 12:36:30 info: Server is running on http://localhost:3000
2021-12-13 12:36:52 error: Error: тип Unable to compile TypeScript:
[96msrc/repository/last-ratings/LastRatingsMongoRepository.ts[0m:[93m26[0m:[93m24[0m - [91merror[0m[90m TS2339: [0mProperty 'save' does not exist on type '(Document<any, BeAnObject, any> & LastRatings & IObjectWithTypegooseFunction & { _id: any; })[]'.

[7m26[0m       await allRatings.save()
[7m  [0m [91m                       ~~~~[0m

    at Object.<anonymous> (E:\info\js_selflearn\itechart\itechart-backend\src\repository\last-ratings\LastRatingsMongoRepository.ts:1:7)
    at Module._compile (node:internal/modules/cjs/loader:1101:14)
    at Module._compile (E:\info\js_selflearn\itechart\itechart-backend\node_modules\source-map-support\source-map-support.js:568:25)
    at Module.m._compile (C:\Users\VLAD\AppData\Local\Temp\ts-node-dev-hook-9571317023032617.js:69:33)
    at Module._extensions..js (node:internal/modules/cjs/loader:1153:10)
    at require.extensions..jsx.require.extensions..js (C:\Users\VLAD\AppData\Local\Temp\ts-node-dev-hook-9571317023032617.js:114:20)
    at require.extensions.<computed> (C:\Users\VLAD\AppData\Local\Temp\ts-node-dev-hook-9571317023032617.js:71:20)
    at Object.nodeDevHook [as .ts] (E:\info\js_selflearn\itechart\itechart-backend\node_modules\ts-node-dev\lib\hook.js:63:13)
    at Module.load (node:internal/modules/cjs/loader:981:32)
    at Function.Module._load (node:internal/modules/cjs/loader:822:12)
2021-12-13 12:37:20 info: Server is running on http://localhost:3000
2021-12-13 12:38:04 info: Server is running on http://localhost:3000
2021-12-13 12:39:19 info: Server is running on http://localhost:3000
2021-12-13 12:41:28 error: Error: тип Unable to compile TypeScript:
[96msrc/repository/last-ratings/LastRatingsMongoRepository.ts[0m:[93m25[0m:[93m24[0m - [91merror[0m[90m TS2339: [0mProperty 'save' does not exist on type '(Document<any, BeAnObject, any> & LastRatings & IObjectWithTypegooseFunction & { _id: any; })[]'.

[7m25[0m       await allRatings.save()
[7m  [0m [91m                       ~~~~[0m
[96msrc/repository/last-ratings/LastRatingsMongoRepository.ts[0m:[93m28[0m:[93m24[0m - [91merror[0m[90m TS2339: [0mProperty 'save' does not exist on type '(Document<any, BeAnObject, any> & LastRatings & IObjectWithTypegooseFunction & { _id: any; })[]'.

[7m28[0m       await allRatings.save()
[7m  [0m [91m                       ~~~~[0m

    at Object.<anonymous> (E:\info\js_selflearn\itechart\itechart-backend\src\repository\last-ratings\LastRatingsMongoRepository.ts:1:7)
    at Module._compile (node:internal/modules/cjs/loader:1101:14)
    at Module._compile (E:\info\js_selflearn\itechart\itechart-backend\node_modules\source-map-support\source-map-support.js:568:25)
    at Module.m._compile (C:\Users\VLAD\AppData\Local\Temp\ts-node-dev-hook-9571317023032617.js:69:33)
    at Module._extensions..js (node:internal/modules/cjs/loader:1153:10)
    at require.extensions..jsx.require.extensions..js (C:\Users\VLAD\AppData\Local\Temp\ts-node-dev-hook-9571317023032617.js:114:20)
    at require.extensions.<computed> (C:\Users\VLAD\AppData\Local\Temp\ts-node-dev-hook-9571317023032617.js:71:20)
    at Object.nodeDevHook [as .ts] (E:\info\js_selflearn\itechart\itechart-backend\node_modules\ts-node-dev\lib\hook.js:63:13)
    at Module.load (node:internal/modules/cjs/loader:981:32)
    at Function.Module._load (node:internal/modules/cjs/loader:822:12)
2021-12-13 12:41:42 info: Server is running on http://localhost:3000
2021-12-13 12:42:21 info: Server is running on http://localhost:3000
2021-12-13 23:13:07 info: Server is running on http://localhost:3000
2021-12-13 23:28:20 info: Server is running on http://localhost:3000
2021-12-13 23:29:30 info: Server is running on http://localhost:3000
2021-12-13 23:30:48 info: Server is running on http://localhost:3000
2021-12-13 23:30:53 info: Server is running on http://localhost:3000
2021-12-13 23:33:24 info: Server is running on http://localhost:3000
2021-12-13 23:36:48 info: Server is running on http://localhost:3000
2021-12-13 23:37:21 info: Server is running on http://localhost:3000
2021-12-13 23:37:45 info: Server is running on http://localhost:3000
2021-12-13 23:38:14 info: Server is running on http://localhost:3000
2021-12-13 23:38:50 error: Error: тип Unable to compile TypeScript:
[96msrc/repository/last-ratings/LastRatingsMongoRepository.ts[0m:[93m28[0m:[93m42[0m - [91merror[0m[90m TS2345: [0mArgument of type 'Document<any, BeAnObject, any> & LastRatings & IObjectWithTypegooseFunction & { _id: any; }' is not assignable to parameter of type 'FilterQuery<DocumentType<LastRatings, BeAnObject>>'.
  Type 'Document<any, BeAnObject, any> & LastRatings & IObjectWithTypegooseFunction & { _id: any; }' is not assignable to type 'RootQuerySelector<DocumentType<LastRatings, BeAnObject>>'.
    Types of property '$where' are incompatible.
      Type 'Record<string, unknown>' is not assignable to type 'string | Function'.
        Type 'Record<string, unknown>' is not assignable to type 'string'.

[7m28[0m       await MongoLastRatings.updateMany( ...allRatings )
[7m  [0m [91m                                         ~~~~~~~~~~~~~[0m

    at Object.<anonymous> (E:\info\js_selflearn\itechart\itechart-backend\src\repository\last-ratings\LastRatingsMongoRepository.ts:1:7)
    at Module._compile (node:internal/modules/cjs/loader:1101:14)
    at Module._compile (E:\info\js_selflearn\itechart\itechart-backend\node_modules\source-map-support\source-map-support.js:568:25)
    at Module.m._compile (C:\Users\VLAD\AppData\Local\Temp\ts-node-dev-hook-8785855985000639.js:69:33)
    at Module._extensions..js (node:internal/modules/cjs/loader:1153:10)
    at require.extensions..jsx.require.extensions..js (C:\Users\VLAD\AppData\Local\Temp\ts-node-dev-hook-8785855985000639.js:114:20)
    at require.extensions.<computed> (C:\Users\VLAD\AppData\Local\Temp\ts-node-dev-hook-8785855985000639.js:71:20)
    at Object.nodeDevHook [as .ts] (E:\info\js_selflearn\itechart\itechart-backend\node_modules\ts-node-dev\lib\hook.js:63:13)
    at Module.load (node:internal/modules/cjs/loader:981:32)
    at Function.Module._load (node:internal/modules/cjs/loader:822:12)
2021-12-13 23:38:57 info: Server is running on http://localhost:3000
2021-12-13 23:40:10 info: Server is running on http://localhost:3000
2021-12-13 23:40:13 info: Server is running on http://localhost:3000
2021-12-13 23:41:37 error: Error: тип Unable to compile TypeScript:
[96msrc/repository/last-ratings/LastRatingsMongoRepository.ts[0m:[93m28[0m:[93m18[0m - [91merror[0m[90m TS2551: [0mProperty 'spilce' does not exist on type '(Document<any, BeAnObject, any> & LastRatings & IObjectWithTypegooseFunction & { _id: any; })[]'. Did you mean 'splice'?

[7m28[0m       allRatings.spilce(9, allRatings.length)
[7m  [0m [91m                 ~~~~~~[0m

  [96mnode_modules/typescript/lib/lib.es5.d.ts[0m:[93m1297[0m:[93m5[0m
    [7m1297[0m     splice(start: number, deleteCount?: number): T[];
    [7m    [0m [96m    ~~~~~~~~~~~~~~~~~~~~~~~~~~~~~~~~~~~~~~~~~~~~~~~~~[0m
    'splice' is declared here.

    at Object.<anonymous> (E:\info\js_selflearn\itechart\itechart-backend\src\repository\last-ratings\LastRatingsMongoRepository.ts:1:7)
    at Module._compile (node:internal/modules/cjs/loader:1101:14)
    at Module._compile (E:\info\js_selflearn\itechart\itechart-backend\node_modules\source-map-support\source-map-support.js:568:25)
    at Module.m._compile (C:\Users\VLAD\AppData\Local\Temp\ts-node-dev-hook-8785855985000639.js:69:33)
    at Module._extensions..js (node:internal/modules/cjs/loader:1153:10)
    at require.extensions..jsx.require.extensions..js (C:\Users\VLAD\AppData\Local\Temp\ts-node-dev-hook-8785855985000639.js:114:20)
    at require.extensions.<computed> (C:\Users\VLAD\AppData\Local\Temp\ts-node-dev-hook-8785855985000639.js:71:20)
    at Object.nodeDevHook [as .ts] (E:\info\js_selflearn\itechart\itechart-backend\node_modules\ts-node-dev\lib\hook.js:63:13)
    at Module.load (node:internal/modules/cjs/loader:981:32)
    at Function.Module._load (node:internal/modules/cjs/loader:822:12)
2021-12-13 23:41:54 info: Server is running on http://localhost:3000
2021-12-13 23:42:09 info: Server is running on http://localhost:3000
2021-12-13 23:43:51 info: Server is running on http://localhost:3000
2021-12-13 23:44:28 info: Server is running on http://localhost:3000
2021-12-13 23:46:18 info: Server is running on http://localhost:3000
2021-12-13 23:46:46 info: Server is running on http://localhost:3000
2021-12-13 23:47:28 info: Server is running on http://localhost:3000
2021-12-13 23:51:45 info: Server is running on http://localhost:3000
2021-12-13 23:51:50 info: Server is running on http://localhost:3000
2021-12-13 23:52:35 info: Server is running on http://localhost:3000
2021-12-13 23:52:53 info: Server is running on http://localhost:3000
2021-12-13 23:53:37 info: Server is running on http://localhost:3000
2021-12-13 23:55:32 info: Server is running on http://localhost:3000
2021-12-14 10:04:51 info: Server is running on http://localhost:3000
2021-12-14 10:12:24 info: Server is running on http://localhost:3000
2021-12-14 10:24:22 error: RepositoryNotFoundError: No repository for "LastRatings" was found. Looks like this entity is not registered in current "default" connection?
    at RepositoryNotFoundError.TypeORMError [as constructor] (E:\info\js_selflearn\itechart\itechart-backend\src\error\TypeORMError.ts:7:9)
    at new RepositoryNotFoundError (E:\info\js_selflearn\itechart\itechart-backend\src\error\RepositoryNotFoundError.ts:10:9)
    at EntityManager.getRepository (E:\info\js_selflearn\itechart\itechart-backend\src\entity-manager\EntityManager.ts:931:19)
    at Connection.getRepository (E:\info\js_selflearn\itechart\itechart-backend\src\connection\Connection.ts:339:29)
    at new LastRatingsTypeOrmRepository (E:\info\js_selflearn\itechart\itechart-backend\src\repository\last-ratings\LastRatingsTypeOrmRepository.ts:11:60)
    at Function.init (E:\info\js_selflearn\itechart\itechart-backend\src\repository\last-ratings\LastRatingsRepository.ts:11:23)
    at Function.<anonymous> (E:\info\js_selflearn\itechart\itechart-backend\src\connection\connection.ts:41:27)
    at Generator.next (<anonymous>)
    at fulfilled (E:\info\js_selflearn\itechart\itechart-backend\src\connection\connection.ts:5:58)
    at processTicksAndRejections (node:internal/process/task_queues:96:5)
2021-12-14 10:24:59 info: Server is running on http://localhost:3000
2021-12-14 10:28:51 info: Server is running on http://localhost:3000
2021-12-14 10:29:41 info: Server is running on http://localhost:3000
2021-12-14 10:30:25 info: Server is running on http://localhost:3000
2021-12-14 10:31:00 info: Server is running on http://localhost:3000
2021-12-14 10:31:08 info: Server is running on http://localhost:3000
2021-12-14 10:33:21 info: Server is running on http://localhost:3000
2021-12-14 10:34:02 info: Server is running on http://localhost:3000
2021-12-14 10:35:29 info: Server is running on http://localhost:3000
2021-12-14 10:36:52 info: Server is running on http://localhost:3000
2021-12-14 10:37:46 info: Server is running on http://localhost:3000
2021-12-14 10:38:32 info: Server is running on http://localhost:3000
2021-12-14 10:39:30 info: Server is running on http://localhost:3000
2021-12-14 10:40:17 info: Server is running on http://localhost:3000
2021-12-14 10:40:36 info: Server is running on http://localhost:3000
2021-12-14 10:40:51 info: Server is running on http://localhost:3000
2021-12-14 10:41:18 info: Server is running on http://localhost:3000
2021-12-14 10:41:39 info: Server is running on http://localhost:3000
2021-12-14 10:41:52 info: Server is running on http://localhost:3000
2021-12-14 10:42:04 info: Server is running on http://localhost:3000
2021-12-14 10:45:17 info: Server is running on http://localhost:3000
2021-12-14 10:45:22 info: Server is running on http://localhost:3000
2021-12-14 11:01:27 error: Error: тип Unable to compile TypeScript:
[96msrc/repository/last-ratings/LastRatingsTypeOrmRepository.ts[0m:[93m18[0m:[93m3[0m - [91merror[0m[90m TS2304: [0mCannot find name 'async'.

[7m18[0m   async add(product: string, user: string, rating: number, comment?: string) {
[7m  [0m [91m  ~~~~~[0m
[96msrc/repository/last-ratings/LastRatingsTypeOrmRepository.ts[0m:[93m18[0m:[93m9[0m - [91merror[0m[90m TS2304: [0mCannot find name 'add'.

[7m18[0m   async add(product: string, user: string, rating: number, comment?: string) {
[7m  [0m [91m        ~~~[0m
[96msrc/repository/last-ratings/LastRatingsTypeOrmRepository.ts[0m:[93m18[0m:[93m13[0m - [91merror[0m[90m TS2304: [0mCannot find name 'product'.

[7m18[0m   async add(product: string, user: string, rating: number, comment?: string) {
[7m  [0m [91m            ~~~~~~~[0m
[96msrc/repository/last-ratings/LastRatingsTypeOrmRepository.ts[0m:[93m18[0m:[93m22[0m - [91merror[0m[90m TS2693: [0m'string' only refers to a type, but is being used as a value here.

[7m18[0m   async add(product: string, user: string, rating: number, comment?: string) {
[7m  [0m [91m                     ~~~~~~[0m
[96msrc/repository/last-ratings/LastRatingsTypeOrmRepository.ts[0m:[93m18[0m:[93m30[0m - [91merror[0m[90m TS2304: [0mCannot find name 'user'.

[7m18[0m   async add(product: string, user: string, rating: number, comment?: string) {
[7m  [0m [91m                             ~~~~[0m
[96msrc/repository/last-ratings/LastRatingsTypeOrmRepository.ts[0m:[93m18[0m:[93m36[0m - [91merror[0m[90m TS2693: [0m'string' only refers to a type, but is being used as a value here.

[7m18[0m   async add(product: string, user: string, rating: number, comment?: string) {
[7m  [0m [91m                                   ~~~~~~[0m
[96msrc/repository/last-ratings/LastRatingsTypeOrmRepository.ts[0m:[93m18[0m:[93m44[0m - [91merror[0m[90m TS2304: [0mCannot find name 'rating'.

[7m18[0m   async add(product: string, user: string, rating: number, comment?: string) {
[7m  [0m [91m                                           ~~~~~~[0m
[96msrc/repository/last-ratings/LastRatingsTypeOrmRepository.ts[0m:[93m18[0m:[93m52[0m - [91merror[0m[90m TS2693: [0m'number' only refers to a type, but is being used as a value here.

[7m18[0m   async add(product: string, user: string, rating: number, comment?: string) {
[7m  [0m [91m                                                   ~~~~~~[0m
[96msrc/repository/last-ratings/LastRatingsTypeOrmRepository.ts[0m:[93m18[0m:[93m60[0m - [91merror[0m[90m TS2552: [0mCannot find name 'comment'. Did you mean 'Comment'?

[7m18[0m   async add(product: string, user: string, rating: number, comment?: string) {
[7m  [0m [91m                                                           ~~~~~~~[0m

  [96mnode_modules/typescript/lib/lib.dom.d.ts[0m:[93m3571[0m:[93m13[0m
    [7m3571[0m declare var Comment: {
    [7m    [0m [96m            ~~~~~~~[0m
    'Comment' is declared here.
[96msrc/repository/last-ratings/LastRatingsTypeOrmRepository.ts[0m:[93m18[0m:[93m70[0m - [91merror[0m[90m TS2693: [0m'string' only refers to a type, but is being used as a value here.

[7m18[0m   async add(product: string, user: string, rating: number, comment?: string) {
[7m  [0m [91m                                                                     ~~~~~~[0m
[96msrc/repository/last-ratings/LastRatingsTypeOrmRepository.ts[0m:[93m20[0m:[93m26[0m - [91merror[0m[90m TS2304: [0mCannot find name 'product'.

[7m20[0m     userRating.product = product;
[7m  [0m [91m                         ~~~~~~~[0m
[96msrc/repository/last-ratings/LastRatingsTypeOrmRepository.ts[0m:[93m21[0m:[93m23[0m - [91merror[0m[90m TS2304: [0mCannot find name 'user'.

[7m21[0m     userRating.user = user;
[7m  [0m [91m                      ~~~~[0m
[96msrc/repository/last-ratings/LastRatingsTypeOrmRepository.ts[0m:[93m22[0m:[93m25[0m - [91merror[0m[90m TS2304: [0mCannot find name 'rating'.

[7m22[0m     userRating.rating = rating;
[7m  [0m [91m                        ~~~~~~[0m
[96msrc/repository/last-ratings/LastRatingsTypeOrmRepository.ts[0m:[93m23[0m:[93m26[0m - [91merror[0m[90m TS2552: [0mCannot find name 'comment'. Did you mean 'Comment'?

[7m23[0m     userRating.comment = comment ?? '';
[7m  [0m [91m                         ~~~~~~~[0m

  [96mnode_modules/typescript/lib/lib.dom.d.ts[0m:[93m3571[0m:[93m13[0m
    [7m3571[0m declare var Comment: {
    [7m    [0m [96m            ~~~~~~~[0m
    'Comment' is declared here.
[96msrc/repository/last-ratings/LastRatingsTypeOrmRepository.ts[0m:[93m28[0m:[93m3[0m - [91merror[0m[90m TS2304: [0mCannot find name 'async'.

[7m28[0m   async update() {}
[7m  [0m [91m  ~~~~~[0m
[96msrc/repository/last-ratings/LastRatingsTypeOrmRepository.ts[0m:[93m28[0m:[93m9[0m - [91merror[0m[90m TS2304: [0mCannot find name 'update'.

[7m28[0m   async update() {}
[7m  [0m [91m        ~~~~~~[0m
[96msrc/repository/last-ratings/LastRatingsTypeOrmRepository.ts[0m:[93m15[0m:[93m8[0m - [91merror[0m[90m TS1003: [0mIdentifier expected.

[7m15[0m       .
[7m  [0m [91m       [0m
[96msrc/repository/last-ratings/LastRatingsTypeOrmRepository.ts[0m:[93m18[0m:[93m3[0m - [91merror[0m[90m TS1434: [0mUnexpected keyword or identifier.

[7m18[0m   async add(product: string, user: string, rating: number, comment?: string) {
[7m  [0m [91m  ~~~~~[0m
[96msrc/repository/last-ratings/LastRatingsTypeOrmRepository.ts[0m:[93m18[0m:[93m20[0m - [91merror[0m[90m TS1005: [0m',' expected.

[7m18[0m   async add(product: string, user: string, rating: number, comment?: string) {
[7m  [0m [91m                   ~[0m
[96msrc/repository/last-ratings/LastRatingsTypeOrmRepository.ts[0m:[93m18[0m:[93m34[0m - [91merror[0m[90m TS1005: [0m',' expected.

[7m18[0m   async add(product: string, user: string, rating: number, comment?: string) {
[7m  [0m [91m                                 ~[0m
[96msrc/repository/last-ratings/LastRatingsTypeOrmRepository.ts[0m:[93m18[0m:[93m50[0m - [91merror[0m[90m TS1005: [0m',' expected.

[7m18[0m   async add(product: string, user: string, rating: number, comment?: string) {
[7m  [0m [91m                                                 ~[0m
[96msrc/repository/last-ratings/LastRatingsTypeOrmRepository.ts[0m:[93m18[0m:[93m68[0m - [91merror[0m[90m TS1109: [0mExpression expected.

[7m18[0m   async add(product: string, user: string, rating: number, comment?: string) {
[7m  [0m [91m                                                                   ~[0m
[96msrc/repository/last-ratings/LastRatingsTypeOrmRepository.ts[0m:[93m18[0m:[93m78[0m - [91merror[0m[90m TS1005: [0m';' expected.

[7m18[0m   async add(product: string, user: string, rating: number, comment?: string) {
[7m  [0m [91m                                                                             ~[0m
[96msrc/repository/last-ratings/LastRatingsTypeOrmRepository.ts[0m:[93m28[0m:[93m3[0m - [91merror[0m[90m TS1434: [0mUnexpected keyword or identifier.

[7m28[0m   async update() {}
[7m  [0m [91m  ~~~~~[0m
[96msrc/repository/last-ratings/LastRatingsTypeOrmRepository.ts[0m:[93m28[0m:[93m18[0m - [91merror[0m[90m TS1005: [0m';' expected.

[7m28[0m   async update() {}
[7m  [0m [91m                 ~[0m
[96msrc/repository/last-ratings/LastRatingsTypeOrmRepository.ts[0m:[93m30[0m:[93m1[0m - [91merror[0m[90m TS1005: [0m'}' expected.

[7m30[0m 
[7m  [0m [91m[0m

    at Object.<anonymous> (E:\info\js_selflearn\itechart\itechart-backend\src\repository\last-ratings\LastRatingsTypeOrmRepository.ts:1:7)
    at Module._compile (node:internal/modules/cjs/loader:1101:14)
    at Module._compile (E:\info\js_selflearn\itechart\itechart-backend\node_modules\source-map-support\source-map-support.js:568:25)
    at Module.m._compile (C:\Users\VLAD\AppData\Local\Temp\ts-node-dev-hook-2138204185595316.js:69:33)
    at Module._extensions..js (node:internal/modules/cjs/loader:1153:10)
    at require.extensions..jsx.require.extensions..js (C:\Users\VLAD\AppData\Local\Temp\ts-node-dev-hook-2138204185595316.js:114:20)
    at require.extensions.<computed> (C:\Users\VLAD\AppData\Local\Temp\ts-node-dev-hook-2138204185595316.js:71:20)
    at Object.nodeDevHook [as .ts] (E:\info\js_selflearn\itechart\itechart-backend\node_modules\ts-node-dev\lib\hook.js:63:13)
    at Module.load (node:internal/modules/cjs/loader:981:32)
    at Function.Module._load (node:internal/modules/cjs/loader:822:12)
2021-12-14 11:02:58 info: Server is running on http://localhost:3000
2021-12-14 11:04:01 info: Server is running on http://localhost:3000
2021-12-14 11:04:28 info: Server is running on http://localhost:3000
2021-12-14 11:09:43 info: Server is running on http://localhost:3000
2021-12-14 11:10:06 info: Server is running on http://localhost:3000
2021-12-14 11:10:46 info: Server is running on http://localhost:3000
2021-12-14 11:11:01 info: Server is running on http://localhost:3000
2021-12-14 11:11:43 info: Server is running on http://localhost:3000
2021-12-14 11:12:05 info: Server is running on http://localhost:3000
2021-12-14 11:14:22 info: Server is running on http://localhost:3000
2021-12-14 11:15:30 info: Server is running on http://localhost:3000
2021-12-14 11:16:33 info: Server is running on http://localhost:3000
2021-12-14 11:17:40 info: Server is running on http://localhost:3000
2021-12-14 11:17:57 info: Server is running on http://localhost:3000
2021-12-14 11:18:49 info: Server is running on http://localhost:3000
2021-12-14 11:20:04 info: Server is running on http://localhost:3000
2021-12-14 11:20:14 info: Server is running on http://localhost:3000
2021-12-14 11:20:32 info: Server is running on http://localhost:3000
2021-12-14 11:20:39 info: Server is running on http://localhost:3000
2021-12-14 11:21:08 info: Server is running on http://localhost:3000
2021-12-14 11:21:15 info: Server is running on http://localhost:3000
2021-12-14 11:21:48 info: Server is running on http://localhost:3000
2021-12-14 11:22:07 info: Server is running on http://localhost:3000
2021-12-14 11:22:35 info: Server is running on http://localhost:3000
2021-12-14 11:24:07 info: Server is running on http://localhost:3000
2021-12-14 11:34:02 info: Server is running on http://localhost:3000
2021-12-14 18:44:23 info: Server is running on http://localhost:3000
2021-12-14 18:58:22 info: Server is running on http://localhost:3000
2021-12-14 18:59:36 info: Server is running on http://localhost:3000
2021-12-14 19:14:29 info: Server is running on http://localhost:3000
2021-12-14 19:16:21 info: Server is running on http://localhost:3000
2021-12-14 19:30:18 info: Server is running on http://localhost:3000
2021-12-14 19:45:03 info: Server is running on http://localhost:3000
2021-12-14 19:45:45 error: Error: тип Unable to compile TypeScript:
[96msrc/web-socket.ts[0m:[93m13[0m:[93m13[0m - [91merror[0m[90m TS2304: [0mCannot find name 'data'.

[7m13[0m     ws.send(data)
[7m  [0m [91m            ~~~~[0m

    at Object.<anonymous> (E:\info\js_selflearn\itechart\itechart-backend\src\web-socket.ts:1:7)
    at Module._compile (node:internal/modules/cjs/loader:1101:14)
    at Module._compile (E:\info\js_selflearn\itechart\itechart-backend\node_modules\source-map-support\source-map-support.js:568:25)
    at Module.m._compile (C:\Users\VLAD\AppData\Local\Temp\ts-node-dev-hook-6071792095602966.js:69:33)
    at Module._extensions..js (node:internal/modules/cjs/loader:1153:10)
    at require.extensions..jsx.require.extensions..js (C:\Users\VLAD\AppData\Local\Temp\ts-node-dev-hook-6071792095602966.js:114:20)
    at require.extensions.<computed> (C:\Users\VLAD\AppData\Local\Temp\ts-node-dev-hook-6071792095602966.js:71:20)
    at Object.nodeDevHook [as .ts] (E:\info\js_selflearn\itechart\itechart-backend\node_modules\ts-node-dev\lib\hook.js:63:13)
    at Module.load (node:internal/modules/cjs/loader:981:32)
    at Function.Module._load (node:internal/modules/cjs/loader:822:12)
2021-12-14 19:46:41 info: Server is running on http://localhost:3000
2021-12-14 19:52:42 info: Server is running on http://localhost:3000
2021-12-14 19:58:31 info: Server is running on http://localhost:3000
2021-12-14 19:58:49 info: Server is running on http://localhost:3000
2021-12-14 19:59:28 info: Server is running on http://localhost:3000
2021-12-14 19:59:36 error: TypeError: web_socket_1.wsServer.send is not a function
    at E:\info\js_selflearn\itechart\itechart-backend\src\routes\last-ratings.ts:9:12
    at Generator.next (<anonymous>)
    at fulfilled (E:\info\js_selflearn\itechart\itechart-backend\src\routes\last-ratings.ts:5:58)
    at processTicksAndRejections (node:internal/process/task_queues:96:5)
2021-12-14 20:00:35 info: Server is running on http://localhost:3000
2021-12-14 20:00:41 info: Server is running on http://localhost:3000
2021-12-14 20:00:53 info: Server is running on http://localhost:3000
2021-12-14 20:01:39 info: Server is running on http://localhost:3000
2021-12-14 20:02:35 info: Server is running on http://localhost:3000
2021-12-14 20:04:10 info: Server is running on http://localhost:3000
2021-12-14 20:04:57 info: Server is running on http://localhost:3000
2021-12-14 20:05:09 info: Server is running on http://localhost:3000
2021-12-14 20:06:29 info: Server is running on http://localhost:3000
2021-12-14 20:08:29 info: Server is running on http://localhost:3000
2021-12-14 20:09:02 info: Server is running on http://localhost:3000
2021-12-14 20:09:23 info: Server is running on http://localhost:3000
2021-12-14 20:10:29 info: Server is running on http://localhost:3000
2021-12-14 20:26:27 info: Server is running on http://localhost:3000
2021-12-14 20:31:05 info: Server is running on http://localhost:3000
2021-12-14 20:37:03 info: Server is running on http://localhost:3000
2021-12-14 20:37:47 info: Server is running on http://localhost:3000
2021-12-14 20:42:21 info: Server is running on http://localhost:3000
2021-12-14 20:43:05 info: Server is running on http://localhost:3000
2021-12-14 20:44:06 info: Server is running on http://localhost:3000
2021-12-14 20:47:30 info: Server is running on http://localhost:3000
2021-12-14 20:51:56 error: Error: Could not find source file: 'E:/info/js_selflearn/itechart/itechart-backend/src/routes/last-ratings.ts'.
    at Object.<anonymous> (E:\info\js_selflearn\itechart\itechart-backend\src\routes\last-ratings.ts:1:7)
    at Module._compile (node:internal/modules/cjs/loader:1101:14)
    at Module._compile (E:\info\js_selflearn\itechart\itechart-backend\node_modules\source-map-support\source-map-support.js:568:25)
    at Module.m._compile (C:\Users\VLAD\AppData\Local\Temp\ts-node-dev-hook-6071792095602966.js:69:33)
    at Module._extensions..js (node:internal/modules/cjs/loader:1153:10)
    at require.extensions..jsx.require.extensions..js (C:\Users\VLAD\AppData\Local\Temp\ts-node-dev-hook-6071792095602966.js:114:20)
    at require.extensions.<computed> (C:\Users\VLAD\AppData\Local\Temp\ts-node-dev-hook-6071792095602966.js:71:20)
    at Object.nodeDevHook [as .ts] (E:\info\js_selflearn\itechart\itechart-backend\node_modules\ts-node-dev\lib\hook.js:63:13)
    at Module.load (node:internal/modules/cjs/loader:981:32)
    at Function.Module._load (node:internal/modules/cjs/loader:822:12)
2021-12-14 20:52:46 info: Server is running on http://localhost:3000
2021-12-14 20:53:36 info: Server is running on http://localhost:3000
2021-12-14 20:54:28 info: Server is running on http://localhost:3000
2021-12-14 20:55:46 info: Server is running on http://localhost:3000
2021-12-14 20:57:06 info: Server is running on http://localhost:3000
2021-12-14 20:57:28 info: Server is running on http://localhost:3000
2021-12-14 20:59:58 info: Server is running on http://localhost:3000
2021-12-14 21:00:40 info: Server is running on http://localhost:3000
2021-12-14 21:00:47 info: Server is running on http://localhost:3000
2021-12-14 21:01:56 info: Server is running on http://localhost:3000
2021-12-14 21:02:32 info: Server is running on http://localhost:3000
2021-12-14 21:02:45 info: Server is running on http://localhost:3000
2021-12-14 21:03:07 info: Server is running on http://localhost:3000
2021-12-14 21:03:13 info: Server is running on http://localhost:3000
2021-12-14 21:03:51 info: Server is running on http://localhost:3000
2021-12-14 21:07:28 info: Server is running on http://localhost:3000
2021-12-14 21:09:18 info: Server is running on http://localhost:3000
2021-12-14 21:10:12 info: Server is running on http://localhost:3000
2021-12-14 21:12:08 info: Server is running on http://localhost:3000
2021-12-14 21:17:06 info: Server is running on http://localhost:3000
2021-12-16 16:14:49 info: Server is running on http://localhost:3000
2021-12-16 16:20:18 info: Server is running on http://localhost:3000
2021-12-16 16:27:05 info: Server is running on http://localhost:3000
2021-12-16 16:28:28 info: Server is running on http://localhost:3000 undefined
2021-12-16 16:29:22 error: MongooseError: The `uri` parameter to `openUri()` must be a string, got "undefined". Make sure the first parameter to `mongoose.connect()` or `mongoose.createConnection()` is a string.
    at NativeConnection.Object.<anonymous>.Connection.openUri (E:\info\js_selflearn\itechart\itechart-backend\node_modules\mongoose\lib\connection.js:684:11)
    at E:\info\js_selflearn\itechart\itechart-backend\node_modules\mongoose\lib\index.js:330:10
    at E:\info\js_selflearn\itechart\itechart-backend\node_modules\mongoose\lib\helpers\promiseOrCallback.js:32:5
    at new Promise (<anonymous>)
    at promiseOrCallback (E:\info\js_selflearn\itechart\itechart-backend\node_modules\mongoose\lib\helpers\promiseOrCallback.js:31:10)
    at Mongoose.Object.<anonymous>.Mongoose._promiseOrCallback (E:\info\js_selflearn\itechart\itechart-backend\node_modules\mongoose\lib\index.js:1151:10)
    at Mongoose.Object.<anonymous>.Mongoose.connect (E:\info\js_selflearn\itechart\itechart-backend\node_modules\mongoose\lib\index.js:329:20)
    at Function.<anonymous> (E:\info\js_selflearn\itechart\itechart-backend\src\connection\connection.ts:34:24)
    at Generator.next (<anonymous>)
    at E:\info\js_selflearn\itechart\itechart-backend\src\connection\connection.ts:8:71
2021-12-16 16:29:58 info: Server is running on http://localhost:3000 mongo
2021-12-16 16:31:20 info: Server is running on http://localhost:3000 mongo
2021-12-16 16:33:01 info: Server is running on http://localhost:3000 mongo
2021-12-16 16:34:38 info: Server is running on http://localhost:3000 mongo
2021-12-16 16:35:28 info: Server is running on http://localhost:3000 mongo
2021-12-16 16:37:13 info: Server is running on http://localhost:3000 mongo
2021-12-16 16:37:56 info: Server is running on http://localhost:3000 mongo
2021-12-16 16:38:27 info: Server is running on http://localhost:3000 mongo
2021-12-16 16:39:54 info: Server is running on http://localhost:3000 mongo
2021-12-16 16:40:24 info: Server is running on http://localhost:3000 mongo
2021-12-16 16:43:18 info: Server is running on http://localhost:3000
2021-12-16 16:45:30 info: Server is running on http://localhost:3000
2021-12-16 16:46:58 info: Server is running on http://localhost:3000
2021-12-16 16:50:59 info: Server is running on http://localhost:3000
2021-12-16 16:54:28 info: Server is running on http://localhost:3000
2021-12-16 16:56:36 info: Server is running on http://localhost:3000
2021-12-16 16:58:48 info: Server is running on http://localhost:3000
2021-12-16 16:59:45 info: Server is running on http://localhost:3000
2021-12-16 17:00:07 info: Server is running on http://localhost:3000
2021-12-16 17:00:21 info: Server is running on http://localhost:3000
2021-12-16 17:26:51 info: Server is running on http://localhost:3000
2021-12-16 17:27:42 info: Server is running on http://localhost:3000
2021-12-16 17:30:36 info: Server is running on http://localhost:3000
2021-12-16 17:31:11 info: Server is running on http://localhost:3000
2021-12-16 17:32:08 info: Server is running on http://localhost:3000
2021-12-16 17:33:22 info: Server is running on http://localhost:3000
2021-12-16 17:36:16 info: Server is running on http://localhost:3000
2021-12-16 17:37:01 info: Server is running on http://localhost:3000
2021-12-16 17:39:25 info: Server is running on http://localhost:3000
2021-12-16 17:40:24 info: Server is running on http://localhost:3000
2021-12-16 17:40:50 error: User exists
2021-12-16 17:41:51 info: Server is running on http://localhost:3000
2021-12-18 19:28:18 info: Server is running on http://localhost:3000
2021-12-20 11:25:03 info: Server is running on http://localhost:3000
2021-12-21 19:27:01 info: Server is running on http://localhost:3000
2021-12-22 11:58:43 error: TypeError: Cannot read property 'getRepository' of undefined
    at new ProductTypeOrmRepository (E:\info\js_selflearn\itechart\itechart-backend\src\repository\product\ProductTypeOrmRepository.ts:14:59)
    at Function.init (E:\info\js_selflearn\itechart\itechart-backend\src\repository\product\ProductRepository.ts:20:23)
    at Function.<anonymous> (E:\info\js_selflearn\itechart\itechart-backend\src\connection\connection.ts:48:23)
    at Generator.next (<anonymous>)
    at fulfilled (E:\info\js_selflearn\itechart\itechart-backend\src\connection\connection.ts:5:58)
2021-12-22 11:59:56 info: Server is running on http://localhost:3000
2021-12-26 12:49:42 info: Server is running on http://localhost:3000
2021-12-26 12:52:05 error: TypeError: Cannot read property 'id' of null
    at OrderListTypeOrmRepository.<anonymous> (E:\info\js_selflearn\itechart\itechart-backend\src\repository\order-list\OrderListTypeOrmRepository.ts:22:88)
    at Generator.next (<anonymous>)
    at fulfilled (E:\info\js_selflearn\itechart\itechart-backend\src\repository\order-list\OrderListTypeOrmRepository.ts:5:58)
    at processTicksAndRejections (node:internal/process/task_queues:96:5)
2021-12-26 12:55:32 info: Server is running on http://localhost:3000
2021-12-26 12:55:40 error: TypeError: Cannot read property 'id' of null
    at OrderListTypeOrmRepository.<anonymous> (E:\info\js_selflearn\itechart\itechart-backend\src\repository\order-list\OrderListTypeOrmRepository.ts:22:88)
    at Generator.next (<anonymous>)
    at fulfilled (E:\info\js_selflearn\itechart\itechart-backend\src\repository\order-list\OrderListTypeOrmRepository.ts:5:58)
    at processTicksAndRejections (node:internal/process/task_queues:96:5)
2021-12-26 12:57:07 info: Server is running on http://localhost:3000
2021-12-26 12:58:17 info: Server is running on http://localhost:3000
2021-12-26 12:58:29 error: TypeError: Cannot read property 'id' of null
    at OrderListTypeOrmRepository.<anonymous> (E:\info\js_selflearn\itechart\itechart-backend\src\repository\order-list\OrderListTypeOrmRepository.ts:22:88)
    at Generator.next (<anonymous>)
    at fulfilled (E:\info\js_selflearn\itechart\itechart-backend\src\repository\order-list\OrderListTypeOrmRepository.ts:5:58)
    at processTicksAndRejections (node:internal/process/task_queues:96:5)
2021-12-26 12:58:51 info: Server is running on http://localhost:3000
2021-12-26 12:59:00 error: TypeError: Cannot read property 'id' of null
    at OrderListTypeOrmRepository.<anonymous> (E:\info\js_selflearn\itechart\itechart-backend\src\repository\order-list\OrderListTypeOrmRepository.ts:22:87)
    at Generator.next (<anonymous>)
    at fulfilled (E:\info\js_selflearn\itechart\itechart-backend\src\repository\order-list\OrderListTypeOrmRepository.ts:5:58)
    at processTicksAndRejections (node:internal/process/task_queues:96:5)
2021-12-26 13:03:09 info: Server is running on http://localhost:3000
2021-12-30 15:26:56 info: Server is running on http://localhost:3000
2021-12-30 15:28:23 info: Server is running on http://localhost:3000
2021-12-30 15:29:07 info: Server is running on http://localhost:3000
2021-12-31 10:53:05 info: Server is running on http://localhost:3000
